Training with sequence length 2.
385880.218750
142441.359375
100649.679688
84415.640625
75705.781250
75515.578125
73147.382812
71744.257812
71551.562500
73663.789062
71266.562500
72183.460938
73200.062500
73293.718750
71158.335938
71537.656250
71086.140625
74038.507812
69190.500000
71005.171875
69773.109375
74557.109375
68784.546875
67687.203125
69351.078125
67892.562500
68953.617188
69462.265625
69060.109375
69002.000000
69853.570312
69368.859375
68225.359375
66454.953125
66398.679688
67194.515625
68047.664062
67464.703125
68651.734375
70282.484375
67397.046875
66853.343750
67106.320312
68510.632812
70830.640625
68575.031250
67119.320312
70623.429688
70285.195312
67979.906250
66104.031250
70283.414062
72296.695312
70113.367188
62901.820312
67136.218750
66091.781250
69420.335938
69462.703125
67101.343750
65942.273438
69530.062500
68910.484375
69465.148438
69080.929688
68364.804688
69214.539062
68904.132812
68262.843750
65844.109375
68001.531250
65340.234375
70656.242188
68700.343750
68218.953125
66570.453125
66907.281250
66413.093750
66607.015625
69390.757812
66838.421875
67904.328125
66840.007812
65493.437500
67793.218750
67522.765625
67866.890625
69296.273438
65622.804688
71139.523438
67599.289062
69201.171875
70180.781250
67301.328125
66125.351562
64730.449219
68324.265625
71150.398438
66735.585938
66817.812500
70916.359375
69095.859375
65774.187500
64188.917969
68917.640625
65097.921875
68446.078125
67965.640625
68313.976562
68793.171875
65284.062500
68087.804688
65143.234375
68439.484375
69904.289062
65499.164062
67637.132812
69726.812500
68354.625000
68887.304688
67666.929688
66928.187500
70260.156250
68932.156250
66812.585938
64929.710938
68764.921875
67349.210938
71013.351562
66859.875000
66402.062500
67092.937500
66856.312500
66347.507812
65721.593750
67934.859375
65907.703125
66524.242188
66271.031250
66673.617188
65829.210938
67119.390625
69787.710938
69168.242188
67192.468750
66770.929688
66256.218750
65870.992188
65108.445312
68827.953125
67902.218750
66196.937500
67014.671875
67656.304688
68374.617188
65958.343750
66268.562500
68773.406250
67189.789062
66905.757812
66238.812500
65518.511719
69318.625000
66678.265625
64901.281250
68347.656250
66460.484375
69255.484375
67419.718750
66478.406250
67400.242188
65326.621094
67700.875000
68777.437500
66631.148438
68610.867188
67300.835938
67383.140625
66269.710938
68224.960938
64961.894531
66606.914062
69074.500000
66863.296875
64662.574219
67501.976562
70636.039062
66232.546875
69288.460938
66113.929688
65364.695312
67226.234375
69895.375000
69391.390625
68209.562500
69660.750000
69414.281250
67561.031250
69209.304688
63961.566406
66722.609375
67344.000000
67837.554688
66841.078125
65977.671875
65337.156250
66358.437500
65498.531250
66990.960938
67711.945312
66358.859375
66965.734375
66482.656250
67944.515625
66784.562500
66205.171875
65666.492188
68291.859375
69213.585938
68618.093750
67404.281250
71894.882812
67599.757812
65823.320312
68142.046875
Training with sequence length 3.
120940.109375
114224.054688
115441.562500
110174.906250
116937.500000
115727.867188
116824.140625
115274.671875
116203.914062
115937.921875
111794.562500
109703.101562
115823.078125
114756.718750
112843.117188
115318.359375
116264.687500
112476.656250
116657.578125
115360.632812
111193.773438
113130.312500
111519.968750
110198.875000
117722.546875
115949.585938
110065.453125
112390.179688
112281.984375
111673.234375
113643.281250
118030.765625
119732.507812
114672.265625
109282.312500
112783.617188
110808.093750
115769.007812
108195.601562
118704.640625
113200.320312
112877.437500
113026.875000
116979.179688
117229.609375
110192.453125
112737.882812
116396.843750
116448.078125
114120.281250
111327.656250
113014.328125
111946.031250
109263.562500
115956.210938
114028.867188
111111.687500
114146.562500
114978.656250
113802.828125
116704.078125
113159.226562
111407.250000
113680.617188
109301.710938
112394.375000
111473.562500
109393.804688
110120.718750
115203.234375
111158.031250
119350.804688
119493.062500
111198.820312
111978.437500
112698.937500
117933.304688
117828.132812
109769.109375
118602.921875
113035.507812
110339.875000
111344.812500
114885.109375
112817.390625
114009.765625
111971.156250
112834.812500
107466.000000
117674.289062
110370.187500
115536.117188
104532.734375
113212.304688
111396.882812
113327.906250
110227.218750
109066.671875
111846.781250
115986.343750
106732.164062
111955.710938
115120.703125
114693.507812
115869.843750
113382.820312
112688.250000
119154.960938
110853.000000
113152.179688
108416.250000
114036.820312
110068.351562
112834.335938
104348.335938
110725.851562
113577.570312
105037.562500
114010.054688
112850.835938
115488.187500
113990.562500
118338.796875
107781.289062
118958.140625
115553.570312
111326.617188
111079.523438
108076.328125
110796.203125
106932.875000
109027.515625
113661.031250
109901.742188
112389.406250
111664.742188
115077.281250
112325.109375
115078.851562
112525.437500
113803.234375
114153.421875
111929.101562
117719.734375
115216.312500
116074.531250
118320.203125
108421.437500
115133.718750
112172.796875
120355.484375
117337.578125
113390.265625
108605.390625
113657.265625
120803.054688
110181.000000
115704.406250
110434.843750
115847.812500
106271.000000
115237.062500
111463.046875
107343.632812
113802.093750
112690.421875
113426.765625
107698.265625
111723.734375
109602.812500
113595.851562
113770.515625
119802.273438
111048.296875
115961.531250
108802.765625
112319.101562
110966.890625
114035.015625
115876.203125
114802.093750
111682.210938
113905.968750
111591.828125
112409.656250
108230.515625
119114.218750
114824.390625
113053.000000
114335.921875
109471.531250
116155.304688
109405.289062
112102.296875
116849.210938
109937.156250
109350.406250
Training with sequence length 4.
159358.125000
165876.390625
158512.546875
159167.828125
160144.250000
156479.984375
154097.625000
156802.718750
161634.796875
160273.062500
161145.640625
159086.296875
163078.765625
159910.140625
153929.531250
160275.468750
157903.281250
151891.562500
165730.218750
155450.281250
161689.625000
154368.906250
159070.796875
160972.281250
159043.171875
154476.750000
158966.312500
154964.875000
150439.515625
159895.531250
155761.328125
159701.234375
156974.531250
158457.687500
158846.843750
156705.406250
166565.281250
158893.750000
162278.375000
159851.609375
158787.031250
160403.968750
162440.781250
152870.187500
162714.671875
164399.109375
156974.468750
159809.562500
157825.968750
159816.968750
158514.328125
159788.500000
157882.281250
155480.625000
158337.156250
162031.000000
157763.000000
157900.437500
159375.156250
160890.796875
162262.312500
158485.406250
163041.062500
161834.343750
156943.718750
161013.390625
154312.015625
154209.109375
159171.296875
160157.234375
163814.500000
158100.000000
154457.093750
161566.812500
158443.296875
155681.484375
155652.281250
156238.453125
162058.312500
153747.218750
156094.562500
162333.468750
160511.593750
162703.562500
159412.890625
161519.359375
158390.875000
151995.468750
156128.640625
153904.703125
160319.750000
155544.843750
154147.656250
158161.406250
156742.171875
151702.281250
154588.843750
165424.250000
165535.515625
163699.875000
156656.937500
155628.406250
161250.593750
161120.234375
159763.500000
158673.187500
162495.343750
156979.531250
156249.421875
158612.609375
158687.750000
157125.109375
161221.406250
156212.437500
156264.093750
152739.156250
155833.312500
160309.093750
155863.375000
160952.437500
158844.484375
154457.625000
159308.625000
157037.812500
152178.718750
151312.125000
161008.312500
153159.390625
159326.171875
156145.203125
156644.062500
162322.125000
158607.687500
156817.187500
160544.375000
156205.859375
157194.125000
152964.921875
152137.031250
165335.812500
159588.703125
159278.093750
151535.187500
159511.484375
161554.031250
156405.343750
161399.687500
159249.375000
159532.000000
159417.468750
165321.406250
158885.593750
154923.562500
152568.921875
159966.250000
166359.406250
155847.500000
152087.750000
157036.171875
161238.781250
158434.578125
169934.125000
162059.093750
161768.390625
159104.187500
161644.218750
153207.312500
155282.046875
155094.500000
Training with sequence length 5.
203127.562500
211501.250000
207529.468750
203106.968750
202135.375000
199175.437500
204872.281250
195783.109375
196161.812500
205299.046875
205515.640625
203925.531250
203998.000000
196422.078125
207920.781250
203149.453125
200594.250000
205640.218750
200029.500000
204731.921875
206195.890625
205597.093750
207271.500000
210427.437500
207831.093750
194987.093750
211093.703125
195110.406250
204965.250000
205371.656250
206965.562500
210186.859375
207317.078125
201902.421875
197320.968750
205264.531250
198668.765625
208093.500000
209344.531250
208683.859375
201577.984375
199408.062500
201061.796875
202185.265625
201872.625000
206123.156250
198593.906250
207671.578125
199963.718750
205407.734375
208208.781250
198741.125000
207866.156250
204645.203125
209483.515625
194692.718750
204036.125000
203687.843750
203180.625000
199657.062500
209132.906250
205991.000000
204748.015625
193666.625000
210630.312500
209323.906250
203851.765625
205360.687500
206204.781250
207125.390625
199161.843750
208511.421875
209721.937500
201837.671875
203917.078125
199231.046875
208561.375000
200380.390625
203744.281250
201973.468750
207259.390625
195408.484375
206184.390625
205970.140625
207133.234375
209727.062500
204039.687500
204613.671875
207780.093750
205029.937500
200832.343750
198517.296875
205069.656250
211808.281250
205942.562500
202491.031250
206611.531250
209513.656250
205068.875000
204742.343750
196467.281250
207638.812500
209773.031250
206555.187500
199494.000000
206686.281250
198096.437500
198166.734375
202548.468750
200538.468750
205157.343750
208688.437500
199480.328125
203740.859375
204958.203125
202190.562500
205767.093750
203350.843750
205436.156250
202374.906250
205194.406250
207952.250000
196658.500000
203222.593750
204071.093750
207758.312500
204425.531250
200097.718750
212296.921875
197288.359375
206207.843750
199101.421875
204135.843750
202405.578125
196729.578125
195038.343750
201516.468750
202255.562500
201367.781250
206833.062500
194738.406250
Training with sequence length 6.
234879.843750
253378.781250
244840.328125
243606.515625
250251.562500
241757.531250
245518.875000
252655.718750
251540.171875
239231.875000
239149.687500
242937.312500
241360.796875
248395.406250
243460.437500
243439.468750
235190.484375
242975.937500
249564.906250
243875.968750
243018.093750
254614.781250
248345.453125
242403.375000
244812.968750
247925.640625
248750.906250
250057.281250
241756.281250
255363.140625
236089.968750
242812.890625
247485.046875
248328.843750
252294.765625
247499.843750
249980.718750
241467.500000
254498.218750
240764.093750
246012.875000
237845.687500
244390.218750
244529.093750
255707.125000
251287.875000
245500.015625
247003.843750
244442.656250
249778.093750
256048.625000
246922.281250
253156.218750
252528.578125
248216.125000
249193.828125
238377.343750
243520.656250
247686.281250
238896.906250
246821.375000
248250.375000
258301.218750
238679.468750
244392.281250
244714.578125
249608.406250
254255.500000
247335.906250
246028.718750
247496.906250
243224.437500
236939.375000
240177.640625
243065.984375
256490.281250
238700.718750
243796.890625
243074.921875
244596.453125
237100.656250
233703.312500
251192.718750
242169.968750
244158.921875
241376.328125
242898.156250
249370.859375
244333.671875
249059.343750
240120.500000
249717.781250
246752.937500
250137.875000
239857.843750
258568.187500
250701.406250
245948.562500
256126.968750
246191.250000
251014.796875
244974.875000
254440.906250
256580.546875
233560.046875
248039.187500
241314.656250
250095.937500
244389.906250
259333.375000
235294.328125
257392.562500
248391.515625
Training with sequence length 7.
295182.312500
290164.062500
281312.812500
291090.625000
280327.906250
296936.187500
290916.437500
284303.625000
287999.375000
292016.093750
288491.156250
293174.093750
284216.656250
282718.656250
296998.437500
276714.718750
283623.250000
298116.750000
281334.375000
285783.500000
291609.781250
287847.000000
290654.500000
283453.031250
296782.437500
283950.812500
275445.468750
292691.593750
287938.062500
294521.375000
303682.093750
288358.218750
298164.718750
287439.000000
289281.468750
289420.593750
280819.687500
303116.718750
288419.062500
291447.906250
293792.812500
292009.000000
285671.187500
279772.875000
278888.125000
287191.625000
282430.625000
290729.906250
292730.718750
293051.000000
283135.375000
284653.281250
289318.875000
302173.437500
291574.437500
293134.750000
285695.062500
281785.937500
295205.312500
281762.843750
286720.187500
294389.562500
293227.906250
286416.750000
281342.593750
287386.625000
289069.031250
304780.562500
287529.625000
288614.312500
287437.593750
290879.968750
285788.312500
278508.250000
297063.250000
289675.000000
289952.937500
291335.437500
282127.843750
292256.000000
279833.125000
289725.062500
293350.937500
288872.093750
287368.062500
Training with sequence length 8.
330251.437500
327866.250000
332738.062500
319149.062500
332162.250000
345531.250000
326967.125000
330436.625000
339363.937500
331204.875000
336823.656250
330423.468750
332168.437500
341444.500000
326893.000000
334297.437500
333039.875000
313595.312500
323663.875000
328279.187500
329045.750000
330540.593750
321186.000000
334095.468750
321444.906250
325488.687500
342879.750000
305394.468750
330978.718750
323895.031250
317318.593750
334908.687500
323634.687500
321790.000000
333340.375000
347023.937500
328584.781250
322950.187500
334133.218750
319505.000000
344477.656250
330983.968750
316242.750000
326323.468750
327512.593750
323277.750000
336166.687500
335097.093750
321519.343750
338625.375000
316361.437500
334597.687500
329655.906250
328370.625000
326554.281250
323499.187500
325367.875000
