Training with sequence length 2.
380079.812500
127411.000000
92879.812500
80691.781250
73695.601562
73119.304688
61789.773438
57934.796875
56649.167969
56232.210938
53161.382812
51933.359375
50587.125000
53092.531250
50299.179688
50169.597656
51987.093750
49396.394531
47984.906250
48393.687500
50321.062500
48406.476562
49796.472656
47691.148438
48563.949219
49357.507812
47244.140625
47324.421875
47710.882812
47469.335938
46820.359375
46491.363281
47561.367188
48558.191406
47464.007812
45805.582031
46201.679688
45465.242188
45166.937500
47238.050781
44963.597656
46788.726562
46986.894531
43561.007812
44414.867188
43409.859375
44386.636719
42914.886719
43583.097656
45481.117188
44425.015625
43630.796875
42131.437500
43815.648438
43463.601562
43459.250000
44701.343750
42179.664062
42690.296875
45157.750000
41469.484375
40296.035156
45576.812500
44220.554688
43769.679688
43864.468750
40629.726562
41800.203125
41718.609375
44134.496094
42840.218750
42163.031250
44387.453125
44200.535156
41642.113281
42591.382812
42032.984375
39875.949219
42566.726562
41598.917969
42778.617188
42096.656250
40663.253906
40484.226562
42257.156250
41282.343750
40262.472656
41362.632812
42091.222656
39929.058594
40448.179688
39211.722656
41744.242188
41221.125000
40224.433594
41441.722656
41357.398438
38806.187500
38456.914062
40503.804688
40257.250000
39954.285156
40283.687500
40750.250000
40571.660156
39378.312500
39430.492188
40755.453125
38993.960938
41694.421875
41327.964844
40497.945312
39853.789062
41038.945312
38735.578125
39153.617188
40377.726562
40449.359375
39574.246094
40611.367188
41128.136719
39510.351562
39358.617188
37624.105469
39666.179688
39217.882812
38460.312500
41034.550781
39435.218750
38373.601562
40069.148438
40585.597656
37482.304688
39116.203125
38765.390625
38479.406250
39639.351562
37652.726562
40229.484375
38644.050781
40251.515625
38865.937500
38772.679688
39194.519531
36949.070312
38540.117188
39825.125000
39117.609375
39905.093750
38816.023438
40550.976562
38885.945312
37182.914062
37926.097656
39677.101562
38068.875000
40345.566406
37994.453125
39743.242188
40368.710938
37641.617188
38341.101562
38315.101562
38050.054688
38453.968750
38813.304688
37740.066406
37244.972656
38916.191406
37802.285156
39987.171875
36534.289062
39534.234375
38685.859375
36412.265625
37013.390625
38210.164062
37767.656250
39785.453125
38744.773438
37395.402344
37917.343750
38354.660156
39670.886719
40465.218750
38529.656250
35697.175781
37557.289062
36969.230469
36698.132812
39847.785156
37605.402344
41656.332031
38904.953125
37932.820312
39719.101562
38697.007812
36960.429688
37779.742188
37291.035156
36252.656250
37828.695312
37853.515625
37405.890625
39169.601562
37215.804688
37576.078125
37404.410156
35470.085938
38486.304688
38465.437500
37878.316406
37074.949219
39100.390625
36226.000000
35685.000000
38984.304688
36476.023438
37442.652344
37280.914062
38535.507812
38125.105469
37649.621094
35921.429688
37240.851562
Training with sequence length 3.
76706.734375
80556.664062
77273.953125
74552.187500
73178.882812
64256.796875
67834.664062
63260.636719
65989.039062
66789.460938
64638.851562
59657.722656
63693.601562
60272.175781
61932.398438
62001.625000
60019.761719
61637.398438
59320.066406
60408.503906
60946.914062
62995.054688
62375.804688
59674.554688
60704.023438
59543.363281
58596.796875
60658.937500
58435.171875
60755.421875
59377.769531
58047.253906
59413.726562
58088.988281
60096.863281
59245.703125
56915.687500
59638.031250
58557.828125
57801.074219
59811.593750
57925.421875
59798.660156
58144.632812
58725.890625
58962.171875
55736.871094
57752.367188
57227.000000
55864.324219
57967.976562
59041.164062
55775.316406
58043.671875
56739.882812
59364.339844
57875.148438
59317.640625
57030.695312
54744.808594
55308.523438
59382.656250
61820.621094
56114.246094
57175.210938
57543.558594
58754.664062
57138.914062
59628.585938
54710.718750
56264.710938
55971.296875
54486.593750
57992.238281
54263.261719
57264.609375
57301.972656
56696.222656
57696.898438
57324.507812
57123.429688
55774.570312
55577.894531
56621.503906
58925.910156
57060.003906
54115.425781
52882.179688
56255.156250
54576.945312
56434.914062
55567.937500
55340.304688
53767.589844
54712.648438
56282.554688
57185.656250
57484.535156
54257.851562
57392.328125
55368.437500
53720.937500
55206.171875
56077.234375
59303.957031
55755.769531
55087.410156
55496.144531
53620.203125
53680.128906
53518.148438
55730.492188
53634.718750
51699.257812
54108.101562
55572.781250
56877.652344
53542.007812
54827.992188
52933.406250
55710.367188
56334.988281
54325.058594
56655.816406
55172.507812
56897.242188
56335.339844
51861.800781
53192.324219
58304.953125
54909.718750
54041.636719
55366.812500
55801.175781
55833.320312
53231.234375
52945.687500
57723.250000
54847.250000
54615.031250
55708.523438
54846.867188
54810.871094
53626.765625
53191.335938
53453.445312
52790.859375
54620.890625
55822.812500
55011.265625
56397.335938
55715.242188
56664.621094
56069.371094
56569.273438
56472.519531
54054.421875
55505.742188
56501.257812
52491.906250
55681.531250
55058.359375
53259.246094
54141.269531
52490.453125
53433.593750
54306.906250
53102.238281
55558.933594
54808.445312
54246.042969
56191.000000
54379.503906
52653.800781
49732.175781
54686.648438
55954.550781
52887.164062
53176.324219
54192.355469
52338.609375
55286.003906
51909.351562
52212.007812
53953.339844
56673.417969
53623.812500
53405.585938
52637.625000
53947.968750
53084.132812
55176.171875
53894.578125
53939.257812
53956.906250
53520.640625
54090.148438
Training with sequence length 4.
77911.312500
77092.578125
74517.726562
74798.554688
77786.328125
74342.093750
73152.468750
77991.609375
75043.921875
72984.703125
76018.257812
77651.640625
73957.062500
77701.726562
71624.203125
74946.500000
74425.640625
74700.593750
75737.468750
76906.781250
75125.820312
71521.937500
74407.835938
74224.351562
73669.156250
76737.328125
73351.492188
78226.453125
76489.937500
74418.195312
70421.953125
73904.562500
73518.515625
73602.507812
75288.671875
74864.656250
69159.929688
73415.156250
72025.906250
73547.539062
74874.257812
71762.921875
74098.476562
75123.039062
74539.210938
72361.859375
71985.960938
71590.937500
77081.054688
68276.015625
70646.070312
74125.453125
72930.218750
74771.601562
72017.296875
75038.812500
74677.992188
70496.468750
70729.343750
70730.523438
71658.281250
69616.164062
76440.656250
71929.367188
71135.859375
76355.421875
73607.406250
75135.546875
69621.695312
69848.328125
69167.539062
71216.921875
70606.968750
75530.125000
74842.562500
70135.687500
76169.281250
73855.015625
72992.718750
70389.468750
72801.445312
70165.765625
68301.171875
70196.796875
76086.796875
72794.843750
74484.796875
71485.773438
72325.726562
70365.250000
70867.507812
70343.171875
73843.804688
74406.859375
74940.914062
71766.375000
69656.781250
74167.000000
73961.296875
71273.453125
74080.046875
70217.125000
68358.492188
71222.734375
71306.382812
70951.625000
72745.078125
70000.781250
70246.093750
71268.601562
72061.726562
69119.703125
66829.296875
71688.210938
72141.687500
70477.062500
72463.281250
72271.289062
73986.109375
71145.867188
70740.625000
72366.789062
71081.390625
73187.734375
69519.468750
70024.703125
72754.648438
66158.296875
67957.210938
71680.351562
69988.773438
73803.062500
71170.000000
66992.406250
68435.296875
71052.265625
72027.132812
68451.500000
72017.593750
72997.171875
69904.015625
67585.664062
71664.671875
70250.343750
70700.718750
75202.593750
69258.304688
69583.062500
72211.789062
70383.578125
70665.304688
69169.820312
69348.750000
66645.734375
71543.851562
72657.656250
72713.585938
68981.156250
69952.343750
71103.125000
70595.812500
69732.984375
67382.921875
67493.093750
68404.046875
69572.945312
72309.531250
69120.039062
69014.765625
Training with sequence length 5.
89966.953125
93847.359375
88366.609375
90412.671875
89055.593750
89233.828125
90598.890625
89484.140625
93128.937500
91882.398438
85328.281250
86061.343750
87442.500000
90384.757812
89917.531250
93536.609375
89734.593750
91215.906250
92593.140625
90609.617188
89651.687500
89622.250000
95633.296875
90190.890625
91318.437500
88826.070312
91792.437500
88331.335938
88788.328125
92220.265625
93897.273438
95048.875000
96575.859375
95168.500000
90191.984375
87709.906250
84351.468750
87471.890625
90902.570312
91496.335938
94742.796875
93279.937500
91761.718750
89921.625000
90193.328125
89830.679688
88777.023438
90564.937500
88765.437500
91769.531250
86661.375000
86698.335938
89105.656250
87062.078125
91385.492188
88677.937500
85681.539062
89015.937500
88286.476562
88383.367188
82744.953125
85896.937500
89981.343750
86500.281250
92190.421875
91153.695312
91534.515625
90127.718750
88091.976562
92598.750000
91424.242188
84909.906250
88458.039062
85261.578125
85847.062500
85776.281250
88280.078125
85835.031250
89780.710938
90391.218750
90981.601562
87044.359375
91638.695312
85171.562500
86793.765625
86955.195312
87825.593750
86131.546875
83587.875000
91204.296875
86993.312500
85588.062500
84155.093750
86256.390625
86910.984375
85563.156250
87156.281250
89154.617188
92018.171875
85032.828125
89793.406250
86326.687500
86690.796875
90397.750000
82847.664062
86228.890625
87198.023438
83308.914062
87996.359375
86535.976562
89879.421875
86678.335938
86903.890625
87901.632812
87195.078125
87236.382812
86859.070312
85961.914062
86672.062500
84170.960938
86189.390625
86640.078125
88397.437500
86005.203125
82778.156250
84780.843750
87630.984375
83534.570312
86848.578125
88237.226562
90092.054688
88246.859375
88128.898438
85681.890625
84418.421875
84366.343750
84715.937500
89713.875000
85385.156250
86948.421875
88334.546875
Training with sequence length 6.
110014.906250
109649.375000
108184.437500
108391.125000
110253.492188
113887.062500
111645.765625
110190.531250
109965.640625
110293.265625
109253.117188
102500.109375
107329.828125
107022.765625
110403.406250
104808.656250
105841.578125
102234.695312
105887.210938
105244.664062
111391.492188
102868.281250
104350.226562
112145.468750
103050.062500
109354.070312
104769.796875
106504.531250
107472.601562
105701.632812
105115.789062
104502.648438
107350.750000
104596.859375
109688.781250
101778.734375
111509.570312
106286.257812
111913.281250
106382.906250
102116.250000
108718.062500
105396.703125
107855.328125
105906.562500
104940.828125
102973.609375
101247.570312
106257.289062
106167.937500
106277.593750
100792.546875
105080.015625
106977.765625
104249.101562
110405.218750
102837.953125
108967.750000
100010.859375
105043.718750
109017.421875
109462.851562
104857.406250
100246.000000
105714.656250
103402.914062
104265.859375
104834.625000
100816.546875
104467.703125
102384.992188
105643.562500
104707.148438
104957.617188
108331.062500
107191.781250
99212.718750
103236.500000
107381.093750
106440.921875
102609.656250
103374.734375
101289.023438
104326.312500
100171.250000
102525.062500
101531.718750
105408.835938
99247.453125
104646.992188
101253.570312
107780.984375
106398.843750
103519.484375
106774.578125
102481.914062
98850.085938
105548.460938
103085.523438
104211.289062
103812.250000
104736.250000
109231.757812
102235.515625
103842.015625
101475.296875
104593.078125
103231.203125
100024.187500
101723.218750
98266.132812
105294.242188
107718.476562
Training with sequence length 7.
127544.843750
120940.156250
119219.640625
123369.882812
123461.750000
124622.750000
124834.421875
123928.187500
122187.015625
126752.304688
124788.312500
128259.851562
126562.359375
121146.421875
124217.445312
123559.828125
131801.125000
121329.585938
125039.718750
121442.015625
120519.718750
117855.640625
127799.328125
123157.820312
119635.031250
128100.281250
124856.640625
118617.109375
129267.078125
120722.609375
120312.359375
115954.015625
122419.632812
124515.085938
127686.796875
121332.617188
123920.828125
125305.265625
120661.867188
123414.156250
119053.445312
119852.687500
120480.187500
123834.218750
123711.781250
127955.812500
123094.250000
120682.585938
125752.843750
119653.562500
122581.437500
124711.171875
123176.421875
121762.585938
121831.914062
127492.851562
119947.890625
125330.703125
119507.429688
129416.375000
126538.734375
118576.773438
118853.101562
122923.085938
126389.875000
126690.968750
118780.593750
117051.796875
121818.914062
120261.953125
118831.437500
122330.703125
120082.718750
120560.453125
117819.171875
122120.437500
119231.382812
119250.312500
113456.562500
118862.609375
120019.328125
119669.750000
117730.570312
116416.257812
116174.101562
Training with sequence length 8.
137935.625000
140395.500000
135584.062500
137367.062500
140863.953125
145999.031250
143980.171875
131834.812500
138811.406250
144390.765625
144557.875000
144307.000000
142493.156250
142334.687500
141513.734375
140096.171875
137752.359375
144359.656250
144753.218750
142023.015625
144744.859375
144598.406250
133864.890625
139991.250000
141806.625000
141234.343750
144349.750000
143173.281250
142879.968750
141488.859375
137414.937500
141330.796875
146457.203125
133668.562500
141736.453125
143041.187500
145874.187500
139700.718750
134858.812500
139188.718750
137505.468750
134777.906250
141037.156250
138343.562500
134661.812500
134334.687500
138712.562500
143986.203125
140976.390625
131664.281250
137142.859375
141693.625000
134605.109375
142782.468750
136734.218750
144051.781250
138043.531250
Training with sequence length 9.
156614.765625
155942.156250
157318.218750
161246.343750
169901.609375
155350.281250
159821.500000
156118.921875
162456.750000
155401.312500
159137.906250
167291.296875
165486.687500
155435.859375
155273.437500
156793.125000
153200.656250
158837.343750
160640.359375
156008.812500
158979.593750
152346.734375
166128.968750
157242.218750
157250.656250
160563.312500
163992.281250
153126.750000
164978.500000
