Training with sequence length 2.
0.693997
0.692951
0.693241
0.693088
0.693051
0.693039
0.693126
0.692855
0.692455
0.692035
0.692006
0.691455
0.691745
0.691569
0.691622
0.691415
0.691442
0.691427
0.691762
0.690952
0.690879
0.691662
0.691079
0.690450
0.690670
0.690504
0.690953
0.690346
0.690607
0.690900
0.690996
0.690711
0.690958
0.690629
0.690761
0.690466
0.690474
0.691074
0.690967
0.689381
0.690753
0.691082
0.690821
0.690652
0.689716
0.690267
0.690362
0.690496
0.690467
0.690741
0.690095
0.689899
0.690469
0.690160
Training with sequence length 3.
0.690987
0.690981
0.691089
0.690716
0.690963
0.691127
0.691419
0.690835
0.690832
0.690869
0.690934
0.690629
0.689552
0.690114
0.691359
0.690353
0.691030
0.691150
0.691037
0.690703
0.690674
0.691204
0.690767
0.690604
0.691074
0.690763
0.690890
0.690771
0.691046
0.690520
0.690603
0.690727
0.690561
0.690858
0.690387
0.690730
0.690851
0.690336
0.690764
0.689745
0.690771
0.690571
0.690831
0.691350
0.690821
0.691100
0.691029
0.690637
0.691022
0.690343
0.690623
0.690639
0.690964
0.690329
0.689640
0.689859
Training with sequence length 4.
0.691242
0.690591
0.691238
0.691152
0.690638
0.690755
0.690890
0.690963
0.690053
0.690970
0.690923
0.690548
0.690452
0.690811
0.690852
0.690887
0.690580
0.690583
0.690442
0.690655
0.691001
0.690947
0.690984
0.690891
0.690887
0.690607
0.690939
0.690671
0.690731
0.690209
0.691037
0.690628
0.690644
0.691020
0.690414
0.691170
0.690587
0.690765
0.690784
0.690618
0.690952
0.690599
0.690574
0.691109
0.691064
0.690812
0.691137
0.690562
0.690662
0.690786
0.690989
0.690189
0.690501
0.690721
0.690727
0.689857
Training with sequence length 5.
0.691232
0.690827
0.690386
0.690425
0.691133
0.690857
0.690214
0.691098
0.690835
0.690510
0.690971
0.691169
0.690993
0.690936
0.690799
0.690285
0.690982
0.690423
0.690736
0.691438
0.690751
0.690397
0.691028
0.690748
0.690753
0.690187
0.691069
0.690979
0.690986
0.691199
0.690573
0.691157
0.690247
0.690598
0.691240
0.690993
0.690413
0.690563
0.691017
0.690698
0.691065
0.691241
0.691057
0.690452
0.690520
0.690847
0.691490
0.689583
0.690364
0.690288
0.690498
0.690860
0.690728
0.690872
0.690592
0.690683
0.690715
0.690391
Training with sequence length 6.
0.691282
0.690903
0.690241
0.689819
0.691055
0.690087
0.690894
0.690689
0.690394
0.691007
0.690315
0.690605
0.690911
0.690336
0.691009
0.690735
0.690559
0.690202
0.690427
0.690875
0.690844
0.690800
0.691186
0.690948
0.690630
0.691298
0.690642
0.691366
0.690512
0.689736
0.691066
0.690838
0.690554
0.691152
0.691170
0.690716
0.690355
0.690615
0.690660
0.689808
0.690523
0.690973
0.690599
0.690626
0.690846
0.690748
0.689556
0.689636
0.691109
0.690351
0.691110
0.690341
0.690950
0.691450
0.690565
0.690775
0.690691
0.690833
Training with sequence length 7.
0.690559
0.691047
0.690666
0.690680
0.689476
0.690802
0.690594
0.690816
0.690694
0.690853
0.690628
0.691111
0.691006
0.689966
0.690322
0.689520
0.690642
0.690462
0.690415
0.690398
0.690485
0.690319
0.690345
0.691281
0.690654
0.690288
0.690101
0.690098
0.690326
0.689901
0.690624
0.689864
0.690385
0.690704
0.690442
0.690911
0.689224
0.689806
0.689875
0.690610
0.690809
0.690395
0.690612
0.690398
0.690905
0.690771
0.691000
0.690107
0.690993
0.689711
0.690845
0.690536
0.690890
0.690871
0.690240
0.690751
0.690730
0.691125
Training with sequence length 8.
0.689924
0.690811
0.690436
0.690276
0.690202
0.689977
0.690882
0.690342
0.690528
0.690544
0.690774
0.690913
0.690875
0.690451
0.690313
0.690401
0.690144
0.689778
0.690235
0.690766
0.690079
0.690451
0.690551
0.689220
0.689482
0.690506
0.689955
0.690653
0.689542
0.689965
0.690254
0.690427
0.690183
0.691285
0.690999
0.689748
0.690906
0.690358
0.689820
0.689668
0.690240
0.690124
0.690580
0.690574
0.690429
0.690127
0.690674
0.690517
0.689813
0.690210
0.689769
0.690067
0.689661
0.690372
0.690495
0.689803
0.690465
0.690096
0.689094
0.689345
Training with sequence length 9.
0.689306
0.689638
0.689714
0.688983
0.690053
0.690596
0.689039
0.690063
0.690807
0.690489
0.690589
0.690487
0.690012
0.689990
0.689433
0.689498
0.690212
0.691048
0.689875
0.689686
0.689655
0.688631
0.689919
0.690125
0.690188
0.690043
0.689365
0.689607
0.689878
0.690077
0.689259
0.690846
0.689706
0.688686
0.690547
0.689211
0.689714
0.690023
0.690452
0.690457
0.689909
0.690841
0.689884
0.689401
0.689965
0.689044
0.690334
0.688986
0.688983
0.690252
0.689258
0.689881
0.690400
0.690341
0.690133
0.690553
0.690320
0.690162
0.689575
0.690070
