Training with sequence length 2.
0.690683
0.216289
0.152630
0.126829
0.106790
0.105948
0.103959
0.101428
0.100646
0.098935
0.096939
0.094627
0.091272
0.092129
0.094379
0.088505
0.099780
0.091163
0.090325
0.091078
0.084425
0.087915
0.086351
0.088332
0.085442
0.085262
0.085869
0.086793
0.086112
0.083674
0.085550
0.082530
0.083576
0.083743
0.084903
0.082331
0.079333
0.080640
0.079233
0.080450
0.077094
0.080650
0.081695
0.079145
0.082482
0.076567
0.077069
0.077165
0.078857
0.081394
0.082492
0.076718
0.079675
0.078595
0.075197
0.076099
0.072920
0.077081
0.075985
0.076358
0.077741
0.075232
0.077712
0.073475
0.076593
0.075812
0.073075
0.073399
0.074472
0.074002
0.072881
0.076320
0.072941
0.075240
0.076874
0.073383
0.076611
0.075790
0.077364
0.073705
0.071662
0.074797
0.075825
0.072588
0.072496
0.075763
0.075634
0.073084
0.072825
0.071539
0.071443
0.076576
0.073795
0.075758
0.073689
0.074585
0.070925
0.075675
0.071085
0.072321
0.072034
0.075841
0.072835
0.069612
0.071461
0.072883
0.071893
0.079066
0.070063
0.072880
0.071511
0.071086
0.071611
0.071970
0.069086
0.068958
0.073079
0.071838
0.070877
0.067798
0.072806
0.070889
0.072661
0.069940
0.069715
0.071975
0.073312
0.068097
0.069446
0.073421
0.070982
0.072018
0.071950
0.071508
0.070675
0.069162
0.068330
0.072394
0.068775
0.072442
0.071896
0.069153
0.069228
0.071502
0.070760
0.073481
0.067778
0.067284
0.069057
0.066513
0.069534
0.068583
0.071027
0.069059
0.070093
0.070257
0.066908
0.069279
0.068186
0.070125
0.068485
0.071310
0.069686
0.066328
0.066392
0.065438
0.071493
0.067412
0.069048
0.068626
0.068568
0.065239
0.069936
0.069674
0.072075
0.068767
0.070497
0.070374
0.069916
0.067375
0.071583
0.069381
0.066898
0.068185
0.066827
0.067705
0.067861
0.069976
0.068576
0.069416
0.065991
0.067370
0.066273
0.068425
0.070419
0.067708
0.065452
0.066708
0.066436
0.068603
0.068735
0.069165
0.070113
0.066637
0.070321
0.069182
0.064942
0.063277
0.065028
0.065832
0.068301
0.067290
0.068715
0.068353
0.066216
0.069161
0.068075
0.066562
0.064503
0.065203
0.065817
0.068198
0.069320
0.071937
0.067606
0.064735
0.066942
0.068033
0.064822
0.070025
0.065079
0.068653
0.064203
0.066065
0.064085
0.067355
0.067494
0.069485
0.067501
0.063305
0.069089
0.061512
0.065783
0.066489
0.062148
0.065173
0.064735
0.063991
0.065182
0.068005
0.064753
0.066574
0.066494
0.066287
0.065410
0.063992
0.066669
0.066413
0.062582
0.069484
0.064325
0.064334
0.066627
0.067551
0.065047
0.063760
0.065621
0.065092
0.064028
0.067492
0.067778
0.065216
0.064607
0.065225
0.067236
0.065920
0.063940
0.068840
0.062986
0.064645
0.065492
0.067434
0.064040
0.067936
0.063692
0.066937
0.062635
0.071429
0.062020
0.066630
0.065548
0.062653
0.065657
0.068154
0.064358
0.066523
0.067840
0.068328
0.064437
0.063751
0.064539
0.062562
0.065291
0.066994
0.066496
0.065820
0.068101
0.066001
0.065371
0.064681
0.066363
0.066478
0.064603
0.065646
0.068009
0.065232
0.066307
0.064556
0.064199
0.063563
0.064770
0.065891
0.064438
0.067819
0.063789
0.063656
0.065652
0.066283
0.065701
0.065887
0.062449
0.065046
0.066205
0.068426
0.067975
0.064154
0.060436
0.061069
0.065969
0.062410
0.063052
0.063993
0.064318
0.063722
0.063811
0.067202
0.064609
0.066078
0.063868
0.065139
0.059921
0.064953
0.067610
0.068022
0.062090
0.063467
0.064381
0.066626
0.065954
0.064260
0.064660
0.062861
0.064023
0.065801
0.061027
0.065609
0.065952
0.064797
0.062950
0.063127
0.063103
0.066954
0.066338
0.062858
0.061530
0.065473
0.064479
0.066498
0.063170
0.066259
0.064298
0.065006
0.066202
0.065060
0.061790
0.062309
0.065190
0.064582
0.064015
0.064758
0.064465
0.065734
0.069842
0.069111
0.065975
0.064445
0.066154
0.065920
0.067764
0.062661
0.064233
0.064411
0.063046
0.065731
0.061883
0.061194
0.064208
0.062815
0.065089
0.066583
0.063552
0.064130
0.062156
0.063957
0.064851
0.062247
0.065341
0.064682
0.066886
0.065105
0.061293
0.068399
0.059420
0.062909
0.063917
0.063735
0.065103
0.064273
0.063320
0.063325
0.065017
0.066475
0.063832
0.062218
0.066811
0.061357
0.063610
0.062169
0.064704
0.065130
0.061603
0.064222
0.061780
0.065221
0.064676
0.066463
0.064685
0.061213
0.066327
0.064577
Training with sequence length 3.
0.103164
0.087453
0.078211
0.070509
0.068320
0.067605
0.073329
0.063578
0.068614
0.067309
0.069901
0.068317
0.068342
0.069754
0.063131
0.069954
0.068821
0.065736
0.068892
0.068140
0.068811
0.067912
0.067877
0.069426
0.067299
0.069996
0.068727
0.067726
0.068826
0.068669
0.069103
0.068040
0.064642
0.067140
0.067289
0.065045
0.062759
0.068125
0.066638
0.065476
0.065134
0.063415
0.067105
0.066097
0.065478
0.062868
0.063033
0.063872
0.064118
0.064642
0.065579
0.067031
0.063419
0.065021
0.063584
0.066216
0.065643
0.066316
0.068835
0.065280
0.063465
0.066573
0.062491
0.064966
0.064182
0.067262
0.064758
0.062374
0.062698
0.063329
0.061058
0.068152
0.062815
0.066725
0.063950
0.066613
0.064191
0.065102
0.065028
0.062862
0.061605
0.061968
0.065096
0.065891
0.064619
0.063910
0.062961
0.062188
0.065150
0.065208
0.060527
0.066006
0.063052
0.066448
0.063047
0.066262
0.063696
0.064343
0.063043
0.069023
0.063910
0.060835
0.064059
0.064231
0.059521
0.058119
0.067466
0.067396
0.063927
0.064122
0.063961
0.060347
0.061615
0.064846
0.062198
0.063343
0.060456
0.063938
0.064200
0.064355
0.061092
0.066983
0.064464
0.065105
0.061871
0.065073
0.063523
0.060005
0.064891
0.062442
0.062413
0.059438
0.062962
0.064561
0.060178
0.064427
0.060825
0.062950
0.062341
0.066500
0.063475
0.061356
0.062434
0.066879
0.058910
0.060554
0.062619
0.065114
0.062930
0.061130
0.062740
0.061875
0.060767
0.067505
0.061009
0.060773
0.063282
0.062757
0.066492
0.061812
0.061423
0.063902
0.062959
0.064076
0.062592
0.061591
0.063103
0.059438
0.059066
0.061739
0.060615
0.061399
0.063809
0.060478
0.062316
0.063113
0.059461
0.061616
0.063342
0.063495
0.060237
0.061529
0.061159
0.059972
0.061439
0.063856
0.061890
0.062543
0.065257
0.060724
0.062707
0.062460
0.065257
0.059297
0.060220
0.059503
0.059892
0.059264
0.057493
0.060273
0.060290
0.060750
0.061501
0.060837
0.057711
0.062091
0.060706
0.057944
0.058546
0.058670
0.063331
0.058161
0.060337
0.062841
0.064436
0.058428
0.057674
0.059242
0.058818
0.060764
0.060273
0.061013
0.061354
0.060624
0.060502
0.057897
0.058293
0.059112
0.060493
0.063002
0.061841
0.060467
0.057920
0.060372
0.060707
0.060591
0.060354
0.060120
0.060082
0.058663
0.061148
0.062559
0.058107
0.062551
0.058944
0.059639
0.058507
0.056990
0.057484
0.056165
0.059559
0.062998
0.065783
0.059416
0.058030
0.061265
0.059745
0.058514
0.063213
0.060765
0.061440
0.056059
0.057859
0.056100
0.057610
0.060755
0.060614
0.060244
0.060514
0.061161
0.058614
0.058482
0.060643
0.062835
0.056992
0.061242
0.060750
0.061207
0.061018
0.061396
0.060865
0.060771
0.061712
0.059808
0.060705
0.059977
0.059915
0.062437
0.059160
0.058004
0.058710
0.060492
0.062723
0.057601
0.063302
0.060368
0.059309
0.060586
0.060904
0.060520
0.061115
0.058801
0.058833
0.059235
0.059066
0.061212
0.060876
0.060922
0.063344
0.062716
0.060381
0.060209
0.058483
0.059791
0.057781
0.060328
0.058732
0.062766
0.058829
0.063202
0.060197
0.058231
0.064843
0.059521
0.058111
0.056460
0.061132
0.058860
0.060800
0.059237
0.061610
0.063218
0.060727
0.061826
0.058615
0.060587
0.055428
0.060401
0.059483
0.061067
0.060004
0.060967
0.060523
0.060193
0.057742
0.056573
0.060255
0.061277
0.058342
0.062117
0.061302
0.062018
0.059712
0.060109
0.061284
0.059921
0.057612
0.057608
0.058084
0.057855
0.061134
0.059576
0.057677
0.061884
0.058109
0.057988
0.061134
0.061234
0.061868
0.057625
0.060422
0.055250
0.059208
0.057605
0.062207
0.058903
0.059283
0.057769
0.060516
0.063055
0.061039
0.058494
0.058447
0.057184
0.063324
0.061519
0.059909
0.060115
0.061603
0.058778
0.057736
0.061448
0.060580
0.058830
Training with sequence length 4.
0.068737
0.065744
0.063927
0.062130
0.061551
0.062629
0.063457
0.064533
0.061079
0.062419
0.062101
0.061541
0.061379
0.062006
0.060535
0.060653
0.059449
0.060510
0.061476
0.062287
0.060882
0.061959
0.063258
0.061832
0.058747
0.061251
0.059484
0.063433
0.061577
0.060334
0.061790
0.060205
0.058610
0.059187
0.060406
0.059446
0.060337
0.062969
0.060969
0.060814
0.060828
0.061814
0.062671
0.065629
0.061618
0.062799
0.058988
0.058756
0.059333
0.062638
0.062798
0.063424
0.057759
0.061758
0.060451
0.061524
0.061533
0.060512
0.062481
0.058659
0.061948
0.057342
0.060252
0.060536
0.062036
0.063488
0.061569
0.061463
0.060009
0.063118
0.059603
0.061681
0.057109
0.060336
0.063885
0.056390
0.062327
0.062239
0.059758
0.059633
0.058552
0.057599
0.059112
0.060587
0.058801
0.061791
0.059676
0.061011
0.060850
0.057338
0.062163
0.062720
0.059976
0.059776
0.058953
0.063270
0.058837
0.059088
0.059255
0.062361
0.063367
0.060223
0.057110
0.061841
0.059733
0.060022
0.056011
0.062235
0.057015
0.059914
0.060185
0.059216
0.057964
0.058797
0.062283
0.058449
0.059506
0.057265
0.056599
0.060863
0.059856
0.060612
0.060622
0.058536
0.057017
0.059883
0.056535
0.058382
0.057436
0.058628
0.059554
0.058331
0.059479
0.057146
0.061755
0.061173
0.059721
0.062727
0.060645
0.061071
0.061893
0.055972
0.057553
0.059847
0.059095
0.059326
0.058585
0.057867
0.060380
0.059340
0.062296
0.060799
0.063050
0.059335
0.061197
0.059209
0.058714
0.059211
0.058968
0.058619
0.061699
0.056949
0.061059
0.058480
0.061015
0.057870
0.059633
0.061552
0.060211
0.056596
0.055447
0.058710
0.053540
0.056064
0.056329
0.055852
0.058749
0.057263
0.055988
0.055104
0.060115
0.054956
0.057259
0.056887
0.057525
0.056491
0.057553
0.058767
0.059662
0.056688
0.057580
0.058223
0.057693
0.056518
0.057864
0.060161
0.059689
0.056674
0.058825
0.059158
0.057384
0.059836
0.059529
0.056371
0.056496
0.058515
0.058330
0.057600
0.057046
0.056544
0.056703
0.061155
0.056418
0.057680
0.058241
0.058858
0.058275
0.056653
0.054372
0.055235
0.055389
0.056529
0.055893
0.054810
0.056788
0.058979
0.055101
0.054961
0.057284
0.059893
0.056353
0.057679
0.058372
0.059082
0.056416
0.057865
0.057212
0.056524
0.056170
0.059223
0.058472
0.058918
0.056184
0.061556
0.058200
0.054567
0.058814
0.058788
0.057565
0.058320
0.057136
0.058191
0.058967
0.057833
0.058516
0.056588
0.052356
0.055246
0.054807
0.057447
0.059017
0.055597
0.057571
0.055267
0.058356
0.058199
0.057657
0.057114
0.058079
0.055006
0.056017
0.058866
0.058324
0.056913
0.057670
0.057278
0.058393
0.054888
0.057364
0.053731
0.056253
0.056555
0.057479
0.055856
0.058688
0.055495
0.059959
0.056958
0.059634
0.057022
0.055588
0.057775
0.059951
0.058050
0.058765
0.056998
0.055951
0.059952
0.056901
0.054266
0.054385
0.057468
0.056279
0.060548
0.054765
0.056552
0.058240
0.055969
0.057413
0.056136
0.056092
0.058791
0.060520
0.056404
0.055869
0.057724
0.055732
0.056510
0.056563
0.058849
0.057075
0.057590
0.057078
0.055971
0.057581
0.058652
0.057118
0.061732
0.058466
0.061021
0.054687
0.055872
0.057981
0.059541
0.055523
0.057269
0.056403
0.057638
Training with sequence length 5.
0.060999
0.058143
0.058314
0.055229
0.057969
0.058879
0.056912
0.056454
0.058643
0.055370
0.058119
0.057826
0.059535
0.058316
0.059334
0.058353
0.057412
0.057689
0.058232
0.059786
0.056585
0.057245
0.056368
0.059824
0.057191
0.057441
0.057791
0.057012
0.057378
0.058191
0.059942
0.056358
0.058613
0.058250
0.060490
0.056688
0.060723
0.059859
0.060293
0.058739
0.059561
0.055191
0.055586
0.057216
0.057158
0.058673
0.056065
0.059168
0.057774
0.057866
0.059218
0.056194
0.058984
0.056775
0.061400
0.056439
0.059030
0.055995
0.058580
0.054844
0.058875
0.059357
0.057899
0.061170
0.053678
0.055412
0.058549
0.055885
0.057687
0.060208
0.058902
0.057019
0.055750
0.056696
0.060722
0.058835
0.060505
0.056685
0.056255
0.056301
0.054523
0.055753
0.056680
0.058107
0.054205
0.058847
0.059596
0.061028
0.057414
0.058140
0.057802
0.056989
0.060027
0.057356
0.056902
0.055463
0.054341
0.057411
0.055792
0.057338
0.055777
0.059833
0.058644
0.059139
0.057607
0.056521
0.057980
0.059913
0.056955
0.058471
0.059283
0.058977
0.059303
0.056506
0.060297
0.057623
0.057797
0.059111
0.057944
0.059948
0.055508
0.059962
0.058933
0.058217
0.058671
0.060149
0.059330
0.059347
0.055099
0.056927
0.054936
0.055224
0.056409
0.056993
0.057891
0.056963
0.056422
0.057141
0.058594
0.056641
0.059322
0.057210
0.057162
0.057548
0.054185
0.054630
0.057714
0.054777
0.053519
0.051073
0.057253
0.055484
0.054520
0.056353
0.056108
0.055218
0.056039
0.055650
0.055457
0.056095
0.056364
0.054215
0.054008
0.055973
0.054658
0.054720
0.052805
0.055464
0.054427
0.055386
0.056555
0.053840
0.058307
0.056755
0.055665
0.055553
0.056429
0.055630
0.054778
0.052838
0.054500
0.054775
0.057020
0.055082
0.054926
0.056223
0.054422
0.054254
0.056782
0.055600
0.055191
0.054893
0.057276
0.055099
0.055687
0.053429
0.054793
0.056113
0.054201
0.054303
0.054426
0.056298
0.055264
0.055556
0.054071
0.052489
0.054497
0.052168
0.053824
0.053824
0.054497
0.055099
0.051968
0.055392
0.055303
0.057704
0.054922
0.054300
0.051599
0.055437
0.055801
0.053452
0.056759
0.056009
0.059576
0.055631
0.054202
0.054573
0.056837
0.058440
0.054402
0.052588
0.055318
0.054098
0.056349
0.054018
0.057389
0.054802
0.054237
0.052601
0.056876
0.053191
0.057036
0.056554
0.055878
0.054293
0.054451
0.055687
0.055540
0.058011
0.054543
0.056381
0.055442
0.054637
0.055368
0.054868
0.052685
0.053972
0.054898
0.058319
0.055735
0.057374
0.056385
0.054415
0.054929
0.056705
0.054976
0.053966
0.054792
0.056100
0.055128
0.057728
0.054124
0.055873
0.055424
0.055767
0.054057
0.054668
0.054248
0.056270
0.055967
0.054651
Training with sequence length 6.
0.057799
0.055861
0.058495
0.057675
0.054254
0.058132
0.056336
0.058608
0.055750
0.057066
0.059508
0.056575
0.059777
0.057364
0.056049
0.062230
0.056771
0.058484
0.055101
0.053330
0.056821
0.053182
0.056563
0.054919
0.058147
0.056004
0.056662
0.057246
0.057834
0.056338
0.059790
0.056282
0.057136
0.055254
0.058268
0.057727
0.058054
0.055613
0.056348
0.058135
0.057891
0.056878
0.057766
0.059300
0.056004
0.057481
0.057179
0.056952
0.054869
0.054909
0.054895
0.055728
0.058785
0.057102
0.056392
0.056068
0.058464
0.056450
0.057019
0.057172
0.057729
0.057972
0.057201
0.053709
0.054460
0.055317
0.054958
0.054780
0.053245
0.055582
0.058552
0.059427
0.057439
0.053349
0.056995
0.053954
0.055560
0.055389
0.057190
0.052826
0.052851
0.055173
0.060920
0.054813
0.056629
0.057840
0.058591
0.053509
0.057870
0.054553
0.055209
0.056006
0.054393
0.058181
0.057980
0.057354
0.053163
0.055807
0.057466
0.055531
0.054744
0.056676
0.055595
0.053741
0.054588
0.055607
0.054690
0.056508
0.055013
0.052384
0.056649
0.054703
0.055126
0.051565
0.050357
0.052842
0.051588
0.055017
0.052842
0.054236
0.054913
0.054766
0.053406
0.048626
0.051735
0.050800
0.056174
0.052527
0.053994
0.052476
0.053081
0.051713
0.054377
0.052601
0.053775
0.055437
0.053268
0.053677
0.052850
0.054358
0.054953
0.054782
0.053493
0.050002
0.052521
0.050706
0.053005
0.053215
0.053966
0.055411
0.054163
0.053707
0.053711
0.055317
0.053142
0.056017
0.054156
0.056347
0.055993
0.054927
0.052962
0.052679
0.052835
0.055290
0.052737
0.054573
0.052990
0.054596
0.056545
0.054373
0.050781
0.051910
0.052623
0.052989
0.050834
0.054328
0.051747
0.052608
0.052880
0.054875
0.053055
0.054003
0.055119
0.053337
0.054441
0.056246
0.053930
0.054094
0.055404
0.052958
0.054368
0.055787
0.053645
0.052140
0.056762
0.053593
0.053240
0.057120
0.055741
0.052291
0.054730
0.055626
0.056409
0.054448
0.052728
0.053820
0.054363
0.053926
0.052397
0.054388
0.053775
0.054718
0.055316
0.054848
0.054328
0.055415
0.054575
0.056233
0.055529
0.054698
0.054119
0.055876
0.056123
0.055278
0.050329
0.054130
