Training with sequence length 2.
0.748262
0.245762
0.167997
0.137837
0.123719
0.113449
0.109278
0.100895
0.102405
0.096713
0.095927
0.094978
0.094526
0.098759
0.091384
0.088890
0.093003
0.092314
0.090846
0.088225
0.088750
0.085037
0.093369
0.091631
0.083328
0.090299
0.087517
0.081754
0.087107
0.090940
0.084345
0.087282
0.084508
0.082352
0.085918
0.086437
0.087935
0.082524
0.087889
0.085563
0.086717
0.082925
0.087921
0.083835
0.080071
0.082595
0.080847
0.081270
0.082838
0.082024
0.080803
0.080365
0.084986
0.082352
0.081425
0.080212
0.080508
0.079374
0.081026
0.080632
0.079766
0.083575
0.081402
0.081110
0.076007
0.078543
0.078672
0.080186
0.080414
0.075506
0.080057
0.077310
0.078538
0.079491
0.083456
0.077484
0.080560
0.079460
0.079084
0.077987
0.078183
0.075589
0.078817
0.078723
0.079832
0.078685
0.077607
0.080345
0.080396
0.073905
0.076671
0.081883
0.080664
0.076174
0.074066
0.077925
0.076597
0.077334
0.076429
0.076497
0.076591
0.078505
0.079947
0.075137
0.076048
0.076988
0.076694
0.073169
0.075132
0.079901
0.078336
0.074451
0.075692
0.076020
0.074715
0.076291
0.072915
0.078681
0.073635
0.075615
0.076341
0.076368
0.073441
0.073920
0.076224
0.073454
0.072929
0.078387
0.072112
0.073711
0.074890
0.074074
0.078319
0.075342
0.074634
0.076508
0.073259
0.074040
0.075783
0.076382
0.074074
0.074727
0.072560
0.075658
0.075931
0.070688
0.075565
0.068979
0.075107
0.073806
0.072131
0.078389
0.072014
0.074537
0.071328
0.074373
0.074750
0.073144
0.075073
0.074367
0.072400
0.071750
0.076442
0.074962
0.074353
0.072598
0.071651
0.074156
0.071821
0.071090
0.073311
0.073651
0.068016
0.074576
0.073901
0.077230
0.068128
0.071660
0.072892
0.073304
0.072858
0.067529
0.072021
0.073327
0.074463
0.071381
0.073094
0.072901
0.072378
0.069945
0.071647
0.072868
0.073077
0.073820
0.073711
0.074373
0.072145
0.072813
0.070847
0.073532
0.073681
0.074429
0.077963
0.070192
0.069027
0.072125
0.072931
0.070764
0.073034
0.072044
0.072639
0.071292
0.071884
0.072823
0.070239
0.076554
0.069863
0.070597
0.074375
0.074733
0.072254
0.071913
0.076210
0.071436
0.068825
Training with sequence length 3.
0.088478
0.099617
0.093431
0.087771
0.082721
0.082796
0.080736
0.077279
0.079745
0.078092
0.078892
0.081426
0.074732
0.077390
0.076190
0.075908
0.080216
0.078240
0.077845
0.077131
0.075049
0.080551
0.074120
0.077643
0.081390
0.076892
0.074820
0.074817
0.073783
0.074756
0.076564
0.074351
0.075629
0.078956
0.077476
0.074109
0.073455
0.071593
0.072217
0.078851
0.077917
0.070304
0.071727
0.077040
0.074987
0.072163
0.074750
0.074685
0.073206
0.073715
0.074997
0.076550
0.077766
0.072212
0.076596
0.076037
0.073729
0.076454
0.072264
0.076959
0.073778
0.077707
0.075166
0.068538
0.077621
0.072851
0.068859
0.069863
0.075744
0.074732
0.077412
0.068029
0.072683
0.075324
0.071026
0.073494
0.075618
0.069392
0.072555
0.074970
0.070977
0.076438
0.071827
0.073025
0.070168
0.072123
0.072834
0.067831
0.071822
0.070400
0.069774
0.070115
0.070266
0.066701
0.072737
0.071927
0.070476
0.069905
0.071822
0.075889
0.073534
0.073036
0.071023
0.068945
0.070552
0.075886
0.067610
0.071486
0.073876
0.069088
0.067748
0.069959
0.068574
0.072081
0.074318
0.069157
0.070432
0.069727
0.067949
0.073611
0.071243
0.069799
0.071161
0.071131
0.070927
0.069681
0.066972
0.071429
0.068685
0.072572
0.071512
0.065550
0.067788
0.071226
0.071214
0.072052
0.071945
0.069668
0.070455
0.070030
0.072021
0.068844
0.072845
0.070964
0.074433
0.070338
0.073146
0.070908
0.068341
0.071185
0.066156
0.070392
0.070331
0.071503
0.071209
0.069741
0.067007
0.075120
0.068704
0.070135
0.070248
0.069159
0.071089
0.067824
0.070643
0.069552
0.068966
0.067716
0.070560
0.069738
0.069549
0.073166
0.069187
0.072572
0.071374
0.069732
0.067456
0.067225
0.072826
0.069535
0.071147
0.067833
0.068344
0.068181
0.068969
0.068004
0.066726
0.068572
0.068109
0.066822
0.065119
0.071034
0.071654
0.071233
0.067521
0.069834
0.068196
Training with sequence length 4.
0.076592
0.079933
0.081518
0.073025
0.073737
0.073319
0.076062
0.073370
0.070983
0.069516
0.070781
0.073079
0.068812
0.073443
0.072073
0.071872
0.070114
0.072878
0.075044
0.073200
0.069140
0.073216
0.071599
0.072332
0.068898
0.070547
0.067062
0.069617
0.070243
0.069226
0.070655
0.070105
0.068498
0.069699
0.072520
0.069339
0.073592
0.071374
0.070501
0.068395
0.073182
0.070286
0.071665
0.072448
0.071738
0.073731
0.071987
0.068673
0.067471
0.072268
0.071233
0.068609
0.070785
0.070825
0.069592
0.068898
0.070783
0.070977
0.069395
0.070399
0.070865
0.071888
0.071128
0.073283
0.068569
0.072357
0.069888
0.073765
0.070095
0.069826
0.067441
0.073546
0.070780
0.071138
0.071740
0.071188
0.071738
0.067464
0.070446
0.068807
0.066695
0.068382
0.067471
0.068386
0.068345
0.069611
0.072474
0.067900
0.073065
0.071146
0.069350
0.068578
0.069086
0.069946
0.071438
0.069967
0.065441
0.071214
0.070935
0.071090
0.072855
0.067227
0.069363
0.066188
0.071771
0.068709
0.068881
0.071664
0.070099
0.070085
0.069544
0.067879
0.067533
0.068886
0.068726
0.070152
0.072458
0.065937
0.072078
0.070240
0.069393
0.070376
0.068020
0.066216
0.070333
0.069126
0.068197
0.069562
0.068211
0.068181
0.074186
0.069595
0.067763
0.068477
0.066924
0.067519
0.070075
0.066010
0.073843
0.069308
0.069858
0.067718
0.073355
0.073768
0.070166
0.067453
0.065541
0.068111
0.066542
0.070489
0.068950
0.067841
0.068836
0.068958
0.071457
0.067767
0.071324
0.063289
0.070365
0.066439
0.065415
0.064358
0.065716
0.068368
0.066615
0.070879
0.067161
0.068553
0.067595
Training with sequence length 5.
0.072248
0.079025
0.071088
0.070693
0.072692
0.070114
0.072142
0.072881
0.073050
0.071707
0.074653
0.071970
0.067217
0.071688
0.066263
0.068121
0.073484
0.069480
0.069136
0.069380
0.070200
0.071336
0.070800
0.070338
0.072030
0.067035
0.073222
0.072519
0.069481
0.070176
0.073188
0.070163
0.071796
0.071395
0.073523
0.075128
0.068275
0.068978
0.071181
0.072880
0.070691
0.070260
0.071871
0.074353
0.072434
0.068422
0.072609
0.070614
0.070484
0.068973
0.068623
0.071185
0.069653
0.069915
0.068175
0.066980
0.071630
0.066062
0.069650
0.073267
0.066944
0.069145
0.071259
0.068492
0.072809
0.067940
0.072708
0.069964
0.068787
0.071371
0.069472
0.068399
0.068419
0.066120
0.074222
0.074553
0.071533
0.070164
0.072889
0.069694
0.070011
0.070104
0.069432
0.070620
0.071761
0.065394
0.071735
0.069365
0.069759
0.068812
0.070479
0.071381
0.070094
0.067909
0.068210
0.067015
0.068354
0.072756
0.067152
0.067761
0.066185
0.071090
0.069190
0.067563
0.067519
0.067343
0.067839
0.069492
0.071594
0.069617
0.068023
0.071474
0.069600
0.069654
0.071772
0.072759
0.072373
0.070441
0.071791
0.066728
0.074730
0.067580
0.072152
0.068734
0.071143
0.069288
0.067705
0.072801
0.067997
0.070805
0.069621
0.071680
0.068237
0.068982
0.066524
0.069666
0.070093
0.070882
0.069496
0.065827
0.066173
Training with sequence length 6.
0.072561
0.079966
0.073672
0.073728
0.075602
0.071518
0.071493
0.066967
0.071293
0.071056
0.069901
0.067039
0.068664
0.073858
0.069882
0.068537
0.070553
0.068845
0.071760
0.068766
0.067478
0.072186
0.066838
0.069688
0.069275
0.066921
0.070268
0.068676
0.070455
0.072650
0.068888
0.072028
0.072595
0.070718
0.072804
0.067879
0.071485
0.069839
0.072901
0.072402
0.071044
0.072390
0.073183
0.072346
0.065462
0.070582
0.067023
0.070581
0.069157
0.070120
0.069244
0.071424
0.066901
0.072166
0.070742
0.069895
0.068572
0.071360
0.065989
0.072768
0.067362
0.069715
0.068617
0.071873
0.066025
0.072156
0.071584
0.073462
0.069355
0.070941
0.072500
0.068042
0.072242
0.069835
0.069044
0.067447
0.070948
0.070481
0.067723
0.067999
0.067473
0.070925
0.072718
0.069321
0.069749
0.070291
0.067871
0.068990
0.068119
0.068366
0.068072
0.066560
0.065189
0.071095
0.066283
0.068238
0.070666
0.072859
0.070780
0.067229
0.070835
0.070098
0.068709
0.070909
0.068012
0.071068
0.070533
0.069690
0.071291
0.071133
0.073189
0.067971
0.069352
Training with sequence length 7.
0.072906
0.074201
0.073670
0.070253
0.072397
0.071136
0.068530
0.069762
0.070473
0.068376
0.066366
0.069542
0.069742
0.067224
0.066772
0.068266
0.067643
0.066600
0.073485
0.071947
0.068798
0.072110
0.070220
0.072252
0.070177
0.069469
0.069202
0.070985
0.072159
0.072096
0.071055
0.065955
0.073246
0.072270
0.069086
0.071447
0.067696
0.071939
0.070351
0.069563
0.068231
0.069673
0.069534
0.072744
0.068696
0.066485
0.069383
0.070741
0.067827
0.072063
0.066684
0.069986
0.070428
0.068699
0.076307
0.071800
0.070532
0.073093
0.071728
0.071912
0.068172
0.071149
0.069625
0.070110
0.072858
0.071739
0.071077
0.068683
0.068085
0.069324
0.069108
0.068824
0.070466
0.070557
0.071565
0.072551
0.068650
0.070285
0.065765
0.070683
0.068363
0.069744
0.068693
0.069672
0.069278
Training with sequence length 8.
0.069774
0.084797
0.076197
0.072736
0.070640
0.071381
0.069864
0.071580
0.066203
0.070113
0.069907
0.069262
0.070713
0.068685
0.071197
0.070314
0.068405
0.071010
0.067617
0.071534
0.070974
0.070956
0.067310
0.068511
0.072073
0.070400
0.071754
0.069763
0.068866
0.071712
0.072808
0.070127
0.069218
0.071739
0.071717
0.071744
0.069838
0.068487
0.074961
0.068648
0.069566
0.071967
0.072069
0.074773
0.067769
0.070027
0.071734
0.066318
0.070704
0.069375
0.070210
0.069674
0.070757
0.067841
0.069903
0.072618
0.071348
Training with sequence length 9.
0.073250
0.086429
0.077019
0.076989
0.070195
0.070174
0.069864
0.069959
0.072432
0.070382
0.070331
0.071823
0.070016
0.071208
0.071509
0.068367
0.070118
0.067244
0.071913
0.071762
0.069905
0.071852
0.070597
0.073029
0.069176
0.069096
0.068908
0.070721
0.066238
