Training with sequence length 2.
0.679213
0.181022
0.162046
0.169160
0.164050
0.161671
0.165864
0.162124
0.161162
0.161778
0.160819
0.165345
0.165112
0.168307
0.161487
0.143916
0.118499
0.111935
0.108531
0.104229
0.104477
0.103292
0.098138
0.097837
0.100378
0.097337
0.095538
0.095203
0.098184
0.095914
0.099171
0.094121
0.092189
0.094387
0.091824
0.094356
0.095960
0.092768
0.094551
0.090634
0.089130
0.091425
0.092016
0.096508
0.093584
0.085773
0.088556
0.093593
0.095365
0.090993
0.091802
0.097376
0.091109
0.089566
0.088735
0.089517
0.089999
0.092538
0.087938
0.091422
0.094126
0.088104
0.091235
0.089938
0.091384
0.097567
0.089951
0.089926
0.092175
0.094260
0.087736
0.089543
0.091708
0.088869
0.091870
0.090702
0.087245
0.088675
0.089551
0.091004
0.090928
0.086799
0.089178
0.089559
0.092328
0.090712
0.089137
0.088672
0.090971
0.091359
0.090284
0.087887
0.083775
0.087109
0.088677
0.087723
0.092625
0.091777
0.085697
0.089994
0.091128
0.088747
0.087390
0.091323
0.086290
0.087712
0.088800
0.089113
0.093023
0.089945
0.091632
0.089710
0.088952
0.089211
0.086894
0.087625
0.086888
0.089899
0.087282
0.092233
0.088204
0.091679
0.089512
0.088558
0.085613
0.090320
0.090344
0.086816
0.093985
0.085795
0.088776
0.086809
0.087715
0.085240
0.088349
0.093036
0.087900
0.088990
0.086782
0.085960
0.089268
0.089408
0.088013
0.086806
0.086353
0.090662
0.091215
0.089408
0.091538
0.086884
0.086501
0.090507
0.087369
0.087483
0.086141
0.088702
0.087881
0.090338
0.087970
0.088319
0.087963
0.088623
0.089028
0.089570
0.089272
0.088647
0.088581
0.091595
0.086537
0.086082
0.087136
0.088643
0.085706
0.088777
0.090625
0.086262
0.090470
0.088943
0.087698
0.084648
0.085578
0.089461
0.089198
0.087913
0.087215
0.086507
0.082867
0.090981
0.089218
0.087877
0.084806
0.087039
0.085300
0.084304
0.088163
0.092401
0.089120
0.085289
0.087749
0.081129
0.085941
0.088714
0.090002
0.086685
0.088447
0.088582
0.086310
0.087968
0.090190
0.087857
0.088640
0.087103
0.087828
0.083935
0.086646
0.086819
0.082842
0.086571
0.087124
0.089121
0.085274
0.091465
0.088576
0.085291
0.089586
Training with sequence length 3.
0.104880
0.112122
0.101924
0.101217
0.096193
0.098730
0.095143
0.094907
0.099238
0.094943
0.095183
0.099434
0.094426
0.095922
0.096126
0.099853
0.093318
0.098705
0.096398
0.096639
0.094309
0.091853
0.094273
0.098731
0.095796
0.100015
0.092177
0.099597
0.096062
0.092954
0.097719
0.091146
0.091390
0.098655
0.097476
0.098960
0.093961
0.096917
0.096236
0.094455
0.094454
0.094308
0.097284
0.098052
0.094304
0.098109
0.095755
0.094133
0.094723
0.092860
0.094587
0.095440
0.095305
0.093033
0.096767
0.096381
0.095889
0.094532
0.097271
0.098652
0.098941
0.094980
0.093497
0.101101
0.095749
0.096459
0.092789
0.094415
0.092840
0.096781
0.096486
0.097027
0.094374
0.089636
0.097685
0.094425
0.091830
0.089584
0.094997
0.092413
0.094200
0.093859
0.094703
0.093767
0.090966
0.095323
0.089673
0.093694
0.094390
0.093048
0.092508
0.094894
0.097936
0.095981
0.091533
0.092727
0.094914
0.091450
0.098786
0.095677
0.095040
0.094974
0.094826
0.098442
0.097526
0.095480
0.098844
0.101778
0.093345
0.094853
0.091269
0.095353
0.095414
0.097571
0.093887
0.091226
0.096551
0.095522
0.098445
0.096019
0.097383
0.098633
0.096340
0.096268
0.092755
0.097899
0.093078
0.097338
0.093355
0.089988
0.096439
0.095290
0.095472
0.092816
0.097181
0.091612
0.091611
0.092211
0.093677
0.090967
0.093189
0.094689
0.093487
0.096735
0.091861
0.091019
0.088951
0.090700
0.090405
0.099803
0.095258
0.097211
0.093701
0.094649
0.089998
0.096761
0.097169
0.093066
0.093309
0.093365
0.090948
0.088929
0.095014
0.090776
0.093667
0.092938
0.097454
0.096726
0.095450
0.093904
0.091482
0.097665
0.097830
0.093510
0.093794
0.092156
0.090821
0.093465
0.089954
0.094887
0.092868
0.092389
0.092642
0.089917
0.095105
0.094798
0.093446
0.098237
0.088434
0.094457
0.094510
0.094590
0.093310
0.097089
0.096234
0.099419
0.096476
Training with sequence length 4.
0.103963
0.101014
0.101119
0.101193
0.103283
0.104140
0.101159
0.100200
0.104636
0.101691
0.104746
0.101414
0.099962
0.104433
0.100637
0.101847
0.098683
0.101614
0.100293
0.104704
0.105233
0.103211
0.104897
0.105328
0.096472
0.103182
0.101004
0.102076
0.098574
0.101358
0.104266
0.100145
0.101754
0.099296
0.102375
0.101636
0.101227
0.107676
0.101089
0.101076
0.101978
0.100243
0.099418
0.099824
0.104364
0.100423
0.099028
0.103668
0.098099
0.098385
0.100315
0.105263
0.097631
0.100409
0.100283
0.105854
0.099576
0.103797
0.097602
0.098454
0.098033
0.096776
0.104949
0.103543
0.101872
0.104631
0.102222
0.098671
0.103902
0.100525
0.100451
0.099722
0.097953
0.104789
0.101309
0.104823
0.098075
0.103899
0.102826
0.104189
0.101468
0.102052
0.105015
0.100344
0.099060
0.109049
0.099823
0.104748
0.099063
0.102102
0.096188
0.103977
0.098269
0.104908
0.099766
0.102419
0.102879
0.101605
0.101962
0.102482
0.104004
0.104092
0.100786
0.102701
0.102754
0.098364
0.106637
0.101621
0.100589
0.102735
0.097836
0.102051
0.100748
0.101410
0.102351
0.098290
0.104202
0.100959
0.104061
0.102896
0.102839
0.097812
0.108544
0.100507
0.100175
0.098415
0.101704
0.100771
0.105376
0.099127
0.099453
0.098985
0.098077
0.103454
0.103157
0.104229
0.099748
0.100275
0.100915
0.106156
0.102188
0.103548
0.103805
0.101183
0.101599
0.102175
0.100739
0.101916
0.102145
0.098666
0.099828
0.104148
0.105413
0.104849
0.100742
0.105287
0.102458
0.102473
0.099178
0.099385
0.103362
0.101204
0.104529
0.102158
0.103880
0.104467
0.100721
0.110341
0.099591
Training with sequence length 5.
0.116089
0.113116
0.110294
0.112269
0.111464
0.107614
0.111715
0.107234
0.105542
0.112943
0.105437
0.110555
0.106623
0.108588
0.104630
0.108352
0.108458
0.111902
0.106240
0.107290
0.107531
0.109218
0.111015
0.114315
0.106678
0.113086
0.109832
0.107476
0.109849
0.111569
0.110306
0.111253
0.114292
0.114656
0.109468
0.109137
0.109664
0.111486
0.113592
0.110774
0.108633
0.109590
0.111770
0.109039
0.107558
0.108363
0.112009
0.105530
0.110057
0.105615
0.106548
0.110559
0.109243
0.109394
0.112219
0.109059
0.113412
0.107021
0.108478
0.109521
0.107943
0.114077
0.108616
0.108664
0.110623
0.105253
0.105986
0.112576
0.113216
0.104858
0.115413
0.110469
0.111969
0.109645
0.109775
0.108974
0.108658
0.112280
0.114867
0.110040
0.111318
0.109958
0.111866
0.109472
0.115105
0.108972
0.110610
0.112246
0.112045
0.111332
0.113184
0.113258
0.116981
0.114741
0.113531
0.111072
0.109305
0.105594
0.111477
0.115056
0.111866
0.109224
0.112967
0.106149
0.110943
0.110079
0.110187
0.114980
0.107957
0.108806
0.112555
0.112758
0.113081
0.112903
0.108599
0.111597
0.111180
0.111850
0.111934
0.109703
0.111684
0.115323
0.113945
0.113251
0.106943
0.113432
0.109792
0.111436
0.111204
0.115317
0.111874
0.115360
0.112391
0.113392
0.115234
0.115826
0.117825
0.109907
0.113969
0.114454
0.112070
Training with sequence length 6.
0.121883
0.116520
0.119357
0.119136
0.115913
0.117985
0.113318
0.120085
0.113867
0.116714
0.117276
0.119025
0.118860
0.117696
0.124733
0.117911
0.117254
0.113651
0.117315
0.115891
0.119640
0.121197
0.115197
0.116504
0.116411
0.117219
0.119790
0.118149
0.121885
0.115761
0.117184
0.118394
0.116954
0.118430
0.121481
0.116900
0.119584
0.118647
0.119225
0.117785
0.117932
0.118537
0.116869
0.115764
0.117080
0.119634
0.122137
0.119345
0.119956
0.121639
0.118705
0.123228
0.118595
0.124127
0.120778
0.121600
0.116286
0.120385
0.124161
0.121055
0.124935
0.120710
0.119606
0.118948
0.124022
0.119996
0.123130
0.125300
0.119801
0.115387
0.119483
0.125325
0.121727
0.125815
0.121373
0.124042
0.120059
0.119399
0.121858
0.116119
0.120333
0.121029
0.118458
0.126808
0.122210
0.122754
0.123375
0.125222
0.123474
0.119689
0.119350
0.122659
0.118458
0.124416
0.118476
0.118049
0.120726
0.127773
0.125015
0.119773
0.119720
0.122621
0.121284
0.123584
0.122397
0.125097
0.115641
0.124774
0.124046
0.122143
0.122868
0.118500
0.121941
Training with sequence length 7.
0.128333
0.127016
0.130725
0.129218
0.129611
0.128921
0.124687
0.130032
0.126083
0.133620
0.130832
0.125776
0.133461
0.130790
0.124385
0.130156
0.130851
0.133259
0.130656
0.122492
0.132519
0.132498
0.127576
0.127006
0.130207
0.129998
0.133874
0.125598
0.122277
0.131399
0.133597
0.128435
0.133177
0.127984
0.132399
0.131022
0.131891
0.133393
0.129192
0.133312
0.131757
0.131932
0.125965
0.131225
0.131696
0.135858
0.135144
0.133602
0.134784
0.133247
0.129825
0.133698
0.133137
0.131041
0.132638
0.137092
0.139542
0.134954
0.136137
0.131592
0.139316
0.139744
0.132951
0.126162
0.130207
0.132525
0.135937
0.141241
0.139847
0.135705
0.139039
0.137857
0.132684
0.136995
0.137888
0.141282
0.136399
0.138073
0.131346
0.132778
0.138682
0.125407
0.136694
0.140174
0.136247
Training with sequence length 8.
0.138722
0.144696
0.138801
0.135881
0.146826
0.136288
0.140461
0.147185
0.141083
0.143907
0.142295
0.139419
0.146728
0.135595
0.142971
0.146891
0.141899
0.144743
0.139742
0.138546
0.143261
0.144532
0.142750
0.145105
0.141596
0.142579
0.143769
0.148879
0.148204
0.145381
0.148721
0.147737
0.148038
0.145970
0.150517
0.145299
0.146047
0.150283
0.151259
0.149580
0.151933
0.156817
0.147862
0.145052
0.145101
0.140595
0.149470
0.150388
0.146412
0.154395
0.151437
0.147091
0.146385
0.147422
0.151470
0.147155
0.147829
Training with sequence length 9.
0.154551
0.151848
0.154364
0.156138
0.149014
0.148998
0.143155
0.148751
0.150953
0.155677
0.142177
0.155471
0.149772
0.152238
0.153535
0.153378
0.155879
0.152332
0.166065
0.160355
0.166081
0.158288
0.157366
0.158130
0.158474
0.157487
0.151563
0.149520
0.151186
