Training with sequence length 2.
374199.781250
120107.742188
91506.890625
77739.265625
71966.234375
63932.035156
61400.187500
59648.679688
54752.640625
52652.460938
53180.171875
47504.507812
49582.859375
49137.078125
49638.183594
46254.746094
47726.242188
45193.203125
44125.414062
45340.750000
46097.800781
42628.605469
45338.109375
46517.148438
44762.718750
45356.613281
43814.789062
44424.082031
41584.601562
46921.484375
44765.820312
42773.625000
44097.273438
45982.960938
43288.796875
42989.914062
44179.105469
43166.613281
43485.101562
43410.695312
41138.039062
43180.281250
42817.089844
43089.898438
43862.820312
43136.203125
43703.351562
41517.937500
44877.164062
43943.511719
44685.218750
42503.515625
44047.835938
40562.937500
43005.433594
40976.644531
41833.246094
43510.351562
39496.679688
43201.000000
39732.996094
43295.335938
43104.414062
41423.039062
40973.164062
41086.750000
42406.535156
42170.511719
43067.648438
39687.453125
39805.617188
39767.625000
40909.859375
39737.312500
40480.476562
40784.683594
41414.562500
42704.714844
40796.484375
41185.265625
42943.625000
41409.328125
41170.210938
41133.425781
39749.945312
39753.605469
40889.515625
40460.308594
41131.179688
39946.808594
40376.324219
40629.472656
39788.640625
41565.363281
37688.460938
41307.351562
41674.593750
41370.070312
41285.984375
39552.968750
39582.640625
41519.781250
42033.429688
40257.957031
37336.960938
40341.148438
40169.687500
40203.027344
43034.253906
39757.289062
39938.664062
42124.148438
40073.695312
39114.398438
39792.367188
38615.500000
42395.703125
41076.421875
41166.734375
38263.179688
38116.972656
39371.000000
40311.210938
39740.128906
37999.968750
42871.707031
40037.238281
39333.742188
39697.984375
39882.507812
36932.265625
39052.476562
39988.414062
38853.601562
39038.664062
38675.867188
40291.953125
37760.324219
40342.906250
37380.625000
38983.984375
39377.265625
38342.289062
38519.679688
38355.398438
39767.140625
41489.914062
40815.164062
40739.019531
38958.679688
39213.941406
39714.671875
39421.742188
39812.746094
38902.949219
41162.050781
39166.621094
39193.007812
38944.867188
39986.960938
39521.757812
38383.589844
36999.984375
39666.320312
40210.128906
39204.445312
37184.882812
38749.890625
38969.539062
40562.500000
39227.699219
38504.117188
38364.617188
41063.269531
38753.210938
38323.070312
39087.250000
37987.710938
38515.367188
38626.828125
37366.039062
37756.265625
39934.820312
39442.726562
38182.757812
37820.218750
39827.851562
38387.921875
40642.585938
38730.121094
40044.726562
38011.992188
37504.117188
38910.214844
39751.851562
37426.765625
39136.085938
40022.187500
37661.015625
38046.054688
40398.218750
38689.062500
39331.300781
36826.820312
38644.031250
39535.289062
38770.843750
39189.375000
37020.816406
37699.238281
37507.421875
36866.648438
38319.656250
37058.156250
37055.140625
39574.703125
37548.035156
38703.500000
39797.078125
35551.738281
38845.875000
36436.523438
39985.164062
39600.265625
38626.906250
Training with sequence length 3.
73721.046875
89615.390625
81759.578125
73089.703125
73505.476562
73976.984375
66713.296875
71642.968750
67586.781250
70900.242188
64064.664062
66890.171875
68152.640625
64802.121094
66169.468750
63945.289062
67007.250000
62507.972656
69468.523438
62699.902344
67466.265625
68999.546875
69757.460938
61885.031250
65911.242188
66228.203125
63591.976562
66774.281250
64692.507812
64349.640625
66434.500000
66872.015625
64074.792969
65550.750000
62756.675781
67456.296875
63064.687500
63430.683594
61349.429688
63295.406250
64809.835938
61855.339844
62635.972656
60722.371094
66056.187500
62338.906250
64767.050781
63022.316406
62071.578125
60963.359375
65612.187500
65705.609375
60529.664062
62711.097656
60539.210938
62595.937500
64468.527344
61355.058594
62037.851562
62873.929688
63535.406250
62341.234375
60098.101562
63103.710938
63953.234375
64731.367188
62674.535156
63311.320312
62980.367188
59196.105469
61698.601562
64047.734375
58903.210938
59749.609375
60166.722656
63771.132812
61047.046875
62592.351562
60009.871094
62338.210938
60385.335938
58507.507812
62774.902344
65145.074219
58073.765625
60138.230469
61864.652344
63219.242188
60201.054688
62085.109375
60660.437500
61620.140625
63823.093750
63178.835938
63293.304688
61280.328125
60767.132812
64515.199219
58232.468750
57667.867188
61945.437500
61591.445312
60582.164062
58636.976562
61153.968750
61392.132812
63989.828125
64121.570312
60941.378906
59537.046875
61162.570312
58480.593750
59662.867188
59663.640625
62231.187500
59844.906250
62157.710938
63956.281250
62885.773438
60719.414062
62834.300781
61379.812500
61250.117188
60779.058594
57332.257812
59784.964844
60977.812500
63488.269531
61458.023438
56106.250000
60728.734375
62291.179688
60254.335938
64153.320312
56808.242188
59974.507812
61778.164062
64605.492188
60128.859375
58915.296875
61035.789062
62240.101562
60555.082031
59144.003906
60403.742188
59151.289062
59000.593750
62671.953125
61898.007812
59501.269531
61400.316406
55992.101562
61263.593750
61773.632812
59587.507812
61667.855469
62233.554688
60050.398438
61775.039062
64296.636719
59011.992188
57196.007812
62640.894531
56902.109375
62352.859375
58549.343750
64602.742188
60198.023438
58026.882812
60947.843750
62127.316406
60040.277344
59540.445312
58583.433594
60112.738281
57958.566406
60026.875000
60439.515625
58711.285156
59799.195312
57616.164062
58090.933594
58967.484375
59842.960938
62022.183594
61018.453125
56649.175781
59322.843750
59705.625000
58371.238281
63497.007812
60040.472656
58775.625000
59691.386719
60147.734375
57824.183594
63931.722656
Training with sequence length 4.
96874.453125
90736.390625
91041.796875
84511.515625
87564.921875
86534.015625
86132.109375
87781.468750
87804.671875
83662.937500
91075.195312
88396.195312
89196.226562
87029.234375
84774.187500
85108.718750
88404.515625
86056.179688
84768.648438
89793.421875
84515.968750
85603.914062
88170.984375
83480.156250
87072.570312
86844.992188
86551.804688
83354.406250
81029.187500
85859.859375
86801.742188
83811.187500
89766.226562
85928.734375
83993.304688
84668.882812
84618.257812
81553.398438
82482.445312
82567.968750
82143.593750
84814.625000
80988.078125
85229.648438
84424.703125
87363.437500
84797.257812
86540.765625
82466.648438
84515.945312
82176.976562
88099.132812
83737.125000
82659.960938
79096.718750
85330.453125
84244.742188
86054.953125
83014.390625
86802.203125
81737.453125
80180.718750
84127.390625
85438.031250
82886.625000
84163.953125
85842.750000
86528.289062
86904.843750
86187.914062
85137.992188
82449.906250
80110.875000
88051.750000
81950.906250
84314.000000
85691.093750
88257.718750
86122.117188
86197.218750
82286.117188
86673.859375
87962.843750
85012.218750
81041.031250
88122.593750
84014.734375
78933.250000
83809.671875
82286.984375
83795.640625
85069.468750
81963.742188
82194.835938
79538.468750
81559.421875
86861.312500
79497.382812
83710.609375
85137.687500
85495.046875
87351.703125
78238.281250
85703.367188
85938.578125
83371.031250
85821.828125
82625.437500
85350.390625
83005.039062
79496.726562
85967.210938
89493.640625
84882.468750
83187.812500
84459.250000
85088.898438
82766.953125
82796.414062
84520.625000
82604.203125
81774.437500
79698.156250
79835.546875
83804.468750
84217.453125
85191.328125
85601.289062
82962.781250
85889.148438
82270.875000
80866.117188
82278.101562
88336.375000
88395.062500
80860.898438
84502.421875
87148.078125
82021.570312
81728.054688
86412.218750
80739.070312
86784.171875
83459.945312
85376.625000
83491.617188
84819.421875
83630.015625
84833.890625
77620.375000
83327.296875
85129.281250
81147.937500
78169.359375
83796.328125
89107.812500
87541.085938
83598.093750
81957.750000
83164.203125
79576.437500
84513.187500
81856.445312
83655.218750
77571.234375
82062.109375
83840.664062
80701.210938
81770.546875
Training with sequence length 5.
