Training with sequence length 2.
0.699477
0.693127
0.693164
0.693178
0.693092
0.693025
0.693100
0.693111
0.692973
0.693104
0.692741
0.692809
0.691918
0.692015
0.691524
0.691662
0.691495
0.690807
0.691263
0.691335
0.691215
0.691252
0.691177
0.691150
0.690385
0.690664
0.691572
Training with sequence length 3.
0.691572
0.691364
0.690801
0.691307
0.690750
0.690365
0.691269
0.691320
0.691069
0.690895
0.690823
0.691046
0.691249
0.691146
0.690994
0.690317
0.690915
0.690867
0.691062
0.690884
0.690858
0.691101
0.690697
0.690778
0.690456
0.690552
0.690837
0.691072
Training with sequence length 4.
0.691211
0.691514
0.690675
0.690957
0.690826
0.690532
0.690905
0.691162
0.690673
0.691189
0.690618
0.690777
0.691236
0.691199
0.690768
0.691086
0.690525
0.691047
0.690837
0.690787
0.690773
0.690937
0.690517
0.691718
0.690453
0.690570
0.691026
0.691016
Training with sequence length 5.
0.691317
0.691457
0.691019
0.691316
0.691375
0.691107
0.691153
0.691215
0.691384
0.691243
0.691348
0.691491
0.691094
0.691024
0.690895
0.691326
0.691083
0.690519
0.690773
0.691202
0.690753
0.690859
0.690394
0.691037
0.690843
0.690656
0.690742
0.690683
0.691185
Training with sequence length 6.
0.691160
0.691195
0.691070
0.690653
0.690825
0.691079
0.690699
0.690948
0.691325
0.690945
0.691222
0.691034
0.691036
0.691142
0.691495
0.690463
0.691432
0.690609
0.691257
0.690882
0.691158
0.691090
0.691192
0.691359
0.690951
0.691134
0.690744
0.691265
0.691041
Training with sequence length 7.
0.691349
0.690830
0.691084
0.691176
0.691394
0.691228
0.691191
0.690834
0.691104
0.691239
0.691140
0.691208
0.691530
0.691337
0.691184
0.690959
0.691354
0.691132
0.691062
0.690800
0.691285
0.690544
0.690456
0.691374
0.691345
0.691207
0.691297
0.691293
0.690956
Training with sequence length 8.
0.691350
0.690880
0.691504
0.691137
0.690556
0.691614
0.691108
0.691450
0.691131
0.690652
0.691058
0.691033
0.690324
0.691208
0.691263
0.691154
0.691605
0.691295
0.691203
0.691244
0.690811
0.691251
0.691381
0.691081
0.691256
0.690826
0.690600
0.691365
0.691052
0.690882
Training with sequence length 9.
0.691025
0.690573
0.691246
0.690964
0.691423
0.691004
0.691316
0.690520
0.691198
0.690729
0.691491
0.691413
0.691401
0.691290
0.690544
0.691253
0.690863
0.691348
0.690902
0.690826
0.691301
0.690970
0.690978
0.690695
0.690523
0.691058
0.690888
0.690934
0.691213
0.690785
