Training with sequence length 2.
0.696231
0.693092
0.693093
0.692941
0.692514
0.691962
0.691737
0.691735
0.691662
0.691718
0.691615
0.691562
0.691049
0.690977
0.691518
0.691827
0.691438
0.691103
0.691147
0.690310
0.691065
0.691177
0.690922
0.691092
0.690947
0.690470
0.691343
0.690262
0.690764
0.691269
0.690568
0.690309
0.690061
0.690509
0.690850
0.690424
0.690842
0.690265
0.690839
0.690826
0.690511
0.690884
0.690943
0.690567
0.690187
0.689702
0.690388
0.690577
0.690366
0.690722
0.690003
0.690709
0.690459
0.690418
Training with sequence length 3.
0.691528
0.690980
0.690912
0.691052
0.691021
0.691041
0.690860
0.690439
0.690569
0.690663
0.690721
0.690521
0.690695
0.690616
0.691202
0.690201
0.690503
0.690912
0.690594
0.690619
0.690461
0.690713
0.690297
0.690987
0.690591
0.690269
0.691221
0.690847
0.690796
0.690386
0.690581
0.690921
0.689981
0.690659
0.690715
0.690682
0.690695
0.690701
0.690683
0.690380
0.690788
0.690453
0.690953
0.690617
0.690435
0.690646
0.690820
0.690590
0.690640
0.690875
0.690364
0.691002
0.690528
0.690320
0.691072
0.690698
0.690515
Training with sequence length 4.
0.691315
0.690781
0.691190
0.690875
0.690553
0.690574
0.690923
0.690575
0.690568
0.691284
0.690694
0.690486
0.690871
0.691084
0.690460
0.690538
0.690766
0.690157
0.690365
0.690585
0.690640
0.690754
0.690658
0.691185
0.690641
0.690498
0.690642
0.690566
0.690263
0.690898
0.690555
0.690528
0.690416
0.690950
0.690551
0.690264
0.690212
0.690391
0.690754
0.690479
0.690572
0.690380
0.690148
0.690619
0.690446
0.690437
0.690820
0.690433
0.690726
0.690972
0.690143
0.690821
0.691049
0.689719
0.689806
0.690535
0.690785
Training with sequence length 5.
0.690918
0.691156
0.690667
0.690663
0.689693
0.691036
0.690874
0.690937
0.691021
0.690493
0.689968
0.690711
0.690490
0.690641
0.690346
0.690320
0.690548
0.690535
0.690583
0.690693
0.690127
0.690472
0.690704
0.690446
0.691096
0.691104
0.690048
0.690605
0.690563
0.690784
0.691060
0.690607
0.689783
0.690260
0.690584
0.690538
0.690644
0.690202
0.690691
0.690644
0.690518
0.690359
0.689696
0.690276
0.690177
0.690649
0.690578
0.690342
0.690124
0.690669
0.690258
0.690228
0.690557
0.690636
0.690870
0.689986
0.690925
Training with sequence length 6.
0.690379
0.690311
0.690328
0.690481
0.690720
0.690422
0.690426
0.690577
0.690426
0.690334
0.690456
0.690959
0.690176
0.690546
0.690502
0.690188
0.690782
0.691100
0.690104
0.690001
0.689595
0.689869
0.689676
0.690138
0.690280
0.689918
0.690507
0.690242
0.690603
0.690181
0.691090
0.690364
0.690093
0.690777
0.690333
0.690465
0.690295
0.690323
0.690341
0.688976
0.690552
0.690033
0.690261
0.689999
0.689933
0.690427
0.690167
0.690258
0.690398
0.689556
0.690484
0.689911
0.690378
0.689332
0.690316
0.690113
0.690225
0.689933
0.689943
0.689744
Training with sequence length 7.
0.689541
0.690794
0.690196
0.690831
0.690736
0.689806
0.690186
0.690949
0.690715
0.690308
0.689994
0.690855
0.690620
0.689793
0.690469
0.690583
0.689412
0.690465
0.690322
0.689543
0.690257
0.689720
0.689815
0.689847
0.689988
0.690610
0.689115
0.689464
0.690451
0.689531
0.690441
0.690244
0.690017
0.689910
0.689457
0.689367
0.690188
0.690235
0.690039
0.689185
0.689786
0.690243
0.689667
0.689320
0.690385
0.688936
0.690372
0.690618
0.689730
0.689966
0.689639
0.689462
0.690215
0.689902
0.690110
0.689268
0.690069
0.689297
0.689674
0.690107
Training with sequence length 8.
0.689942
0.690363
0.690528
0.689749
0.690540
0.689095
0.689832
0.690308
0.690119
0.689901
0.690490
0.690217
0.690294
0.690129
0.689937
0.690373
0.689943
0.689107
0.689849
0.690039
0.688783
0.689667
0.690130
0.689507
0.690402
0.690138
0.690558
0.690549
0.688675
0.689526
0.689741
0.689718
0.689611
0.689661
0.689457
0.690261
0.690045
0.690033
0.690213
0.689794
0.690298
0.689822
0.690213
0.689496
0.689220
0.689292
0.690037
0.689970
0.689803
0.689572
0.689371
0.690055
0.689228
0.689677
0.689628
0.689404
0.689704
0.689619
0.688736
0.688874
Training with sequence length 9.
0.689858
0.689756
0.689842
0.690039
0.689830
0.689360
0.690265
0.689393
0.689381
0.690102
0.689585
0.689757
0.690645
0.689943
0.690564
0.689811
0.689480
0.689763
0.689084
0.689336
0.689915
0.690440
0.689824
0.688872
0.689159
0.690753
0.688989
0.689922
0.690341
0.689112
0.688868
0.689307
0.689419
0.689811
0.688911
0.688916
0.688977
0.689446
0.689788
0.690358
0.689792
0.689263
0.690367
0.689529
0.689286
0.688942
0.690041
0.688246
0.689900
0.688269
0.689407
0.689855
