Starting job 1017901
Training with:
    architecture = [64, 32, 16, 8],
    stride = 2,
    filter_size = [5, 5, 5, 5],
    leaky_slope = None,
    max_pool = True,
    layer norm = True,
    loss = BCELoss(),
    batch size = 24,
    num_epochs = 4,
    scheduled_sampling = False,
    bias = False,
    transpose = True,
    use_lstm_output = False,
    scheduler = True,
    initial_lr = 0.1,
    gamma = 0.8.

Average train sequence lenght: 115.2406015037594.
Average test sequence lenght:, 124.0.
Average test rain:, 2.1325389489429316.
Average train rain:, 2.2383985386372576.

CUDA is available!
Using learning rate scheduler with initial_lr = 0.1 and gamma = 0.8.

Training with sequence length 2.
Epoch [1/4], Batch [1], Loss: 0.696228
Epoch [1/4], Batch [11], Loss: 0.693285
Epoch [1/4], Batch [21], Loss: 0.693139
Epoch [1/4], Batch [31], Loss: 0.693097
Epoch [1/4], Batch [41], Loss: 0.693155
Epoch [1/4], Batch [51], Loss: 0.693076
Epoch [1/4], Batch [61], Loss: 0.693081
Epoch [1/4], Batch [71], Loss: 0.693090
Epoch [1/4], Batch [81], Loss: 0.693132
Epoch [1/4], Batch [91], Loss: 0.693079
Epoch [1/4], Batch [101], Loss: 0.693011
Epoch [1/4], Batch [111], Loss: 0.693141
Epoch [1/4], Batch [121], Loss: 0.693022
Epoch [1/4], Batch [131], Loss: 0.693106
Epoch [1/4], Batch [141], Loss: 0.693044
Epoch [1/4], Batch [151], Loss: 0.693041
Epoch [1/4], Batch [161], Loss: 0.693069
Epoch [1/4], Batch [171], Loss: 0.693160
Seq_Len: 2, Epoch [1/4] - Average Train Loss: 0.6931
Seq_Len: 2, Epoch [1/4] - Average Validation Loss: 0.6931
Elapsed time: 2.81 minutes.
Seq_Len: 2, Epoch [1/4] - Average Test Loss: 0.6930
Elapsed time: 3.25 minutes.
Epoch [2/4], Batch [1], Loss: 0.693098
Epoch [2/4], Batch [11], Loss: 0.692991
Epoch [2/4], Batch [21], Loss: 0.693116
Epoch [2/4], Batch [31], Loss: 0.693037
Epoch [2/4], Batch [41], Loss: 0.693055
Epoch [2/4], Batch [51], Loss: 0.693043
Epoch [2/4], Batch [61], Loss: 0.692966
Epoch [2/4], Batch [71], Loss: 0.693088
Epoch [2/4], Batch [81], Loss: 0.692910
Epoch [2/4], Batch [91], Loss: 0.692834
Epoch [2/4], Batch [101], Loss: 0.692831
Epoch [2/4], Batch [111], Loss: 0.692808
Epoch [2/4], Batch [121], Loss: 0.692736
Epoch [2/4], Batch [131], Loss: 0.692700
Epoch [2/4], Batch [141], Loss: 0.692570
Epoch [2/4], Batch [151], Loss: 0.692401
Epoch [2/4], Batch [161], Loss: 0.692162
Epoch [2/4], Batch [171], Loss: 0.691804
Seq_Len: 2, Epoch [2/4] - Average Train Loss: 0.6928
Seq_Len: 2, Epoch [2/4] - Average Validation Loss: 0.6939
Elapsed time: 4.33 minutes.
Seq_Len: 2, Epoch [2/4] - Average Test Loss: 0.6920
Elapsed time: 4.40 minutes.
Epoch [3/4], Batch [1], Loss: 0.691836
Epoch [3/4], Batch [11], Loss: 0.691819
Epoch [3/4], Batch [21], Loss: 0.691696
Epoch [3/4], Batch [31], Loss: 0.691605
Epoch [3/4], Batch [41], Loss: 0.691178
Epoch [3/4], Batch [51], Loss: 0.691657
Epoch [3/4], Batch [61], Loss: 0.691277
Epoch [3/4], Batch [71], Loss: 0.691274
Epoch [3/4], Batch [81], Loss: 0.691408
Epoch [3/4], Batch [91], Loss: 0.691255
Epoch [3/4], Batch [101], Loss: 0.691140
Epoch [3/4], Batch [111], Loss: 0.691333
Epoch [3/4], Batch [121], Loss: 0.691563
Epoch [3/4], Batch [131], Loss: 0.691405
Epoch [3/4], Batch [141], Loss: 0.691511
Epoch [3/4], Batch [151], Loss: 0.690936
Epoch [3/4], Batch [161], Loss: 0.691285
Epoch [3/4], Batch [171], Loss: 0.691164
Seq_Len: 2, Epoch [3/4] - Average Train Loss: 0.6914
Seq_Len: 2, Epoch [3/4] - Average Validation Loss: 0.6937
Elapsed time: 5.48 minutes.
Seq_Len: 2, Epoch [3/4] - Average Test Loss: 0.6914
Elapsed time: 5.55 minutes.
Epoch [4/4], Batch [1], Loss: 0.691093
Epoch [4/4], Batch [11], Loss: 0.691112
Epoch [4/4], Batch [21], Loss: 0.691075
Epoch [4/4], Batch [31], Loss: 0.690724
Epoch [4/4], Batch [41], Loss: 0.691248
Epoch [4/4], Batch [51], Loss: 0.690607
Epoch [4/4], Batch [61], Loss: 0.691009
Epoch [4/4], Batch [71], Loss: 0.690569
Epoch [4/4], Batch [81], Loss: 0.690783
Epoch [4/4], Batch [91], Loss: 0.690955
Epoch [4/4], Batch [101], Loss: 0.691031
Epoch [4/4], Batch [111], Loss: 0.690543
Epoch [4/4], Batch [121], Loss: 0.691104
Epoch [4/4], Batch [131], Loss: 0.690500
Epoch [4/4], Batch [141], Loss: 0.690811
Epoch [4/4], Batch [151], Loss: 0.690869
Epoch [4/4], Batch [161], Loss: 0.690877
Epoch [4/4], Batch [171], Loss: 0.690925
Seq_Len: 2, Epoch [4/4] - Average Train Loss: 0.6909
Seq_Len: 2, Epoch [4/4] - Average Validation Loss: 0.6939
Elapsed time: 6.63 minutes.
Seq_Len: 2, Epoch [4/4] - Average Test Loss: 0.6911
Elapsed time: 6.70 minutes.

Training with sequence length 3.
Epoch [1/4], Batch [1], Loss: 0.691897
Epoch [1/4], Batch [11], Loss: 0.693218
Epoch [1/4], Batch [21], Loss: 0.693160
Epoch [1/4], Batch [31], Loss: 0.693058
Epoch [1/4], Batch [41], Loss: 0.692768
Epoch [1/4], Batch [51], Loss: 0.692200
Epoch [1/4], Batch [61], Loss: 0.692074
Epoch [1/4], Batch [71], Loss: 0.691558
Epoch [1/4], Batch [81], Loss: 0.691577
Epoch [1/4], Batch [91], Loss: 0.691457
Epoch [1/4], Batch [101], Loss: 0.691563
Epoch [1/4], Batch [111], Loss: 0.691177
Epoch [1/4], Batch [121], Loss: 0.691540
Epoch [1/4], Batch [131], Loss: 0.691300
Epoch [1/4], Batch [141], Loss: 0.690998
Epoch [1/4], Batch [151], Loss: 0.691199
Epoch [1/4], Batch [161], Loss: 0.691314
Epoch [1/4], Batch [171], Loss: 0.690957
Epoch [1/4], Batch [181], Loss: 0.690964
Seq_Len: 3, Epoch [1/4] - Average Train Loss: 0.6920
Seq_Len: 3, Epoch [1/4] - Average Validation Loss: 0.6942
Elapsed time: 8.75 minutes.
Seq_Len: 3, Epoch [1/4] - Average Test Loss: 0.6912
Elapsed time: 8.87 minutes.
Epoch [2/4], Batch [1], Loss: 0.690921
Epoch [2/4], Batch [11], Loss: 0.690999
Epoch [2/4], Batch [21], Loss: 0.691263
Epoch [2/4], Batch [31], Loss: 0.691147
Epoch [2/4], Batch [41], Loss: 0.690455
Epoch [2/4], Batch [51], Loss: 0.691113
Epoch [2/4], Batch [61], Loss: 0.690770
Epoch [2/4], Batch [71], Loss: 0.690261
Epoch [2/4], Batch [81], Loss: 0.691045
Epoch [2/4], Batch [91], Loss: 0.690983
Epoch [2/4], Batch [101], Loss: 0.691075
Epoch [2/4], Batch [111], Loss: 0.690869
Epoch [2/4], Batch [121], Loss: 0.691000
Epoch [2/4], Batch [131], Loss: 0.690539
Epoch [2/4], Batch [141], Loss: 0.690880
Epoch [2/4], Batch [151], Loss: 0.690969
Epoch [2/4], Batch [161], Loss: 0.690546
Epoch [2/4], Batch [171], Loss: 0.690721
Epoch [2/4], Batch [181], Loss: 0.691150
Seq_Len: 3, Epoch [2/4] - Average Train Loss: 0.6909
Seq_Len: 3, Epoch [2/4] - Average Validation Loss: 0.6940
Elapsed time: 10.50 minutes.
Seq_Len: 3, Epoch [2/4] - Average Test Loss: 0.6911
Elapsed time: 10.59 minutes.
Epoch [3/4], Batch [1], Loss: 0.690877
Epoch [3/4], Batch [11], Loss: 0.690540
Epoch [3/4], Batch [21], Loss: 0.690623
Epoch [3/4], Batch [31], Loss: 0.690901
Epoch [3/4], Batch [41], Loss: 0.691191
Epoch [3/4], Batch [51], Loss: 0.690724
Epoch [3/4], Batch [61], Loss: 0.690696
Epoch [3/4], Batch [71], Loss: 0.690868
Epoch [3/4], Batch [81], Loss: 0.691175
Epoch [3/4], Batch [91], Loss: 0.691065
Epoch [3/4], Batch [101], Loss: 0.690419
Epoch [3/4], Batch [111], Loss: 0.690721
Epoch [3/4], Batch [121], Loss: 0.690952
Epoch [3/4], Batch [131], Loss: 0.690738
Epoch [3/4], Batch [141], Loss: 0.690674
Epoch [3/4], Batch [151], Loss: 0.691107
Epoch [3/4], Batch [161], Loss: 0.690540
Epoch [3/4], Batch [171], Loss: 0.690781
Epoch [3/4], Batch [181], Loss: 0.690380
Seq_Len: 3, Epoch [3/4] - Average Train Loss: 0.6908
Seq_Len: 3, Epoch [3/4] - Average Validation Loss: 0.6942
Elapsed time: 12.21 minutes.
Seq_Len: 3, Epoch [3/4] - Average Test Loss: 0.6909
Elapsed time: 12.31 minutes.
Epoch [4/4], Batch [1], Loss: 0.690743
Epoch [4/4], Batch [11], Loss: 0.690728
Epoch [4/4], Batch [21], Loss: 0.690465
Epoch [4/4], Batch [31], Loss: 0.690936
Epoch [4/4], Batch [41], Loss: 0.690146
Epoch [4/4], Batch [51], Loss: 0.690797
Epoch [4/4], Batch [61], Loss: 0.690714
Epoch [4/4], Batch [71], Loss: 0.690501
Epoch [4/4], Batch [81], Loss: 0.690574
Epoch [4/4], Batch [91], Loss: 0.690459
Epoch [4/4], Batch [101], Loss: 0.690517
Epoch [4/4], Batch [111], Loss: 0.690648
Epoch [4/4], Batch [121], Loss: 0.690570
Epoch [4/4], Batch [131], Loss: 0.690580
Epoch [4/4], Batch [141], Loss: 0.690419
Epoch [4/4], Batch [151], Loss: 0.690639
Epoch [4/4], Batch [161], Loss: 0.690435
Epoch [4/4], Batch [171], Loss: 0.690316
Epoch [4/4], Batch [181], Loss: 0.690572
Seq_Len: 3, Epoch [4/4] - Average Train Loss: 0.6906
Seq_Len: 3, Epoch [4/4] - Average Validation Loss: 0.6941
Elapsed time: 13.93 minutes.
Seq_Len: 3, Epoch [4/4] - Average Test Loss: 0.6909
Elapsed time: 14.03 minutes.

Training with sequence length 4.
Epoch [1/4], Batch [1], Loss: 0.691273
Epoch [1/4], Batch [11], Loss: 0.693163
Epoch [1/4], Batch [21], Loss: 0.693088
Epoch [1/4], Batch [31], Loss: 0.693080
Epoch [1/4], Batch [41], Loss: 0.693069
Epoch [1/4], Batch [51], Loss: 0.693053
Epoch [1/4], Batch [61], Loss: 0.692781
Epoch [1/4], Batch [71], Loss: 0.692373
Epoch [1/4], Batch [81], Loss: 0.692097
Epoch [1/4], Batch [91], Loss: 0.691801
Epoch [1/4], Batch [101], Loss: 0.692438
Epoch [1/4], Batch [111], Loss: 0.691971
Epoch [1/4], Batch [121], Loss: 0.691825
Epoch [1/4], Batch [131], Loss: 0.691901
Epoch [1/4], Batch [141], Loss: 0.691746
Epoch [1/4], Batch [151], Loss: 0.691332
Epoch [1/4], Batch [161], Loss: 0.691880
Epoch [1/4], Batch [171], Loss: 0.691738
Epoch [1/4], Batch [181], Loss: 0.691344
Seq_Len: 4, Epoch [1/4] - Average Train Loss: 0.6923
Seq_Len: 4, Epoch [1/4] - Average Validation Loss: 0.6937
Elapsed time: 16.66 minutes.
Seq_Len: 4, Epoch [1/4] - Average Test Loss: 0.6916
Elapsed time: 16.80 minutes.
Epoch [2/4], Batch [1], Loss: 0.691605
Epoch [2/4], Batch [11], Loss: 0.691375
Epoch [2/4], Batch [21], Loss: 0.690856
Epoch [2/4], Batch [31], Loss: 0.691077
Epoch [2/4], Batch [41], Loss: 0.691576
Epoch [2/4], Batch [51], Loss: 0.691234
Epoch [2/4], Batch [61], Loss: 0.691181
Epoch [2/4], Batch [71], Loss: 0.691275
Epoch [2/4], Batch [81], Loss: 0.691247
Epoch [2/4], Batch [91], Loss: 0.691208
Epoch [2/4], Batch [101], Loss: 0.691196
Epoch [2/4], Batch [111], Loss: 0.691108
Epoch [2/4], Batch [121], Loss: 0.691262
Epoch [2/4], Batch [131], Loss: 0.691484
Epoch [2/4], Batch [141], Loss: 0.691063
Epoch [2/4], Batch [151], Loss: 0.691248
Epoch [2/4], Batch [161], Loss: 0.691189
Epoch [2/4], Batch [171], Loss: 0.691187
Epoch [2/4], Batch [181], Loss: 0.691092
Seq_Len: 4, Epoch [2/4] - Average Train Loss: 0.6913
Seq_Len: 4, Epoch [2/4] - Average Validation Loss: 0.6939
Elapsed time: 18.98 minutes.
Seq_Len: 4, Epoch [2/4] - Average Test Loss: 0.6914
Elapsed time: 19.10 minutes.
Epoch [3/4], Batch [1], Loss: 0.690955
Epoch [3/4], Batch [11], Loss: 0.691305
Epoch [3/4], Batch [21], Loss: 0.691159
Epoch [3/4], Batch [31], Loss: 0.690988
Epoch [3/4], Batch [41], Loss: 0.691021
Epoch [3/4], Batch [51], Loss: 0.690894
Epoch [3/4], Batch [61], Loss: 0.690848
Epoch [3/4], Batch [71], Loss: 0.690897
Epoch [3/4], Batch [81], Loss: 0.690872
Epoch [3/4], Batch [91], Loss: 0.690806
Epoch [3/4], Batch [101], Loss: 0.690503
Epoch [3/4], Batch [111], Loss: 0.690865
Epoch [3/4], Batch [121], Loss: 0.690957
Epoch [3/4], Batch [131], Loss: 0.690848
Epoch [3/4], Batch [141], Loss: 0.690701
Epoch [3/4], Batch [151], Loss: 0.690956
Epoch [3/4], Batch [161], Loss: 0.690783
Epoch [3/4], Batch [171], Loss: 0.690732
Epoch [3/4], Batch [181], Loss: 0.690590
Seq_Len: 4, Epoch [3/4] - Average Train Loss: 0.6910
Seq_Len: 4, Epoch [3/4] - Average Validation Loss: 0.6946
Elapsed time: 21.29 minutes.
Seq_Len: 4, Epoch [3/4] - Average Test Loss: 0.6912
Elapsed time: 21.41 minutes.
Epoch [4/4], Batch [1], Loss: 0.690993
Epoch [4/4], Batch [11], Loss: 0.690934
Epoch [4/4], Batch [21], Loss: 0.690813
Epoch [4/4], Batch [31], Loss: 0.690978
Epoch [4/4], Batch [41], Loss: 0.690780
Epoch [4/4], Batch [51], Loss: 0.690936
Epoch [4/4], Batch [61], Loss: 0.690875
Epoch [4/4], Batch [71], Loss: 0.691169
Epoch [4/4], Batch [81], Loss: 0.691394
Epoch [4/4], Batch [91], Loss: 0.691233
Epoch [4/4], Batch [101], Loss: 0.690808
Epoch [4/4], Batch [111], Loss: 0.691154
Epoch [4/4], Batch [121], Loss: 0.690870
Epoch [4/4], Batch [131], Loss: 0.690911
Epoch [4/4], Batch [141], Loss: 0.690971
Epoch [4/4], Batch [151], Loss: 0.690676
Epoch [4/4], Batch [161], Loss: 0.690633
Epoch [4/4], Batch [171], Loss: 0.691338
Epoch [4/4], Batch [181], Loss: 0.690489
Seq_Len: 4, Epoch [4/4] - Average Train Loss: 0.6909
Seq_Len: 4, Epoch [4/4] - Average Validation Loss: 0.6946
Elapsed time: 23.59 minutes.
Seq_Len: 4, Epoch [4/4] - Average Test Loss: 0.6911
Elapsed time: 23.71 minutes.

Training with sequence length 5.
Epoch [1/4], Batch [1], Loss: 0.691301
Epoch [1/4], Batch [11], Loss: 0.692827
Epoch [1/4], Batch [21], Loss: 0.692336
Epoch [1/4], Batch [31], Loss: 0.691831
Epoch [1/4], Batch [41], Loss: 0.691782
Epoch [1/4], Batch [51], Loss: 0.691820
Epoch [1/4], Batch [61], Loss: 0.691699
Epoch [1/4], Batch [71], Loss: 0.691329
Epoch [1/4], Batch [81], Loss: 0.691550
Epoch [1/4], Batch [91], Loss: 0.691348
Epoch [1/4], Batch [101], Loss: 0.691357
Epoch [1/4], Batch [111], Loss: 0.691268
Epoch [1/4], Batch [121], Loss: 0.691119
Epoch [1/4], Batch [131], Loss: 0.691065
Epoch [1/4], Batch [141], Loss: 0.691370
Epoch [1/4], Batch [151], Loss: 0.690934
Epoch [1/4], Batch [161], Loss: 0.691236
Epoch [1/4], Batch [171], Loss: 0.691175
Epoch [1/4], Batch [181], Loss: 0.691053
Seq_Len: 5, Epoch [1/4] - Average Train Loss: 0.6915
Seq_Len: 5, Epoch [1/4] - Average Validation Loss: 0.6949
Elapsed time: 26.86 minutes.
Seq_Len: 5, Epoch [1/4] - Average Test Loss: 0.6914
Elapsed time: 27.04 minutes.
Epoch [2/4], Batch [1], Loss: 0.691100
Epoch [2/4], Batch [11], Loss: 0.691442
Epoch [2/4], Batch [21], Loss: 0.690919
Epoch [2/4], Batch [31], Loss: 0.691083
Epoch [2/4], Batch [41], Loss: 0.691369
Epoch [2/4], Batch [51], Loss: 0.690990
Epoch [2/4], Batch [61], Loss: 0.690973
Epoch [2/4], Batch [71], Loss: 0.690976
Epoch [2/4], Batch [81], Loss: 0.691239
Epoch [2/4], Batch [91], Loss: 0.691032
Epoch [2/4], Batch [101], Loss: 0.690904
Epoch [2/4], Batch [111], Loss: 0.690972
Epoch [2/4], Batch [121], Loss: 0.691189
Epoch [2/4], Batch [131], Loss: 0.691229
Epoch [2/4], Batch [141], Loss: 0.691504
Epoch [2/4], Batch [151], Loss: 0.690942
Epoch [2/4], Batch [161], Loss: 0.690769
Epoch [2/4], Batch [171], Loss: 0.691306
Epoch [2/4], Batch [181], Loss: 0.690826
Seq_Len: 5, Epoch [2/4] - Average Train Loss: 0.6911
Seq_Len: 5, Epoch [2/4] - Average Validation Loss: 0.6940
Elapsed time: 29.77 minutes.
Seq_Len: 5, Epoch [2/4] - Average Test Loss: 0.6913
Elapsed time: 29.93 minutes.
Epoch [3/4], Batch [1], Loss: 0.691181
Epoch [3/4], Batch [11], Loss: 0.691407
Epoch [3/4], Batch [21], Loss: 0.691277
Epoch [3/4], Batch [31], Loss: 0.691349
Epoch [3/4], Batch [41], Loss: 0.691020
Epoch [3/4], Batch [51], Loss: 0.690848
Epoch [3/4], Batch [61], Loss: 0.690473
Epoch [3/4], Batch [71], Loss: 0.690862
Epoch [3/4], Batch [81], Loss: 0.691039
Epoch [3/4], Batch [91], Loss: 0.690676
Epoch [3/4], Batch [101], Loss: 0.690707
Epoch [3/4], Batch [111], Loss: 0.690841
Epoch [3/4], Batch [121], Loss: 0.690751
Epoch [3/4], Batch [131], Loss: 0.690977
Epoch [3/4], Batch [141], Loss: 0.691432
Epoch [3/4], Batch [151], Loss: 0.690978
Epoch [3/4], Batch [161], Loss: 0.690615
Epoch [3/4], Batch [171], Loss: 0.690967
Epoch [3/4], Batch [181], Loss: 0.691014
Seq_Len: 5, Epoch [3/4] - Average Train Loss: 0.6909
Seq_Len: 5, Epoch [3/4] - Average Validation Loss: 0.6941
Elapsed time: 32.67 minutes.
Seq_Len: 5, Epoch [3/4] - Average Test Loss: 0.6913
Elapsed time: 32.82 minutes.
Epoch [4/4], Batch [1], Loss: 0.691137
Epoch [4/4], Batch [11], Loss: 0.690735
Epoch [4/4], Batch [21], Loss: 0.690393
Epoch [4/4], Batch [31], Loss: 0.690743
Epoch [4/4], Batch [41], Loss: 0.690562
Epoch [4/4], Batch [51], Loss: 0.690564
Epoch [4/4], Batch [61], Loss: 0.690664
Epoch [4/4], Batch [71], Loss: 0.691114
Epoch [4/4], Batch [81], Loss: 0.690657
Epoch [4/4], Batch [91], Loss: 0.690939
Epoch [4/4], Batch [101], Loss: 0.690800
Epoch [4/4], Batch [111], Loss: 0.691103
Epoch [4/4], Batch [121], Loss: 0.691150
Epoch [4/4], Batch [131], Loss: 0.690904
Epoch [4/4], Batch [141], Loss: 0.691038
Epoch [4/4], Batch [151], Loss: 0.691012
Epoch [4/4], Batch [161], Loss: 0.690902
Epoch [4/4], Batch [171], Loss: 0.691127
Epoch [4/4], Batch [181], Loss: 0.690991
Seq_Len: 5, Epoch [4/4] - Average Train Loss: 0.6909
Seq_Len: 5, Epoch [4/4] - Average Validation Loss: 0.6947
Elapsed time: 35.56 minutes.
Seq_Len: 5, Epoch [4/4] - Average Test Loss: 0.6913
Elapsed time: 35.72 minutes.

Training with sequence length 6.
Epoch [1/4], Batch [1], Loss: 0.691059
Epoch [1/4], Batch [11], Loss: 0.692976
Epoch [1/4], Batch [21], Loss: 0.692500
Epoch [1/4], Batch [31], Loss: 0.691448
Epoch [1/4], Batch [41], Loss: 0.691591
Epoch [1/4], Batch [51], Loss: 0.691541
Epoch [1/4], Batch [61], Loss: 0.690968
Epoch [1/4], Batch [71], Loss: 0.691515
Epoch [1/4], Batch [81], Loss: 0.691058
Epoch [1/4], Batch [91], Loss: 0.691334
Epoch [1/4], Batch [101], Loss: 0.691285
Epoch [1/4], Batch [111], Loss: 0.690601
Epoch [1/4], Batch [121], Loss: 0.691412
Epoch [1/4], Batch [131], Loss: 0.691229
Epoch [1/4], Batch [141], Loss: 0.691502
Epoch [1/4], Batch [151], Loss: 0.691168
Epoch [1/4], Batch [161], Loss: 0.690748
Epoch [1/4], Batch [171], Loss: 0.691469
Epoch [1/4], Batch [181], Loss: 0.691317
Epoch [1/4], Batch [191], Loss: 0.690866
Seq_Len: 6, Epoch [1/4] - Average Train Loss: 0.6914
Seq_Len: 6, Epoch [1/4] - Average Validation Loss: 0.6948
Elapsed time: 39.43 minutes.
Seq_Len: 6, Epoch [1/4] - Average Test Loss: 0.6915
Elapsed time: 39.64 minutes.
Epoch [2/4], Batch [1], Loss: 0.691260
Epoch [2/4], Batch [11], Loss: 0.691204
Epoch [2/4], Batch [21], Loss: 0.691184
Epoch [2/4], Batch [31], Loss: 0.690984
Epoch [2/4], Batch [41], Loss: 0.691082
Epoch [2/4], Batch [51], Loss: 0.690704
Epoch [2/4], Batch [61], Loss: 0.690692
Epoch [2/4], Batch [71], Loss: 0.690805
Epoch [2/4], Batch [81], Loss: 0.691094
Epoch [2/4], Batch [91], Loss: 0.691105
Epoch [2/4], Batch [101], Loss: 0.690724
Epoch [2/4], Batch [111], Loss: 0.690992
Epoch [2/4], Batch [121], Loss: 0.691089
Epoch [2/4], Batch [131], Loss: 0.690765
Epoch [2/4], Batch [141], Loss: 0.691108
Epoch [2/4], Batch [151], Loss: 0.690978
Epoch [2/4], Batch [161], Loss: 0.691201
Epoch [2/4], Batch [171], Loss: 0.691270
Epoch [2/4], Batch [181], Loss: 0.690999
Epoch [2/4], Batch [191], Loss: 0.691239
Seq_Len: 6, Epoch [2/4] - Average Train Loss: 0.6910
Seq_Len: 6, Epoch [2/4] - Average Validation Loss: 0.6938
Elapsed time: 42.95 minutes.
Seq_Len: 6, Epoch [2/4] - Average Test Loss: 0.6915
Elapsed time: 43.14 minutes.
Epoch [3/4], Batch [1], Loss: 0.691062
Epoch [3/4], Batch [11], Loss: 0.691473
Epoch [3/4], Batch [21], Loss: 0.690816
Epoch [3/4], Batch [31], Loss: 0.690892
Epoch [3/4], Batch [41], Loss: 0.691263
Epoch [3/4], Batch [51], Loss: 0.691154
Epoch [3/4], Batch [61], Loss: 0.690874
Epoch [3/4], Batch [71], Loss: 0.690846
Epoch [3/4], Batch [81], Loss: 0.691349
Epoch [3/4], Batch [91], Loss: 0.691059
Epoch [3/4], Batch [101], Loss: 0.691181
Epoch [3/4], Batch [111], Loss: 0.690884
Epoch [3/4], Batch [121], Loss: 0.691247
Epoch [3/4], Batch [131], Loss: 0.690797
Epoch [3/4], Batch [141], Loss: 0.691025
Epoch [3/4], Batch [151], Loss: 0.690975
Epoch [3/4], Batch [161], Loss: 0.690735
Epoch [3/4], Batch [171], Loss: 0.691267
Epoch [3/4], Batch [181], Loss: 0.690626
Epoch [3/4], Batch [191], Loss: 0.690540
Seq_Len: 6, Epoch [3/4] - Average Train Loss: 0.6909
Seq_Len: 6, Epoch [3/4] - Average Validation Loss: 0.6941
Elapsed time: 46.45 minutes.
Seq_Len: 6, Epoch [3/4] - Average Test Loss: 0.6916
Elapsed time: 46.64 minutes.
Epoch [4/4], Batch [1], Loss: 0.691026
Epoch [4/4], Batch [11], Loss: 0.690869
Epoch [4/4], Batch [21], Loss: 0.691127
Epoch [4/4], Batch [31], Loss: 0.691146
Epoch [4/4], Batch [41], Loss: 0.691035
Epoch [4/4], Batch [51], Loss: 0.690536
Epoch [4/4], Batch [61], Loss: 0.690660
Epoch [4/4], Batch [71], Loss: 0.690848
Epoch [4/4], Batch [81], Loss: 0.691015
Epoch [4/4], Batch [91], Loss: 0.690544
Epoch [4/4], Batch [101], Loss: 0.690425
Epoch [4/4], Batch [111], Loss: 0.690704
Epoch [4/4], Batch [121], Loss: 0.691104
Epoch [4/4], Batch [131], Loss: 0.690673
Epoch [4/4], Batch [141], Loss: 0.690975
Epoch [4/4], Batch [151], Loss: 0.691011
Epoch [4/4], Batch [161], Loss: 0.690518
Epoch [4/4], Batch [171], Loss: 0.690640
Epoch [4/4], Batch [181], Loss: 0.691128
Epoch [4/4], Batch [191], Loss: 0.690624
Seq_Len: 6, Epoch [4/4] - Average Train Loss: 0.6908
Seq_Len: 6, Epoch [4/4] - Average Validation Loss: 0.6940
Elapsed time: 49.95 minutes.
Seq_Len: 6, Epoch [4/4] - Average Test Loss: 0.6915
Elapsed time: 50.14 minutes.

Training complete!
Total elapsed time: 50.14 minutes.
Sequence Length 2: Median Loss = 0.691828
Sequence Length 3: Median Loss = 0.690878
Sequence Length 4: Median Loss = 0.691164
Sequence Length 5: Median Loss = 0.691038
Sequence Length 6: Median Loss = 0.691046
CUDA is available!
rm: cannot remove '*.gif': No such file or directory
