Training with sequence length 2.
0.696228
0.693285
0.693139
0.693097
0.693155
0.693076
0.693081
0.693090
0.693132
0.693079
0.693011
0.693141
0.693022
0.693106
0.693044
0.693041
0.693069
0.693160
0.693098
0.692991
0.693116
0.693037
0.693055
0.693043
0.692966
0.693088
0.692910
0.692834
0.692831
0.692808
0.692736
0.692700
0.692570
0.692401
0.692162
0.691804
0.691836
0.691819
0.691696
0.691605
0.691178
0.691657
0.691277
0.691274
0.691408
0.691255
0.691140
0.691333
0.691563
0.691405
0.691511
0.690936
0.691285
0.691164
0.691093
0.691112
0.691075
0.690724
0.691248
0.690607
0.691009
0.690569
0.690783
0.690955
0.691031
0.690543
0.691104
0.690500
0.690811
0.690869
0.690877
0.690925
Training with sequence length 3.
0.691897
0.693218
0.693160
0.693058
0.692768
0.692200
0.692074
0.691558
0.691577
0.691457
0.691563
0.691177
0.691540
0.691300
0.690998
0.691199
0.691314
0.690957
0.690964
0.690921
0.690999
0.691263
0.691147
0.690455
0.691113
0.690770
0.690261
0.691045
0.690983
0.691075
0.690869
0.691000
0.690539
0.690880
0.690969
0.690546
0.690721
0.691150
0.690877
0.690540
0.690623
0.690901
0.691191
0.690724
0.690696
0.690868
0.691175
0.691065
0.690419
0.690721
0.690952
0.690738
0.690674
0.691107
0.690540
0.690781
0.690380
0.690743
0.690728
0.690465
0.690936
0.690146
0.690797
0.690714
0.690501
0.690574
0.690459
0.690517
0.690648
0.690570
0.690580
0.690419
0.690639
0.690435
0.690316
0.690572
Training with sequence length 4.
0.691273
0.693163
0.693088
0.693080
0.693069
0.693053
0.692781
0.692373
0.692097
0.691801
0.692438
0.691971
0.691825
0.691901
0.691746
0.691332
0.691880
0.691738
0.691344
0.691605
0.691375
0.690856
0.691077
0.691576
0.691234
0.691181
0.691275
0.691247
0.691208
0.691196
0.691108
0.691262
0.691484
0.691063
0.691248
0.691189
0.691187
0.691092
0.690955
0.691305
0.691159
0.690988
0.691021
0.690894
0.690848
0.690897
0.690872
0.690806
0.690503
0.690865
0.690957
0.690848
0.690701
0.690956
0.690783
0.690732
0.690590
0.690993
0.690934
0.690813
0.690978
0.690780
0.690936
0.690875
0.691169
0.691394
0.691233
0.690808
0.691154
0.690870
0.690911
0.690971
0.690676
0.690633
0.691338
0.690489
Training with sequence length 5.
0.691301
0.692827
0.692336
0.691831
0.691782
0.691820
0.691699
0.691329
0.691550
0.691348
0.691357
0.691268
0.691119
0.691065
0.691370
0.690934
0.691236
0.691175
0.691053
0.691100
0.691442
0.690919
0.691083
0.691369
0.690990
0.690973
0.690976
0.691239
0.691032
0.690904
0.690972
0.691189
0.691229
0.691504
0.690942
0.690769
0.691306
0.690826
0.691181
0.691407
0.691277
0.691349
0.691020
0.690848
0.690473
0.690862
0.691039
0.690676
0.690707
0.690841
0.690751
0.690977
0.691432
0.690978
0.690615
0.690967
0.691014
0.691137
0.690735
0.690393
0.690743
0.690562
0.690564
0.690664
0.691114
0.690657
0.690939
0.690800
0.691103
0.691150
0.690904
0.691038
0.691012
0.690902
0.691127
0.690991
Training with sequence length 6.
0.691059
0.692976
0.692500
0.691448
0.691591
0.691541
0.690968
0.691515
0.691058
0.691334
0.691285
0.690601
0.691412
0.691229
0.691502
0.691168
0.690748
0.691469
0.691317
0.690866
0.691260
0.691204
0.691184
0.690984
0.691082
0.690704
0.690692
0.690805
0.691094
0.691105
0.690724
0.690992
0.691089
0.690765
0.691108
0.690978
0.691201
0.691270
0.690999
0.691239
0.691062
0.691473
0.690816
0.690892
0.691263
0.691154
0.690874
0.690846
0.691349
0.691059
0.691181
0.690884
0.691247
0.690797
0.691025
0.690975
0.690735
0.691267
0.690626
0.690540
0.691026
0.690869
0.691127
0.691146
0.691035
0.690536
0.690660
0.690848
0.691015
0.690544
0.690425
0.690704
0.691104
0.690673
0.690975
0.691011
0.690518
0.690640
0.691128
0.690624
