Training with sequence length 2.
398994.687500
139212.906250
93300.273438
77459.812500
66869.218750
62894.437500
59367.898438
57032.851562
53880.343750
51298.507812
50634.351562
49528.460938
49385.371094
49180.007812
48470.531250
50666.746094
48505.250000
47864.640625
47385.097656
46396.890625
48524.691406
47474.828125
44993.503906
46530.531250
46203.328125
46618.628906
43661.273438
45423.574219
45543.414062
45249.296875
46515.363281
45923.050781
45752.843750
45970.847656
46305.058594
47768.261719
45622.328125
45272.867188
41723.218750
42747.492188
44333.023438
43969.093750
45437.562500
44010.847656
46693.070312
44321.726562
44445.417969
43813.632812
43874.996094
43946.992188
43784.976562
44364.503906
44150.378906
42672.398438
43711.464844
43567.644531
42867.476562
44349.320312
43340.523438
45997.835938
44983.632812
42096.031250
42187.265625
42866.578125
43246.695312
43247.203125
42327.265625
43914.285156
43292.492188
41811.359375
41843.144531
42104.777344
41075.078125
42263.582031
41314.234375
42458.648438
41721.625000
41384.601562
40251.890625
44363.945312
43517.386719
42765.609375
43335.953125
42714.125000
41967.378906
39958.679688
43073.015625
40494.117188
40050.726562
41128.046875
40666.820312
41476.460938
41696.984375
38965.402344
39643.945312
40152.558594
41480.539062
40284.312500
41334.925781
38113.351562
40801.835938
41408.468750
42027.296875
40316.542969
40121.750000
40490.875000
42551.328125
40969.742188
39129.308594
41266.593750
38819.781250
40833.070312
40604.929688
39017.476562
41290.773438
39865.984375
43523.890625
39810.066406
41767.710938
36972.878906
37572.824219
40240.078125
39640.812500
39275.226562
39352.421875
39445.003906
40451.335938
40196.578125
40663.671875
39543.929688
39410.503906
37249.535156
39609.750000
39903.171875
38951.570312
41477.945312
40180.460938
36582.859375
40902.796875
39647.953125
39317.417969
39583.257812
39513.453125
39098.160156
39584.558594
40217.824219
39390.464844
38197.664062
39745.953125
40321.378906
41521.367188
41096.664062
40172.367188
39304.042969
37279.140625
40568.250000
40411.621094
39668.910156
38789.882812
40940.960938
39987.371094
39478.707031
40319.164062
39884.539062
38480.929688
37639.390625
39127.796875
40331.109375
39056.468750
39271.566406
37756.628906
38005.863281
38721.683594
39222.718750
38972.164062
39627.113281
37561.703125
39054.648438
38325.261719
39875.007812
36860.828125
38192.566406
39067.410156
38252.484375
38714.734375
37247.109375
40428.289062
40063.859375
37412.468750
39171.429688
38703.453125
37987.078125
38724.921875
39133.769531
40052.710938
37710.746094
40752.140625
36141.558594
37767.421875
38548.429688
38814.445312
40516.492188
37611.078125
39035.578125
40343.375000
36581.695312
36694.476562
37182.382812
38603.062500
36747.828125
38683.656250
38198.734375
36678.015625
37307.367188
40129.390625
38068.757812
37384.320312
38140.625000
36908.816406
36623.046875
39272.226562
37276.179688
37314.574219
38169.859375
37909.867188
Training with sequence length 3.
78612.117188
74663.000000
70328.804688
67338.609375
67059.593750
61489.289062
63486.140625
66805.093750
64215.089844
61897.085938
64345.070312
60743.894531
62144.089844
61978.914062
64269.718750
59396.074219
65870.796875
66590.054688
58136.250000
60063.648438
61434.218750
60768.289062
60027.226562
61165.570312
57533.132812
56322.789062
59737.835938
62566.796875
62096.812500
60711.136719
58645.988281
59054.414062
62563.746094
57242.718750
59184.953125
61036.097656
62277.039062
61129.335938
60470.617188
57701.804688
57453.417969
59105.066406
60661.578125
62598.734375
57800.152344
56161.902344
60831.027344
60868.531250
60867.132812
59789.312500
60898.460938
60049.921875
58426.585938
58968.976562
57442.062500
58403.468750
59963.984375
58520.386719
58535.285156
58139.320312
55818.160156
58343.359375
57940.953125
56613.765625
56325.609375
61199.519531
56950.312500
57824.273438
55287.812500
56236.656250
58589.890625
58657.382812
57448.140625
56524.246094
57400.636719
56794.710938
56898.902344
56136.375000
58031.117188
55785.238281
53016.171875
58663.757812
59579.562500
58164.156250
57578.328125
57222.527344
58338.765625
55966.156250
56617.578125
58347.835938
60601.742188
60704.335938
58176.250000
55858.976562
57671.234375
57749.125000
59928.027344
57095.464844
58670.257812
57717.539062
54569.957031
58079.167969
58478.199219
57277.136719
56313.843750
58182.351562
54009.875000
55939.195312
53541.875000
57786.328125
54301.796875
54349.609375
58804.757812
58793.339844
54095.875000
60459.257812
56492.304688
54638.531250
57561.421875
54445.140625
55781.562500
57069.011719
61129.652344
55149.347656
56407.003906
58097.343750
55657.781250
54504.558594
56923.781250
55678.765625
57236.304688
54627.921875
54586.000000
54909.324219
56593.601562
55269.285156
54755.953125
54723.507812
53640.519531
53088.992188
53733.632812
55666.527344
57422.125000
52341.382812
59138.351562
57072.589844
54131.769531
57004.363281
56905.062500
55077.164062
58226.406250
56070.273438
56164.207031
54285.039062
54812.054688
56676.691406
55706.023438
56360.835938
57939.699219
56095.375000
50313.281250
55885.613281
52568.136719
55584.542969
55400.007812
55023.226562
53379.152344
57596.140625
55230.714844
53323.296875
55163.273438
54465.851562
54474.730469
55107.554688
54960.648438
53606.734375
55926.335938
55254.023438
54305.441406
56341.234375
54581.140625
54905.531250
56421.042969
54331.730469
56846.640625
50540.726562
56334.992188
54987.390625
56285.894531
56237.550781
54164.363281
56414.507812
53996.191406
57295.742188
53360.816406
55156.398438
55848.062500
Training with sequence length 4.
81117.335938
76175.812500
79427.828125
79237.867188
77096.773438
77494.765625
78118.507812
78396.171875
81190.515625
75451.140625
78761.328125
79258.046875
78275.843750
78480.898438
77416.062500
73754.796875
76071.296875
80132.000000
78638.734375
78168.953125
76119.656250
75344.296875
76103.570312
76376.046875
72695.171875
78581.554688
76409.656250
78139.156250
80038.585938
77464.078125
74824.929688
79457.515625
76905.742188
73744.703125
77303.265625
80518.195312
73360.703125
77121.367188
75227.492188
78126.585938
73903.890625
74284.515625
77492.789062
77911.382812
78262.109375
74970.664062
71454.242188
74246.078125
71272.390625
75610.953125
79179.992188
77548.656250
73394.500000
75663.937500
78394.078125
76011.609375
73969.265625
73705.546875
75504.703125
73965.226562
77838.898438
75944.296875
76579.468750
73023.632812
77417.156250
74683.421875
75118.570312
72081.234375
74362.453125
72151.250000
75213.406250
78291.187500
76227.515625
71473.218750
69424.148438
76770.414062
72943.601562
77880.171875
75264.015625
73995.843750
74984.250000
76875.109375
76381.656250
72947.031250
73340.640625
74338.570312
74228.140625
71765.984375
73583.500000
74886.210938
73945.343750
75297.109375
79815.765625
75642.929688
76471.156250
78432.937500
76428.976562
75743.906250
73401.960938
74734.664062
73096.625000
71296.218750
73171.492188
72128.617188
73278.468750
75565.328125
75059.000000
76260.960938
72123.351562
74768.984375
75498.281250
74003.203125
72206.015625
75547.953125
74243.890625
75779.453125
71746.171875
75701.296875
73624.546875
77081.171875
69403.851562
72633.265625
73603.984375
73391.968750
69889.671875
76301.671875
74635.390625
77607.718750
74422.015625
72567.742188
76586.070312
76077.531250
77380.437500
73024.382812
71416.328125
73053.187500
75950.562500
74933.609375
73039.445312
71082.507812
75896.156250
69067.023438
71823.703125
78653.726562
75827.992188
75231.656250
72043.031250
70036.218750
74423.882812
74384.531250
73597.398438
72248.625000
74793.398438
69142.171875
72430.187500
75584.484375
69293.585938
71774.992188
72019.156250
73962.343750
75448.000000
73369.117188
69431.906250
75145.687500
72176.593750
72005.890625
74991.671875
71759.476562
71265.625000
Training with sequence length 5.
97518.960938
95492.984375
97298.210938
95298.296875
95452.656250
91209.421875
90771.039062
96177.687500
86942.765625
98363.414062
92179.851562
93666.875000
95705.625000
94844.218750
96977.546875
94697.210938
94872.570312
98389.578125
102786.437500
96462.250000
90347.421875
93920.750000
95320.312500
92639.421875
100607.578125
95438.390625
97424.062500
96618.578125
95859.679688
95656.906250
94573.273438
95120.593750
92888.421875
90932.765625
86613.015625
96521.617188
95226.015625
98582.937500
94388.171875
92884.484375
92792.890625
92520.140625
96430.195312
89856.921875
93948.203125
92887.937500
88872.578125
91949.773438
97816.710938
96371.914062
89190.515625
93950.414062
91249.625000
92007.546875
92870.023438
89146.960938
97741.382812
90366.085938
90949.328125
92461.187500
94097.609375
90336.429688
92729.531250
93087.390625
93432.476562
96550.414062
93520.140625
93254.156250
92634.421875
99964.625000
92281.414062
96110.625000
91772.156250
87047.507812
89455.828125
87432.500000
86263.687500
91223.125000
89852.343750
92511.656250
90958.703125
93829.085938
92860.593750
89893.054688
86930.828125
96957.054688
91065.968750
91755.625000
92513.046875
90374.000000
93039.875000
91348.375000
91374.804688
91567.828125
95078.445312
93484.851562
91495.046875
92302.734375
90168.250000
99263.414062
87876.304688
92740.445312
89573.468750
92916.281250
93115.656250
96780.578125
92855.218750
91354.171875
89277.125000
90756.429688
93904.281250
87831.921875
91915.585938
92437.234375
97697.656250
91039.398438
95798.734375
93482.343750
89732.515625
91906.343750
94908.781250
84181.296875
92166.460938
89672.812500
95239.296875
87755.914062
91168.179688
90537.453125
89413.007812
96722.328125
93514.398438
93751.515625
89858.679688
86827.945312
91290.578125
83974.484375
98020.796875
94718.132812
87164.734375
91052.250000
88778.367188
Training with sequence length 6.
122002.546875
109083.609375
116319.015625
116067.531250
118137.546875
113358.906250
124838.234375
117506.406250
108472.265625
115916.046875
109789.523438
115056.968750
112597.921875
111545.000000
115286.250000
104977.281250
112670.531250
109296.812500
115006.273438
111569.320312
120891.171875
111682.656250
116408.968750
118889.687500
111221.234375
110964.085938
114813.578125
113241.312500
114198.125000
114217.734375
113207.234375
114225.343750
119684.359375
114241.656250
111177.671875
116144.562500
109435.875000
118813.445312
116606.867188
110041.937500
110163.164062
114694.015625
113378.421875
107424.765625
117045.062500
113543.703125
107135.843750
106834.375000
109010.000000
114192.531250
110000.515625
109733.546875
106000.367188
110661.015625
112836.000000
108708.828125
109582.125000
111718.546875
118384.046875
108438.484375
113874.226562
113714.742188
112242.328125
106375.156250
113781.390625
110148.476562
115234.312500
109324.156250
110844.734375
110309.554688
108626.515625
105133.718750
112334.453125
105679.234375
118214.203125
111082.367188
106560.093750
116131.679688
111710.390625
108817.812500
104894.976562
108752.054688
108755.921875
110202.093750
112282.281250
105861.164062
115636.578125
105089.015625
112764.281250
107387.492188
112616.640625
109424.312500
106772.796875
114373.406250
111389.960938
110663.046875
106440.117188
113830.382812
109540.093750
111390.648438
108162.023438
109442.359375
113726.078125
109805.406250
104679.718750
108477.445312
106847.843750
108099.109375
113042.281250
107010.671875
111344.062500
111237.820312
109722.476562
Training with sequence length 7.
129445.875000
134024.046875
133777.781250
133329.562500
133586.406250
135791.015625
136386.484375
129128.562500
130770.953125
138076.500000
132430.500000
131872.937500
129940.265625
135575.718750
130087.078125
129753.984375
132566.593750
135284.437500
134688.765625
134108.406250
135163.875000
134263.062500
129192.929688
128195.828125
126514.195312
135935.890625
138254.968750
131032.718750
126577.101562
134786.562500
130740.609375
137687.156250
137888.562500
130977.046875
133441.109375
135631.921875
134315.562500
134169.281250
133100.250000
129718.164062
131893.718750
130240.171875
131890.921875
130992.062500
128940.976562
126676.578125
126722.609375
124913.484375
130910.328125
131263.750000
134224.906250
123349.804688
127037.359375
131590.750000
133987.343750
126077.187500
131246.750000
134686.156250
134395.656250
131150.000000
130506.187500
127597.328125
124373.851562
129082.218750
131418.531250
140393.703125
124977.625000
131437.750000
135930.812500
137921.203125
135103.218750
125326.054688
136247.218750
126453.421875
124479.671875
139603.609375
134031.531250
132895.812500
127222.093750
128267.828125
128241.828125
131328.859375
135497.875000
133734.031250
137968.671875
Training with sequence length 8.
161592.953125
142740.812500
146778.656250
158818.328125
154102.218750
153077.625000
152216.750000
149606.656250
153986.015625
152336.078125
153829.031250
143179.187500
152734.218750
153357.812500
152225.218750
152861.781250
148411.468750
141924.781250
152329.000000
144120.453125
150915.390625
159103.203125
149017.750000
150468.906250
141644.109375
152437.750000
150539.500000
142118.781250
154432.484375
150930.812500
152960.375000
146915.234375
142903.656250
156351.406250
154565.031250
151706.937500
152727.750000
146904.734375
152870.281250
154846.312500
149844.734375
147708.437500
150764.781250
152293.406250
154037.187500
154659.890625
149732.968750
153132.093750
152289.906250
150557.937500
155360.218750
151998.734375
152338.218750
148165.093750
148153.593750
155184.093750
143216.656250
Training with sequence length 9.
178156.656250
169203.781250
172600.187500
165953.406250
168669.296875
170065.593750
174838.437500
182813.437500
177679.500000
177949.937500
173388.718750
183885.140625
172141.468750
165992.296875
172562.687500
169147.296875
172075.546875
177036.984375
176231.875000
174723.578125
164739.484375
174877.812500
177212.265625
171748.531250
173515.843750
168108.531250
179199.171875
167833.750000
173627.531250
