Training with sequence length 2.
332432.437500
123353.375000
100563.562500
88373.687500
75259.000000
66548.546875
60239.027344
57627.324219
50637.554688
53534.089844
50612.625000
51017.867188
51069.242188
50334.515625
48354.273438
48575.468750
45591.281250
50417.929688
45584.824219
49925.617188
47464.507812
47575.273438
47044.718750
45233.652344
46030.886719
43667.808594
44651.097656
44815.914062
43821.859375
45392.148438
44617.687500
45288.648438
43438.007812
45946.882812
43404.519531
41988.539062
43948.761719
44234.933594
41303.492188
42347.574219
41162.132812
44320.492188
43262.800781
42717.257812
42880.921875
41802.750000
42710.937500
42262.265625
42066.472656
41501.039062
42681.820312
44533.843750
44066.921875
42662.523438
42559.695312
43085.343750
42834.109375
41605.753906
41430.250000
42685.828125
42390.335938
42082.632812
39909.132812
43269.191406
42966.492188
40727.312500
40703.906250
39299.625000
39431.328125
42603.078125
40794.535156
43582.898438
40079.761719
39320.003906
40039.125000
41134.843750
41506.070312
39462.554688
39789.472656
41347.457031
40279.820312
40760.625000
40693.996094
43046.875000
39480.386719
41704.281250
40069.746094
39349.871094
41881.578125
41172.468750
38649.628906
40236.640625
41194.851562
39984.976562
41162.718750
40896.902344
39120.820312
38192.269531
41160.000000
39187.031250
39490.417969
38142.195312
36338.125000
39206.343750
39462.488281
39403.847656
39893.417969
41658.265625
40152.609375
41633.460938
39225.054688
39028.792969
41794.234375
40626.539062
38359.835938
37441.070312
38700.492188
39418.437500
39863.125000
40249.289062
38633.859375
38781.781250
38439.468750
39098.429688
39555.667969
39645.894531
39616.929688
39787.355469
38767.433594
39683.710938
39572.257812
39914.460938
39003.781250
38301.640625
36718.648438
38107.468750
37663.898438
40380.722656
40586.109375
38743.179688
38983.218750
39459.265625
39518.632812
38695.929688
36470.890625
39517.390625
38889.992188
40008.898438
39098.921875
38846.234375
39701.757812
38268.671875
39738.761719
36819.445312
38831.406250
39216.453125
36418.132812
38107.007812
38341.390625
39149.164062
39404.835938
38634.253906
39228.007812
38081.195312
37850.726562
37870.898438
36991.320312
37323.222656
38918.371094
38307.074219
36031.949219
36695.039062
38712.593750
38035.660156
36749.593750
37627.062500
38672.355469
37188.117188
37655.593750
38754.453125
36529.496094
38550.363281
39115.316406
38218.648438
37623.773438
37981.933594
39625.324219
37808.710938
36436.832031
36611.898438
39127.203125
36324.015625
38198.718750
38103.796875
38786.085938
38638.773438
37227.164062
35359.507812
37380.515625
37726.679688
36796.597656
36677.335938
39286.210938
38077.507812
37931.718750
36798.910156
36959.785156
37514.226562
36390.789062
37406.289062
37101.839844
35600.164062
36978.062500
37188.820312
37159.617188
38077.960938
38216.421875
36037.726562
37648.832031
37347.585938
36523.601562
36249.472656
38088.390625
36916.859375
36891.328125
Training with sequence length 3.
69992.570312
75931.750000
71954.734375
69631.351562
63949.371094
64832.066406
63177.750000
62654.691406
63299.839844
63799.152344
60621.550781
66165.710938
63512.656250
59592.792969
58878.781250
59643.640625
61972.453125
60712.320312
61482.910156
60272.859375
58393.566406
55969.375000
60430.503906
62214.406250
59451.460938
57633.320312
61325.062500
58666.628906
61114.003906
59942.648438
58882.492188
62228.351562
60013.851562
56576.011719
59809.679688
57524.257812
57579.257812
58448.890625
57701.636719
61117.484375
58512.878906
57515.796875
58829.234375
57450.730469
57670.132812
55727.085938
57612.535156
60097.406250
56619.304688
57634.363281
54401.433594
60323.187500
55765.871094
57669.523438
55608.093750
60350.988281
54651.171875
58319.683594
55047.859375
58089.148438
55163.937500
55199.398438
54929.445312
53861.546875
58119.160156
54705.910156
56475.953125
57679.289062
56916.734375
58889.332031
57190.410156
58155.304688
54489.460938
55257.757812
56771.562500
57219.441406
56740.792969
56635.074219
56020.195312
56809.593750
59617.386719
57028.671875
57153.007812
57332.781250
57584.992188
56231.417969
59321.453125
56827.691406
57984.437500
57981.195312
54763.097656
56930.015625
56914.703125
55904.632812
56500.773438
55549.128906
55960.386719
59580.074219
57947.480469
57538.769531
53339.261719
55790.347656
59550.593750
54418.589844
57776.230469
56679.839844
54730.410156
56583.074219
55469.007812
56874.468750
55104.769531
55557.882812
58191.890625
54741.121094
55196.253906
60294.363281
57804.265625
56290.199219
56208.250000
55385.320312
54359.867188
57291.992188
54397.125000
57084.164062
56668.558594
55406.003906
54906.843750
54804.000000
55217.128906
53191.687500
54776.234375
53898.222656
56608.812500
57084.332031
59632.312500
59113.984375
54420.027344
52219.425781
55668.570312
55587.960938
55870.894531
56708.023438
53190.015625
56115.421875
52641.359375
57620.609375
54002.792969
54702.906250
55247.734375
51842.042969
54978.175781
53810.507812
54407.625000
52518.351562
54894.378906
58826.390625
54500.246094
52736.316406
54459.445312
53936.726562
54673.781250
54761.011719
53155.308594
54685.460938
54197.492188
52789.804688
54326.523438
54623.648438
53513.066406
54530.351562
55576.605469
54261.601562
56246.625000
56138.605469
52771.945312
54240.867188
53084.605469
51565.226562
50881.203125
55917.968750
54636.226562
55362.320312
55637.515625
54884.671875
53324.738281
55938.191406
54728.148438
53197.093750
51609.437500
54323.613281
52984.453125
55490.527344
56508.945312
51843.996094
53529.062500
53947.835938
51264.679688
Training with sequence length 4.
80376.117188
82614.109375
75689.328125
75699.703125
75478.085938
81867.648438
81171.703125
80471.710938
80459.609375
74448.000000
76753.460938
77768.312500
72973.203125
77817.796875
77021.890625
77424.492188
72554.234375
73981.203125
74961.835938
71646.218750
72572.523438
76689.039062
74539.609375
76110.640625
78155.359375
75149.351562
76106.265625
76780.687500
71684.718750
75761.718750
74578.828125
79798.015625
71826.000000
74758.820312
77272.281250
73515.070312
72282.335938
74177.882812
72629.109375
76952.500000
74256.218750
70633.320312
74278.531250
74156.015625
73652.718750
74370.546875
73706.460938
75899.007812
76522.445312
76589.406250
73450.031250
75358.500000
74541.976562
69142.156250
73295.351562
75134.750000
75649.718750
73824.460938
76144.718750
75243.296875
73570.453125
75404.437500
74441.156250
71187.328125
72551.328125
70309.203125
73053.453125
74197.804688
72914.843750
76404.171875
73760.468750
75104.031250
73196.156250
77228.226562
74037.640625
71725.750000
73917.492188
77758.320312
74204.117188
72234.085938
74901.531250
74235.656250
76623.546875
68744.281250
71249.718750
77367.289062
72297.187500
71196.468750
74741.765625
73348.687500
76573.031250
74035.843750
75028.687500
73280.867188
71296.359375
71085.906250
75383.156250
73781.242188
73053.171875
75346.609375
72764.781250
70481.828125
71830.671875
75003.921875
69689.882812
71667.187500
72103.015625
78583.429688
73873.679688
70028.390625
71969.085938
71302.828125
74202.359375
73712.664062
70560.265625
73288.953125
69818.867188
72622.046875
71045.140625
70200.054688
74043.437500
70463.140625
74699.421875
73265.468750
74625.750000
71261.859375
69772.093750
72343.546875
73544.421875
72405.000000
72893.421875
72788.679688
72883.812500
68871.328125
72391.265625
74219.617188
71376.242188
72518.335938
72135.359375
72407.421875
70877.750000
69114.765625
72768.609375
71522.968750
75060.007812
75908.109375
67223.585938
73262.812500
70971.804688
68684.648438
69703.375000
73556.242188
71267.609375
70189.953125
69478.132812
75230.085938
73922.835938
71497.046875
70234.984375
70441.500000
73268.445312
68629.328125
72500.328125
69706.945312
70282.343750
71667.468750
72048.429688
74511.390625
71797.140625
Training with sequence length 5.
90007.773438
96174.828125
97759.234375
95742.320312
89947.023438
93150.140625
97606.125000
93524.359375
92038.976562
90909.734375
96426.609375
86421.312500
92720.718750
92162.281250
94365.359375
90300.781250
93916.921875
98677.437500
96744.375000
92693.765625
92642.890625
89333.406250
91652.796875
95020.273438
93512.320312
91034.273438
93764.914062
91878.664062
92472.085938
90118.953125
94972.289062
90421.125000
91459.515625
94646.718750
92028.414062
93014.976562
94557.570312
94377.359375
89923.843750
92424.914062
91576.765625
95354.656250
88991.710938
91399.125000
92631.078125
92735.117188
96207.195312
89940.718750
92338.281250
90224.765625
90459.796875
92154.554688
89394.781250
92572.828125
90723.687500
94899.406250
86652.171875
92804.046875
86429.312500
90017.570312
91837.453125
90386.804688
92246.484375
94072.601562
92714.148438
88630.382812
88061.445312
91867.742188
92556.687500
90829.593750
91820.875000
94243.648438
93323.828125
96393.296875
93625.640625
93769.234375
89404.296875
92361.734375
96009.781250
92713.429688
91022.367188
91199.265625
89822.328125
88038.507812
89725.500000
89649.906250
88126.773438
86419.937500
90489.031250
87014.343750
89559.218750
94142.812500
90779.093750
92045.054688
89428.250000
92896.796875
88268.156250
92855.046875
90405.031250
91038.968750
95126.328125
89060.718750
89631.742188
92359.296875
93013.609375
87190.359375
88647.890625
91381.343750
92445.453125
87629.656250
90060.523438
92748.039062
92556.937500
92340.500000
87959.640625
89796.796875
85911.367188
90169.250000
87020.031250
93008.257812
88376.125000
89827.210938
90094.781250
84833.257812
85975.039062
90252.250000
89613.812500
88987.437500
91130.835938
90243.507812
92612.671875
91778.273438
83530.273438
90969.187500
90458.656250
85212.195312
91035.585938
93692.109375
86917.109375
90523.523438
88580.914062
Training with sequence length 6.
117181.046875
120651.554688
115122.171875
107593.054688
109381.828125
108321.195312
108196.351562
105630.859375
116840.437500
104968.812500
111969.593750
102708.390625
107780.828125
114441.203125
108378.593750
111447.203125
115378.804688
112676.632812
115523.710938
109092.390625
107710.476562
118548.640625
113215.218750
110282.601562
117849.296875
107823.992188
106851.250000
111728.023438
109647.406250
109421.125000
111283.328125
111565.507812
114379.687500
107514.156250
109098.953125
113167.234375
110865.382812
113431.953125
115328.343750
109899.148438
109867.539062
113218.835938
111148.609375
113104.960938
107592.843750
107018.156250
110556.406250
110244.742188
115606.703125
113191.093750
109646.781250
108769.500000
110298.773438
110730.890625
112174.781250
103970.921875
111051.609375
104726.882812
108189.921875
110372.593750
111539.648438
111686.500000
108327.609375
106575.914062
111958.453125
109644.375000
114110.031250
104430.000000
107078.820312
109203.875000
106751.656250
114074.015625
105414.890625
108512.437500
112117.625000
113698.968750
110993.500000
111266.453125
109057.062500
109928.453125
110557.984375
107201.015625
101880.968750
103899.507812
115033.125000
109202.375000
105066.195312
108198.523438
105459.421875
104055.796875
110163.312500
103431.609375
112905.984375
107493.757812
105666.812500
108493.742188
103914.390625
108058.812500
108450.000000
107471.328125
111377.406250
107583.875000
108383.804688
107272.789062
111648.132812
107427.906250
107920.656250
107362.234375
112468.406250
104190.140625
102669.250000
105605.687500
110379.953125
Training with sequence length 7.
135692.031250
131415.000000
129924.843750
132518.906250
127342.437500
122589.531250
131916.531250
133132.828125
125433.234375
130000.617188
129018.015625
132249.781250
126122.796875
136579.296875
129063.742188
133070.234375
124415.335938
128478.367188
130411.234375
130885.078125
132419.718750
132082.375000
133174.140625
124543.187500
124921.898438
120076.062500
124605.671875
128281.390625
131421.828125
129087.203125
124957.640625
132798.468750
133578.218750
128165.109375
130732.265625
126877.953125
128722.414062
130439.062500
124574.359375
133411.796875
127601.171875
131325.703125
127441.703125
134051.984375
130337.875000
121203.046875
131560.250000
129242.812500
130640.609375
130359.226562
129226.828125
128389.015625
120093.203125
126386.500000
128642.632812
128596.898438
122324.750000
130259.015625
127055.156250
125947.718750
131489.625000
134101.281250
129842.914062
128404.453125
129026.687500
126156.812500
124163.734375
129901.523438
126106.953125
127842.515625
131427.218750
124851.359375
121665.796875
120791.734375
125254.359375
126606.328125
133349.625000
121001.625000
136858.078125
120683.468750
129551.343750
124846.671875
124348.898438
127657.234375
126107.156250
Training with sequence length 8.
146235.796875
144796.906250
146672.750000
144759.625000
149117.765625
144949.187500
149927.593750
147906.734375
153215.046875
146619.312500
154325.781250
151051.437500
150926.750000
155242.468750
147774.625000
153692.593750
143250.343750
142339.968750
150373.390625
151978.562500
141581.250000
155269.875000
147361.015625
149371.875000
148109.781250
147061.781250
149984.375000
149804.531250
149558.203125
158021.625000
146096.781250
152502.500000
151776.656250
146608.781250
155465.000000
146357.078125
148532.859375
146966.000000
148812.062500
145406.953125
151143.390625
150663.500000
150280.062500
151558.515625
153242.968750
146503.031250
149039.375000
151145.531250
145890.453125
145135.515625
144352.406250
149297.390625
145527.890625
144269.750000
154309.843750
146759.281250
142109.843750
Training with sequence length 9.
168076.375000
167344.875000
174109.140625
170672.046875
168685.781250
168291.312500
170329.093750
169919.531250
177469.156250
173467.281250
170461.546875
170094.750000
171829.531250
173401.281250
174795.906250
167225.078125
169779.343750
169502.906250
182847.828125
172223.031250
169878.562500
170066.218750
171426.328125
174182.062500
162832.218750
163201.156250
170414.718750
163538.500000
170052.468750
