Training with sequence length 2.
0.702538
0.211628
0.159242
0.134872
0.114176
0.108559
0.106134
0.104189
0.099161
0.097999
0.098945
0.097751
0.098516
0.095235
0.097354
0.090861
0.091468
0.091819
0.091854
0.088005
0.090011
0.091506
0.087000
0.086621
0.088611
0.086656
0.089692
0.086632
0.086031
0.083600
0.086322
0.085083
0.084930
0.084752
0.082088
0.077628
0.084300
0.080739
0.080589
0.083048
0.083081
0.083497
0.083648
0.083419
0.085290
0.086613
0.082030
0.080435
0.082560
0.084396
0.078783
0.079842
0.081146
0.079629
0.077729
0.082093
0.080782
0.081413
0.078884
0.083250
0.078744
0.079480
0.078398
0.078278
0.074022
0.075885
0.075379
0.077410
0.081880
0.074683
0.074981
0.077148
0.071357
0.076035
0.078772
0.073439
0.075075
0.077354
0.074786
0.076598
0.076765
0.078121
0.071601
0.074421
0.074175
0.072946
0.076010
0.070914
0.075530
0.076377
0.073115
0.076143
0.072517
0.074827
0.073765
0.076099
0.072720
0.074046
0.075479
0.075608
0.074981
0.074376
0.075891
0.073480
0.075457
0.076578
0.071341
0.073951
0.070910
0.071399
0.075289
0.073305
0.075736
0.071892
0.070338
0.072117
0.073206
0.069267
0.073772
0.071032
0.071684
0.073559
0.069844
0.069266
0.070393
0.071353
0.072726
0.072419
0.071006
0.070661
0.072735
0.071220
0.072464
0.071538
0.067891
0.072356
0.071790
0.070267
0.071336
0.071751
0.069950
0.068950
0.071934
0.064980
0.073229
0.070908
0.071208
0.073038
0.073949
0.073387
0.070263
0.070041
0.070060
0.073274
0.072032
0.068715
0.069429
0.069917
0.069577
0.069971
0.072126
0.070783
0.071510
0.074422
0.070338
0.070544
0.071558
0.072029
0.068221
0.069383
0.071036
0.070024
0.071052
0.066013
0.070843
0.068727
0.068186
0.070504
0.069737
0.069422
0.069747
0.067003
0.068199
0.071921
0.071172
0.067060
0.071333
0.069521
0.068907
0.068481
0.066523
0.071432
0.068641
0.070339
0.071389
0.067022
0.068408
0.072184
0.069884
0.068584
0.072697
0.068383
0.064826
0.068732
0.067905
0.066699
0.069137
0.066964
0.070142
0.067426
0.068719
0.069843
0.068145
0.066555
0.068225
0.067962
0.065616
0.065469
0.068847
0.069499
0.066366
0.067655
0.063268
0.068099
0.069220
Training with sequence length 3.
0.119961
0.097977
0.090545
0.083100
0.082147
0.080124
0.075551
0.077082
0.073551
0.077416
0.078079
0.074685
0.070446
0.073035
0.073814
0.070039
0.072522
0.073994
0.073087
0.072345
0.073378
0.073470
0.075225
0.073702
0.070182
0.073699
0.070178
0.068200
0.072329
0.072703
0.074391
0.073492
0.075205
0.068457
0.066440
0.071123
0.069369
0.068275
0.071737
0.068393
0.070601
0.067041
0.069311
0.068997
0.069193
0.073194
0.070249
0.073615
0.069540
0.071290
0.069731
0.069404
0.067787
0.068660
0.070337
0.068740
0.069779
0.073106
0.071117
0.067654
0.069175
0.068433
0.067039
0.068943
0.067660
0.069013
0.067495
0.069631
0.068671
0.062150
0.065715
0.064752
0.065169
0.069752
0.070053
0.066337
0.064459
0.068264
0.070561
0.067880
0.069656
0.066819
0.067579
0.068092
0.066145
0.064206
0.066793
0.068408
0.067199
0.064700
0.067988
0.069634
0.067474
0.068440
0.064468
0.068016
0.065502
0.065846
0.069290
0.063308
0.065224
0.066332
0.066673
0.069985
0.064741
0.065083
0.067461
0.068961
0.069360
0.066142
0.067276
0.062517
0.060923
0.065427
0.067860
0.063510
0.068714
0.068712
0.066762
0.061316
0.067809
0.068625
0.062121
0.064706
0.065627
0.070395
0.066283
0.066638
0.069457
0.067866
0.063941
0.064539
0.063096
0.067287
0.064694
0.065412
0.065074
0.066879
0.065145
0.065606
0.065738
0.064153
0.063041
0.064210
0.063702
0.064854
0.064394
0.066046
0.064466
0.063054
0.065486
0.065859
0.061579
0.069304
0.064794
0.064800
0.063557
0.062095
0.064868
0.061977
0.066525
0.069041
0.065389
0.063811
0.065661
0.064202
0.064684
0.066811
0.064125
0.067438
0.063839
0.072382
0.063039
0.067950
0.062592
0.066350
0.064915
0.064730
0.065364
0.064690
0.064121
0.066662
0.066933
0.064362
0.064199
0.065640
0.065792
0.065641
0.062623
0.064339
0.064420
0.064520
0.066986
0.064159
0.064017
0.065330
0.065644
Training with sequence length 4.
0.069568
0.070372
0.071305
0.061771
0.066694
0.068183
0.064101
0.069602
0.063612
0.067769
0.064531
0.068351
0.067412
0.068946
0.068612
0.067850
0.065966
0.063554
0.063781
0.066554
0.065378
0.066277
0.064275
0.066946
0.068788
0.065337
0.064745
0.067081
0.064939
0.065043
0.065941
0.061453
0.070348
0.061776
0.065210
0.062614
0.063922
0.063831
0.067557
0.065510
0.064201
0.064302
0.064542
0.066409
0.060384
0.067455
0.065255
0.064665
0.066913
0.067164
0.066052
0.066453
0.065916
0.063635
0.067539
0.063970
0.063470
0.064950
0.063119
0.066710
0.066153
0.065837
0.064485
0.063892
0.063457
0.066497
0.065423
0.064257
0.062898
0.061204
0.063957
0.060346
0.066173
0.061991
0.062202
0.063024
0.064212
0.065006
0.064277
0.065196
0.064613
0.062153
0.059208
0.066534
0.063159
0.061800
0.061147
0.064921
0.065739
0.063766
0.063268
0.062008
0.066737
0.068547
0.062668
0.062703
0.063593
0.061004
0.060322
0.063607
0.065034
0.062745
0.061948
0.064659
0.064644
0.065479
0.061003
0.061685
0.062710
0.064039
0.061504
0.062432
0.061300
0.062838
0.066596
0.062625
0.064566
0.062116
0.062710
0.064863
0.065779
0.060066
0.061044
0.063784
0.059731
0.064431
0.067661
0.060708
0.063547
0.062888
0.062932
0.064433
0.063949
0.065663
0.060648
0.061750
0.063545
0.063816
0.062441
0.062585
0.063695
0.063373
0.062366
0.060940
0.060066
0.061833
0.065565
0.060616
0.061590
0.065379
0.062279
0.063090
0.061998
0.064163
0.057875
0.064857
0.063913
0.063246
0.064198
0.062337
0.064406
0.064449
0.061277
0.058907
0.063754
0.064109
0.063448
0.062037
0.062135
Training with sequence length 5.
0.069310
0.070458
0.067002
0.063245
0.065011
0.067358
0.061839
0.063045
0.065244
0.064640
0.067340
0.066330
0.063039
0.064353
0.065746
0.063189
0.062627
0.064409
0.065009
0.062331
0.063332
0.062008
0.062603
0.065445
0.060903
0.060282
0.061806
0.063262
0.063162
0.065255
0.064222
0.063511
0.060128
0.065941
0.062125
0.060126
0.062654
0.062992
0.061456
0.063489
0.065219
0.060850
0.061567
0.064331
0.062955
0.063964
0.060972
0.063006
0.064455
0.063510
0.061069
0.064191
0.065300
0.061178
0.061851
0.060940
0.061287
0.060469
0.059648
0.058915
0.065256
0.063438
0.063780
0.061340
0.063431
0.063186
0.060461
0.065001
0.060907
0.064025
0.063932
0.063454
0.063826
0.065891
0.064273
0.064279
0.065155
0.067022
0.059453
0.062645
0.063565
0.062911
0.064337
0.061936
0.061987
0.063360
0.061997
0.062787
0.058086
0.058494
0.060251
0.065743
0.061264
0.061672
0.065189
0.064458
0.065982
0.063831
0.061015
0.063021
0.062564
0.063117
0.062067
0.064381
0.065290
0.062404
0.062196
0.060667
0.063050
0.061463
0.063175
0.060852
0.061024
0.066195
0.061307
0.065141
0.063723
0.059866
0.060223
0.059605
0.061004
0.064508
0.058185
0.061535
0.063268
0.064792
0.059111
0.059760
0.062089
0.059896
0.062071
0.063150
0.062125
0.064801
0.057871
0.061073
0.060822
0.063736
0.063464
0.058448
0.062428
Training with sequence length 6.
0.066525
0.064601
0.062538
0.062707
0.063589
0.064924
0.062663
0.060794
0.065095
0.066062
0.060596
0.063040
0.059564
0.062581
0.062443
0.067135
0.063437
0.064136
0.061856
0.058548
0.061553
0.060329
0.063602
0.060474
0.061091
0.060735
0.067455
0.062394
0.061062
0.062544
0.060270
0.060811
0.060190
0.059847
0.063395
0.059889
0.061934
0.062226
0.063122
0.063545
0.059259
0.059254
0.063520
0.064040
0.060424
0.063197
0.060835
0.060765
0.062701
0.058865
0.061576
0.060133
0.061331
0.060040
0.060698
0.065090
0.058176
0.059592
0.061461
0.061908
0.061862
0.060303
0.063229
0.062662
0.062812
0.061582
0.060428
0.059830
0.062083
0.059952
0.060569
0.061806
0.062240
0.061010
0.061086
0.061277
0.063233
0.060874
0.060429
0.061871
0.063174
0.063900
0.061266
0.062074
0.060890
0.060750
0.065401
0.065493
0.059998
0.057914
0.063366
0.063349
0.058211
0.061022
0.058332
0.058379
0.061195
0.064240
0.059983
0.059596
0.060344
0.060699
0.060105
0.062662
0.056860
0.060853
0.061121
0.062481
0.061450
0.061247
0.059913
0.057691
0.059921
Training with sequence length 7.
0.064300
0.061186
0.062493
0.060898
0.062489
0.059834
0.056789
0.058766
0.058505
0.058801
0.062051
0.059352
0.057773
0.061790
0.060063
0.057329
0.061222
0.062308
0.058703
0.060494
0.063553
0.058906
0.058638
0.060817
0.060824
0.060877
0.060834
0.065936
0.061996
0.059068
0.060151
0.064089
0.062239
0.060529
0.058662
0.062480
0.059496
0.059050
0.058406
0.060061
0.063715
0.059693
0.060520
0.063349
0.058454
0.061319
0.059034
0.058754
0.059501
0.063057
0.060742
0.062892
0.060868
0.059288
0.063667
0.061987
0.062070
0.061315
0.058972
0.056830
0.058296
0.063786
0.058626
0.057914
0.063064
0.060356
0.061057
0.058957
0.062449
0.063467
0.061160
0.061288
0.058865
0.061109
0.058860
0.058404
0.058233
0.061217
0.060446
0.056656
0.061024
0.056627
0.058670
0.058654
0.058143
Training with sequence length 8.
0.062649
0.063265
0.062298
0.059204
0.062792
0.060447
0.061126
0.058591
0.059896
0.060171
0.061368
0.062451
0.059545
0.059138
0.061041
0.059277
0.061998
0.059597
0.060366
0.062331
0.062396
0.062292
0.058631
0.057744
0.060253
0.061625
0.059318
0.058664
0.061239
0.058779
0.056458
0.058572
0.061475
0.061276
0.060175
0.059608
0.060171
0.058990
0.058667
0.061215
0.059493
0.063621
0.061267
0.060240
0.061648
0.058077
0.059026
0.062787
0.060464
0.057001
0.060149
0.062234
0.057310
0.056487
0.056700
0.060143
0.060031
