Training with sequence length 2.
304569.593750
95977.312500
79372.812500
73444.351562
65872.914062
64081.320312
58342.328125
59975.718750
58638.468750
57826.199219
59732.531250
55115.171875
56412.554688
55809.898438
56178.984375
57138.898438
52304.296875
56698.554688
53420.062500
52170.179688
55066.265625
56386.898438
52641.511719
52475.925781
52236.476562
53666.367188
53458.542969
55898.835938
53504.882812
54899.570312
51091.496094
51603.460938
53949.101562
55616.890625
52683.171875
54407.023438
51758.914062
53302.441406
52543.605469
54940.875000
50926.851562
51125.406250
54246.031250
55676.476562
53433.488281
54875.320312
52740.875000
52827.550781
48456.414062
50648.269531
52627.632812
52324.324219
51370.789062
51638.730469
51136.324219
52517.265625
52455.007812
52604.652344
51282.843750
53442.402344
54203.507812
49941.332031
49838.339844
51667.453125
54728.476562
53045.656250
50166.289062
53370.117188
53113.859375
52381.414062
51893.964844
50682.078125
51254.328125
52036.468750
54447.382812
53513.375000
54787.269531
52366.601562
49934.468750
52554.476562
53154.031250
51572.718750
52552.902344
50837.851562
52174.546875
50806.875000
52206.214844
52359.832031
51864.500000
50309.851562
50186.593750
51031.570312
48954.218750
51596.023438
50765.351562
51843.968750
49309.734375
50815.898438
50395.015625
48466.507812
50724.453125
51496.089844
48661.097656
50356.433594
49049.593750
48533.523438
51190.070312
51152.480469
51135.000000
49861.660156
52059.101562
50705.289062
52699.980469
51244.414062
52531.222656
53295.367188
49465.820312
50473.906250
53472.203125
50432.105469
50594.742188
50806.085938
48876.433594
51824.566406
51286.960938
49054.601562
48895.273438
50811.039062
48370.109375
50383.875000
49873.562500
49640.777344
50797.570312
49557.187500
49523.531250
49855.585938
49966.593750
52630.308594
51787.425781
51625.433594
49500.574219
50514.613281
49189.285156
52436.781250
51480.695312
51045.156250
51210.835938
47169.902344
50683.804688
49947.125000
50407.562500
50709.835938
50409.250000
50012.488281
50694.589844
49323.613281
51594.453125
52480.757812
52132.074219
50184.929688
49950.511719
50378.546875
50592.054688
49455.945312
51411.832031
50203.285156
50808.179688
49031.476562
50347.164062
51718.187500
51566.875000
48506.089844
48902.753906
50266.242188
49386.390625
51096.570312
51983.914062
50912.484375
52115.308594
50971.101562
48928.914062
50653.242188
48414.601562
49481.117188
49073.718750
47740.289062
50244.679688
50358.023438
49997.785156
49456.742188
49798.835938
49333.929688
49099.746094
50495.359375
50721.140625
48079.609375
50676.171875
50407.238281
49724.609375
50947.074219
50265.589844
49637.742188
48075.843750
52591.546875
51471.679688
50399.914062
49277.437500
48324.000000
52348.027344
50505.843750
48150.914062
48142.882812
49809.406250
48235.476562
50870.882812
48174.910156
48943.046875
50039.531250
50945.171875
52132.929688
49808.437500
50954.550781
48177.718750
49401.820312
47485.140625
Training with sequence length 3.
98557.312500
94355.195312
92753.031250
89173.703125
86435.734375
86572.015625
83487.148438
85725.093750
89863.664062
82612.375000
85737.523438
87847.250000
82804.640625
86504.218750
86092.718750
84543.523438
84217.156250
82092.148438
91717.148438
84101.937500
87179.687500
84477.851562
84559.468750
86209.484375
84280.578125
84421.906250
81253.906250
84108.867188
85180.726562
85994.210938
83166.085938
85979.265625
83006.882812
82705.093750
83077.070312
86032.812500
85039.875000
84214.710938
80669.734375
82563.171875
82817.593750
84038.382812
81362.929688
80071.570312
84970.859375
84684.226562
79687.250000
79521.320312
82914.265625
82237.070312
86439.953125
79948.000000
83994.851562
79976.273438
79950.515625
84372.812500
82259.484375
85070.429688
83749.632812
79747.671875
88667.640625
81695.234375
81947.750000
78291.242188
81319.429688
83699.820312
82145.898438
82721.640625
77951.531250
82780.601562
81030.335938
84906.039062
84618.507812
84958.968750
81995.335938
81268.734375
80056.085938
80404.031250
80908.125000
82502.593750
81393.625000
81863.148438
80694.234375
81752.953125
80234.914062
81377.101562
79100.312500
84661.609375
82428.656250
81581.351562
76706.031250
83501.765625
80467.343750
77324.859375
80974.343750
80024.460938
77941.734375
79820.921875
75907.656250
81413.570312
78743.203125
84153.578125
79650.414062
81647.820312
80133.453125
82971.187500
75627.882812
78823.265625
79331.023438
82646.234375
80240.695312
76708.140625
82134.703125
82731.562500
79523.640625
78340.304688
80553.429688
79468.203125
81722.656250
81228.203125
81423.210938
81853.156250
80670.015625
79285.046875
79559.992188
78280.015625
78522.437500
75532.421875
81545.500000
78537.515625
79675.281250
79252.687500
78762.523438
77068.562500
76278.437500
78476.171875
79164.859375
78585.171875
77719.273438
74425.585938
80650.210938
81519.437500
80943.000000
81826.703125
80675.203125
79622.617188
78902.734375
77793.460938
79264.968750
81876.218750
78070.078125
79634.609375
79185.062500
78409.218750
81099.898438
79504.414062
79320.320312
80399.750000
79519.078125
78296.609375
80621.640625
79935.695312
77385.734375
77169.640625
78892.867188
78084.281250
82184.265625
76778.218750
81099.484375
80748.351562
81738.015625
83994.726562
77070.734375
79425.812500
81271.156250
81484.906250
79280.125000
78918.039062
76514.156250
77400.218750
77604.562500
78249.734375
81550.390625
76815.093750
76970.593750
77459.937500
80370.734375
76547.531250
77090.460938
80631.007812
81903.046875
81650.062500
79902.132812
80060.296875
77844.234375
77425.304688
75479.750000
Training with sequence length 4.
120748.976562
117869.625000
116356.031250
113271.445312
116303.945312
117563.890625
110010.554688
110308.828125
110680.789062
110419.890625
114964.507812
108810.664062
113419.703125
111820.507812
108501.945312
117193.796875
114875.062500
111552.835938
109708.570312
107495.031250
113983.992188
110258.640625
110037.671875
112765.203125
105692.515625
110352.359375
113693.343750
112048.476562
106553.242188
110850.296875
109281.781250
115316.062500
107381.375000
107050.367188
112390.101562
112872.312500
109545.500000
107283.867188
110288.312500
115123.218750
111461.906250
107247.671875
111626.500000
108449.734375
107854.812500
110513.390625
108967.484375
116465.093750
114425.156250
109671.257812
108976.757812
104963.195312
108691.609375
104885.593750
106647.984375
111451.039062
107329.093750
108999.234375
103572.328125
107075.875000
107706.875000
106978.328125
111604.281250
107886.164062
113301.664062
111159.437500
109957.546875
106488.968750
110828.828125
108754.031250
106978.304688
111456.250000
105633.375000
111879.578125
107859.015625
112823.593750
110307.671875
108570.664062
102670.210938
114439.117188
109357.484375
106513.078125
113552.406250
109109.984375
109387.289062
107657.546875
104927.765625
109080.703125
106309.546875
109754.890625
106934.796875
113094.312500
109536.000000
111415.210938
105756.835938
113003.273438
107035.859375
106609.125000
109461.914062
114890.851562
105884.734375
104536.765625
105390.125000
108598.000000
108933.875000
111946.460938
108999.031250
108481.781250
107241.960938
110835.632812
103362.171875
111080.531250
111250.718750
104848.796875
105498.664062
110362.421875
102414.203125
104478.125000
106490.609375
108885.937500
110490.093750
108743.117188
111125.812500
110092.843750
106114.921875
109243.468750
107305.617188
109766.726562
108756.296875
108513.125000
109942.117188
111643.734375
109413.226562
105728.210938
107482.125000
108931.906250
105577.875000
105388.125000
113918.851562
111328.695312
108967.515625
107611.078125
107950.468750
108530.437500
112333.953125
105201.328125
108535.281250
106397.281250
103646.023438
104582.570312
106691.625000
105699.140625
106394.859375
107719.242188
109314.023438
107518.968750
112809.484375
114674.171875
104285.882812
106095.328125
110452.859375
109097.179688
105006.218750
106290.750000
104159.179688
104215.828125
111619.781250
104817.695312
111781.484375
Training with sequence length 5.
150203.828125
148743.453125
144495.140625
142190.531250
146245.515625
146886.359375
139424.375000
141825.687500
137419.750000
141898.875000
139778.734375
139659.015625
132087.390625
138673.578125
132554.625000
142212.531250
134149.578125
136178.625000
138727.937500
134035.343750
145661.937500
134383.671875
141835.000000
137052.609375
134252.312500
134637.515625
141221.187500
140391.187500
135319.296875
146529.687500
131793.281250
137323.500000
138222.734375
138379.000000
134752.000000
132921.750000
142004.625000
135209.359375
140821.937500
134237.093750
138703.937500
135744.062500
136581.218750
133330.937500
132295.937500
141459.250000
134775.046875
134130.750000
145420.375000
137692.890625
136814.484375
135546.531250
139372.656250
130941.500000
139445.125000
139677.687500
137666.312500
133461.062500
135210.531250
135801.843750
136313.437500
133632.000000
140409.437500
138487.890625
135557.656250
140476.453125
136242.187500
141206.812500
139761.593750
135680.718750
133894.500000
139247.921875
137767.953125
139327.750000
134029.765625
132761.562500
133542.484375
132570.343750
132244.781250
133877.546875
137653.093750
134231.312500
137795.359375
140148.093750
136118.937500
134265.250000
133432.781250
139957.078125
132550.687500
139001.359375
133446.093750
133058.171875
139092.531250
138965.906250
138650.781250
136706.781250
137519.921875
136866.359375
137280.656250
136876.015625
137035.125000
133454.406250
137448.281250
129763.328125
137495.765625
135180.093750
135436.234375
133998.109375
136372.656250
136278.921875
137910.703125
131045.250000
133886.921875
134085.781250
129610.187500
129234.687500
131947.562500
140127.468750
140787.765625
134690.906250
135516.296875
134947.500000
139275.656250
136533.437500
132671.109375
136713.656250
141172.078125
134508.546875
139292.546875
127176.046875
137440.875000
132850.812500
137213.625000
134826.031250
135934.125000
130429.109375
133375.390625
136825.937500
135194.046875
134330.125000
137203.406250
Training with sequence length 6.
178599.906250
168353.156250
167254.203125
161089.125000
170767.921875
161819.734375
170956.875000
170374.906250
169751.453125
163451.312500
171012.250000
161843.156250
173384.500000
169845.437500
168031.000000
164041.156250
163787.125000
164204.015625
164692.093750
163222.437500
162246.281250
165549.531250
164310.968750
161441.187500
170066.906250
167763.140625
163151.375000
161574.328125
169762.812500
172891.343750
165705.468750
165209.937500
171065.562500
168437.078125
168912.078125
165004.421875
161406.359375
159775.875000
163091.296875
164792.593750
165835.406250
161101.656250
166287.937500
170275.656250
159279.359375
164947.828125
170654.265625
162630.625000
157720.828125
166293.156250
175049.812500
164874.140625
168768.687500
161131.781250
166527.250000
162510.125000
165049.546875
160213.781250
160300.343750
161194.343750
163780.421875
163417.812500
161019.343750
157840.640625
171939.375000
169733.031250
165478.812500
159606.000000
164637.953125
158838.500000
168134.187500
163873.718750
173595.015625
171914.968750
168801.156250
162159.187500
155878.312500
164796.562500
166505.468750
159163.812500
163943.140625
163838.468750
161887.000000
159323.921875
160064.234375
167080.734375
165439.812500
163477.343750
165542.718750
168089.562500
157825.687500
160388.656250
164513.093750
162147.093750
160840.593750
164725.531250
161087.296875
160135.375000
165347.156250
154521.937500
166231.156250
158559.031250
166435.125000
162256.078125
162131.078125
163671.781250
167109.859375
162639.375000
165267.281250
155125.484375
157785.328125
164917.015625
165182.562500
Training with sequence length 7.
197568.328125
184321.140625
191193.265625
197826.062500
198211.156250
196413.468750
195930.953125
201721.062500
185303.000000
187633.875000
198904.437500
198307.484375
191250.343750
194985.656250
208396.656250
191873.750000
189034.765625
192990.562500
193634.687500
193450.031250
191654.453125
189450.281250
202702.406250
193800.656250
193639.703125
195247.843750
191853.234375
184860.218750
190301.156250
190861.546875
196073.656250
197436.562500
190943.062500
196852.250000
188947.343750
197744.765625
194865.937500
191344.578125
191898.265625
192218.046875
195839.546875
189486.406250
195163.171875
199298.656250
198100.281250
188255.484375
199577.687500
190179.968750
185316.093750
194235.000000
194802.734375
192771.343750
191484.718750
199720.937500
186795.156250
201566.781250
191744.937500
191803.843750
190635.562500
195343.531250
189510.718750
188685.343750
183403.312500
191290.656250
186832.875000
194883.531250
194161.156250
194555.937500
189504.921875
194470.921875
189120.906250
191311.468750
191913.218750
199259.812500
190074.734375
194716.343750
193211.593750
195010.031250
187800.906250
187103.375000
186577.781250
193930.187500
183259.171875
192227.375000
187337.750000
Training with sequence length 8.
227743.500000
228421.234375
212035.000000
220844.828125
220314.937500
220241.843750
219508.687500
224334.718750
225040.281250
222336.578125
227311.656250
218025.562500
218720.250000
234316.562500
230365.156250
208595.375000
225774.593750
218942.015625
222500.453125
216981.593750
226627.203125
223876.953125
211459.812500
225227.515625
212936.484375
222426.812500
230736.750000
218732.265625
225486.921875
221621.375000
229748.390625
223917.343750
219385.843750
225391.093750
218401.078125
216210.015625
225730.937500
226563.593750
220359.187500
211906.093750
216489.437500
223640.093750
226962.390625
214252.421875
215828.203125
224841.750000
209599.156250
226900.843750
225356.093750
227789.984375
222634.515625
208977.906250
219570.109375
222194.343750
216830.406250
207163.171875
214685.968750
Training with sequence length 9.
259469.218750
254679.187500
253646.156250
254707.531250
251277.218750
255655.781250
259072.703125
252088.375000
258384.156250
251403.671875
256656.375000
251403.390625
269133.437500
256492.765625
254813.593750
243755.093750
261327.562500
246890.390625
246242.531250
246740.593750
242524.500000
235458.906250
251452.687500
250098.296875
266180.875000
260038.078125
247718.468750
258543.296875
249761.640625
