Training with sequence length 2.
0.695835
0.693357
0.693154
0.693067
0.693103
0.692991
0.692445
0.691392
0.691707
0.691843
0.691737
0.691252
0.691336
0.691671
0.690849
0.690947
0.690965
0.691755
0.691292
0.690899
0.691165
0.690476
0.691416
0.690784
0.690530
0.690644
0.690563
Training with sequence length 3.
0.691447
0.691890
0.691730
0.691630
0.691659
0.691409
0.690594
0.691224
0.690908
0.690700
0.691091
0.691178
0.690906
0.690950
0.690283
0.690838
0.691015
0.690557
0.690988
0.690640
0.690241
0.690584
0.690984
0.690937
0.690440
0.691052
0.691113
0.691414
Training with sequence length 4.
0.690884
0.691010
0.691802
0.691022
0.691222
0.691009
0.690538
0.690753
0.691122
0.690865
0.690136
0.691040
0.690976
0.690756
0.691254
0.690637
0.691151
0.690911
0.690776
0.691047
0.690871
0.690967
0.690923
0.690848
0.690924
0.690949
0.690939
0.690890
Training with sequence length 5.
0.691405
0.691637
0.691598
0.690748
0.691405
0.691317
0.691349
0.691391
0.691409
0.691265
0.691185
0.690890
0.691234
0.691383
0.690749
0.690618
0.691015
0.691064
0.690910
0.691093
0.690506
0.691269
0.691110
0.691122
0.690833
0.690873
0.690669
0.691216
0.690869
Training with sequence length 6.
0.691050
0.691390
0.691305
0.691108
0.690902
0.691029
0.691269
0.691118
0.690892
0.691000
0.690979
0.690940
0.691480
0.690990
0.691214
0.691108
0.690623
0.691017
0.691121
0.691146
0.691343
0.690722
0.690949
0.691056
0.691364
0.691005
0.691207
0.691139
0.691201
Training with sequence length 7.
0.691453
0.691565
0.691382
0.691143
0.691459
0.690897
0.691146
0.691235
0.691323
0.691061
0.690949
0.690952
0.690725
0.691234
0.691300
0.690706
0.690953
0.691208
0.691443
0.690831
0.691262
0.691346
0.690733
0.691328
0.691373
0.690899
0.691132
0.691568
0.690485
Training with sequence length 8.
0.691414
0.691401
0.691183
0.690959
0.691394
0.690885
0.691584
0.690566
0.690731
0.691049
0.691053
0.691322
0.690679
0.691459
0.691005
0.691353
0.691401
0.690519
0.691221
0.691073
0.690604
0.691216
0.691062
0.690968
0.691350
0.690896
0.691010
0.691128
0.691326
0.690915
Training with sequence length 9.
0.691648
0.691659
0.690921
0.691159
0.690982
0.690993
0.690381
0.690942
0.690800
0.691257
0.691356
0.691207
0.691016
0.691307
0.691309
0.690882
0.691529
0.690698
0.690177
0.690709
0.690209
0.690596
0.690885
0.690724
0.690226
0.690552
0.690861
0.691078
0.690904
0.690943
