Training with sequence length 2.
0.770947
0.175985
0.166452
0.162747
0.169369
0.165738
0.167775
0.162382
0.157109
0.140414
0.118092
0.106077
0.107432
0.103975
0.104488
0.100332
0.097362
0.099624
0.094040
0.097058
0.093203
0.094730
0.096991
0.093695
0.095775
0.090874
0.094784
0.091110
0.092301
0.089845
0.094188
0.091085
0.090455
0.095199
0.093970
0.089809
0.090250
0.092968
0.088706
0.092678
0.092110
0.091911
0.095004
0.089842
0.089628
0.093558
0.094828
0.091008
0.090438
0.094152
0.091405
0.089888
0.088999
0.088813
0.089617
0.092041
0.092842
0.087961
0.092722
0.084622
0.087718
0.086678
0.091028
0.089818
0.088765
0.089008
0.091957
0.090686
0.089272
0.090141
0.087408
0.090596
0.089156
0.085628
0.087987
0.087934
0.087614
0.089066
0.088309
0.089872
0.088043
0.086821
0.086550
0.085532
0.084232
0.088817
0.082477
0.090304
0.089335
0.091590
0.089041
0.092375
0.081618
0.087105
0.087237
0.088952
0.087027
0.088599
0.087083
0.084463
0.087258
0.082082
0.091963
0.086375
0.089522
0.090097
0.082421
0.086951
0.083936
0.086378
0.086120
0.081988
0.082765
0.087573
0.084272
0.085028
0.088602
0.083370
0.087199
0.083988
0.088788
0.085437
0.085701
0.085699
0.086064
0.087867
0.080583
0.088169
0.086887
0.084952
0.084981
0.089002
0.081212
0.085323
0.082055
0.080137
0.082813
0.084249
0.084463
0.081178
0.080643
0.086056
0.081554
0.085554
0.087184
0.083356
0.083616
0.084370
0.080974
0.085261
0.084759
0.081718
0.085494
0.085959
0.086136
0.085047
0.082071
0.085963
0.085091
0.087206
0.084447
0.082273
0.085338
0.086278
0.083986
0.081958
0.084000
0.083794
0.085548
0.082373
0.079613
0.083730
0.084521
0.085287
0.089088
0.086582
0.081420
0.083983
0.082909
0.083326
0.085857
0.081287
0.084528
0.082518
0.086353
0.081917
0.078439
0.082582
0.083969
0.084503
0.085433
0.082971
0.084537
0.084269
0.083551
0.081088
0.082011
0.086814
0.078636
0.085032
0.081522
0.080512
0.082590
0.087084
0.082436
0.085218
0.083113
0.083744
0.085057
0.084475
0.083595
0.084944
0.080110
0.081821
0.084553
0.080457
0.082157
0.080128
0.078639
0.082975
0.080426
0.082946
0.077115
0.082912
0.081865
Training with sequence length 3.
0.103520
0.103024
0.102076
0.091125
0.098352
0.090154
0.092341
0.092267
0.090471
0.091385
0.091529
0.094487
0.089260
0.090565
0.090973
0.089803
0.088474
0.090297
0.085172
0.089228
0.088196
0.086703
0.089998
0.085208
0.085984
0.090875
0.089491
0.092990
0.092954
0.085176
0.089929
0.087001
0.086428
0.091862
0.086421
0.085810
0.086886
0.087609
0.089631
0.087875
0.087384
0.087618
0.087194
0.085876
0.088026
0.088921
0.087624
0.089319
0.087374
0.087321
0.083418
0.089655
0.087785
0.088020
0.088371
0.088306
0.084088
0.089023
0.090917
0.086624
0.085577
0.085631
0.087956
0.085921
0.091164
0.085165
0.087502
0.084446
0.081669
0.087799
0.085534
0.093174
0.081670
0.086307
0.088186
0.084117
0.082043
0.091639
0.084435
0.084939
0.088096
0.084563
0.089518
0.085511
0.086395
0.086626
0.080556
0.087761
0.085082
0.079005
0.083859
0.082392
0.086226
0.087565
0.086699
0.084325
0.082737
0.089394
0.085427
0.088981
0.085301
0.082886
0.081149
0.084152
0.084412
0.088070
0.085137
0.084556
0.082555
0.084650
0.080349
0.084118
0.086131
0.083298
0.085754
0.080050
0.082917
0.082947
0.083347
0.087727
0.087635
0.084181
0.083086
0.085272
0.083209
0.082527
0.083784
0.081947
0.083061
0.084173
0.082961
0.085767
0.082922
0.088844
0.081684
0.089215
0.083177
0.084071
0.083175
0.080674
0.081640
0.082531
0.087653
0.082833
0.082681
0.086611
0.084477
0.079468
0.083703
0.085165
0.087985
0.084104
0.084750
0.083419
0.081616
0.082218
0.085668
0.090702
0.083731
0.082424
0.084704
0.085440
0.086104
0.079267
0.086477
0.083332
0.080624
0.081633
0.081412
0.081142
0.081218
0.079542
0.085519
0.086730
0.082751
0.080674
0.084966
0.082788
0.087355
0.083844
0.080755
0.084213
0.081392
0.088340
0.085587
0.081869
0.088284
0.084872
0.079782
0.081205
0.080839
0.084613
0.083915
0.081342
0.080934
0.081196
0.086706
Training with sequence length 4.
0.089365
0.094627
0.087381
0.090593
0.088189
0.085687
0.087450
0.091706
0.092581
0.085590
0.085873
0.092044
0.089187
0.092364
0.090156
0.089166
0.088724
0.086872
0.089703
0.091008
0.088974
0.087802
0.091268
0.084032
0.085371
0.090344
0.086849
0.087967
0.090380
0.088018
0.084856
0.087724
0.088811
0.087716
0.089391
0.086123
0.086440
0.087314
0.089585
0.090229
0.089063
0.084924
0.089306
0.088287
0.085348
0.087462
0.090284
0.087267
0.089594
0.087766
0.086396
0.089566
0.086683
0.084378
0.082654
0.089636
0.086396
0.085435
0.087415
0.086963
0.085342
0.091160
0.088729
0.087937
0.087703
0.083958
0.085488
0.088131
0.087856
0.083332
0.087124
0.082950
0.091282
0.090466
0.082987
0.085187
0.086417
0.085152
0.085759
0.084217
0.085863
0.083774
0.087200
0.090138
0.086915
0.092461
0.088253
0.085842
0.086273
0.083960
0.084400
0.091529
0.087679
0.084932
0.086875
0.085660
0.087651
0.089436
0.088974
0.087629
0.088564
0.087952
0.089796
0.087854
0.087197
0.085869
0.085526
0.084966
0.089439
0.088773
0.087906
0.086385
0.085501
0.087760
0.088098
0.084507
0.087740
0.086103
0.085999
0.085587
0.085884
0.087514
0.085734
0.086984
0.087510
0.085104
0.088406
0.087397
0.088812
0.087016
0.085826
0.085479
0.086678
0.086620
0.086634
0.087837
0.088988
0.086840
0.089956
0.086441
0.086536
0.086546
0.085863
0.085253
0.079351
0.088631
0.086853
0.085485
0.085050
0.084887
0.085473
0.086332
0.089349
0.084895
0.090932
0.082453
0.086615
0.084538
0.084501
0.087824
0.086700
0.088499
0.087885
0.084268
0.082401
0.087208
0.087204
0.086995
0.083179
Training with sequence length 5.
0.092409
0.093699
0.093458
0.091367
0.089903
0.089957
0.090905
0.089302
0.090708
0.090867
0.090959
0.089167
0.089707
0.090375
0.092218
0.094274
0.092127
0.085548
0.083747
0.089638
0.089315
0.090783
0.087856
0.085878
0.091907
0.090111
0.091524
0.091273
0.086966
0.089059
0.091870
0.091834
0.088975
0.087951
0.091951
0.089153
0.085284
0.092980
0.094857
0.088845
0.093078
0.088984
0.090397
0.087484
0.091175
0.090195
0.087130
0.094704
0.091816
0.089717
0.087426
0.090258
0.091895
0.092246
0.089666
0.095718
0.091171
0.090350
0.088921
0.089013
0.090241
0.092195
0.090817
0.092206
0.087078
0.089919
0.087770
0.090995
0.089456
0.091690
0.088399
0.088271
0.094558
0.092743
0.089377
0.087692
0.085502
0.089717
0.093682
0.088967
0.090925
0.090397
0.089263
0.085011
0.089136
0.091271
0.092345
0.087257
0.083373
0.088714
0.088306
0.093168
0.092376
0.087429
0.092203
0.090381
0.089343
0.089248
0.091215
0.090041
0.089487
0.086339
0.084204
0.093322
0.088431
0.089254
0.094604
0.083642
0.087983
0.086056
0.087001
0.090228
0.089024
0.093125
0.084904
0.086967
0.085102
0.092797
0.091355
0.086383
0.090210
0.090468
0.085984
0.088218
0.088004
0.090431
0.089933
0.090535
0.091354
0.089168
0.088762
0.087039
0.087463
0.090017
0.087083
0.089524
0.085511
0.091716
0.095179
0.091986
0.088554
Training with sequence length 6.
0.094591
0.096874
0.088433
0.091638
0.092886
0.091146
0.091723
0.091966
0.094938
0.091452
0.094933
0.093298
0.092315
0.092377
0.091532
0.088291
0.096986
0.094151
0.088247
0.090987
0.090976
0.095561
0.094722
0.095912
0.090317
0.092434
0.095097
0.092999
0.092788
0.091321
0.088601
0.087759
0.093112
0.091324
0.092997
0.095832
0.092015
0.090846
0.087930
0.091847
0.088914
0.094896
0.094912
0.095409
0.090422
0.092918
0.089366
0.090004
0.094740
0.092904
0.094389
0.095585
0.091889
0.090654
0.093239
0.092259
0.089518
0.091031
0.090688
0.094999
0.091399
0.095218
0.097590
0.089910
0.091362
0.094411
0.096227
0.089486
0.090718
0.091950
0.090828
0.087530
0.092158
0.090002
0.091627
0.091170
0.094197
0.090477
0.090558
0.089214
0.091072
0.091958
0.090767
0.097396
0.090460
0.092496
0.097605
0.095611
0.093717
0.093757
0.090981
0.095806
0.091929
0.090271
0.091780
0.092868
0.097856
0.095707
0.090255
0.094215
0.096974
0.094693
0.097450
0.092103
0.093558
0.092094
0.094723
0.089661
0.094656
0.091195
0.090908
0.093385
0.094931
Training with sequence length 7.
0.096930
0.099063
0.095330
0.093595
0.095199
0.093793
0.097082
0.094058
0.095859
0.097821
0.097104
0.099677
0.098363
0.095338
0.098303
0.096192
0.091974
0.095740
0.095595
0.097342
0.095638
0.092885
0.097051
0.099014
0.094117
0.092975
0.095578
0.094753
0.093236
0.101449
0.099519
0.101455
0.092224
0.096549
0.097962
0.100027
0.097470
0.096703
0.092218
0.095873
0.095646
0.093111
0.095997
0.096924
0.092664
0.101199
0.097890
0.096467
0.093709
0.096113
0.096236
0.094564
0.094998
0.095717
0.096974
0.097880
0.097694
0.097890
0.095839
0.097410
0.100555
0.096363
0.100475
0.093466
0.098864
0.096426
0.096645
0.100053
0.095822
0.093818
0.096831
0.095703
0.099620
0.096161
0.098824
0.099327
0.093194
0.100193
0.098287
0.092520
0.097175
0.099402
0.096988
0.096735
0.102850
Training with sequence length 8.
0.101921
0.097442
0.101900
0.099560
0.099695
0.099337
0.100902
0.097014
0.102020
0.102358
0.098990
0.100239
0.102168
0.100298
0.102192
0.099408
0.102359
0.098771
0.099967
0.098034
0.099756
0.099511
0.101158
0.103167
0.101421
0.099344
0.099626
0.100878
0.101349
0.099486
0.106005
0.104960
0.104742
0.105452
0.101961
0.096953
0.102807
0.107500
0.098382
0.099497
0.101425
0.097604
0.099730
0.100710
0.101730
0.097093
0.097324
0.099449
0.095987
0.101886
0.098544
0.102443
0.097103
0.103700
0.101710
0.101326
0.101804
Training with sequence length 9.
0.105001
0.102210
0.107939
0.105557
0.101099
0.098041
0.103762
0.111090
0.102489
0.106700
0.105370
0.105724
0.104155
0.104025
0.101550
0.102248
0.099801
0.106833
0.108742
0.107878
0.106546
0.101431
0.105676
0.106221
0.109088
0.107970
0.099937
0.109709
0.108940
