Training with sequence length 2.
397651.187500
139851.484375
103349.000000
95041.898438
90795.781250
89079.867188
91083.296875
83339.429688
79646.335938
79339.734375
78177.164062
75201.234375
73642.000000
74623.828125
70934.343750
74116.523438
74140.546875
72467.765625
74700.273438
71993.265625
70232.515625
68400.031250
70565.875000
70241.312500
71804.812500
68786.093750
69027.515625
71809.570312
72882.750000
71534.867188
68296.703125
70585.570312
68307.046875
68006.171875
67923.554688
66644.562500
67567.078125
65094.234375
66503.679688
69589.843750
70126.398438
70294.765625
68101.937500
70697.078125
65716.453125
69077.507812
69574.601562
67489.906250
70220.296875
69434.054688
65759.062500
69394.859375
67179.781250
67701.382812
69566.640625
64288.765625
70240.062500
69731.375000
68140.859375
69925.351562
67630.625000
69959.406250
68945.828125
68622.960938
68566.140625
70460.515625
67474.609375
68594.375000
68706.710938
67501.421875
67522.750000
67018.140625
69828.765625
68955.906250
67798.812500
66280.843750
66892.031250
69387.718750
67667.171875
69871.328125
66603.625000
66765.203125
67176.476562
70266.273438
67389.875000
65909.367188
68616.421875
70792.289062
68523.515625
68962.773438
66183.046875
67895.546875
65180.683594
66551.304688
68095.203125
68794.500000
69190.296875
69934.867188
69138.734375
67870.781250
64140.593750
66181.234375
68164.250000
66877.703125
67021.375000
69061.515625
66001.757812
66675.984375
64829.171875
66075.304688
68511.671875
68933.500000
67584.468750
65463.328125
68034.359375
67648.937500
68977.734375
66825.671875
65693.351562
68020.585938
65902.757812
65580.593750
70715.906250
68137.734375
65525.937500
67743.015625
68199.718750
65621.734375
66282.578125
69747.031250
67258.179688
68505.320312
67310.640625
66847.953125
67474.226562
68814.015625
68905.429688
70315.406250
64965.511719
68920.023438
66342.187500
67367.335938
69169.187500
66949.765625
67544.734375
67230.914062
67441.609375
67148.531250
67303.460938
67138.328125
68011.062500
66893.640625
70657.054688
67167.117188
67067.304688
65035.394531
68677.539062
69519.296875
68698.578125
69146.507812
66976.796875
65964.000000
69971.703125
69235.187500
67429.812500
68195.085938
66159.750000
66283.406250
68209.562500
66692.390625
67588.031250
66348.351562
66664.546875
65047.136719
67220.148438
64282.187500
64594.160156
67113.875000
66241.132812
66691.093750
65285.652344
64611.597656
66648.953125
69274.820312
68485.437500
68892.687500
66849.960938
67396.250000
65715.203125
64998.742188
66153.531250
69113.203125
67058.960938
68887.406250
65675.406250
68919.351562
66967.742188
65325.859375
67002.203125
70219.851562
65497.769531
68495.109375
69350.304688
68398.718750
68104.585938
66115.687500
66685.890625
67497.164062
67429.882812
65397.796875
64919.609375
74134.078125
66102.773438
67305.937500
65918.476562
66483.882812
69933.109375
67825.664062
67312.656250
67867.312500
66551.421875
67274.078125
68680.859375
63709.953125
69322.953125
Training with sequence length 3.
130478.765625
121283.914062
118586.554688
115596.156250
118291.906250
115663.648438
117039.125000
111970.757812
114156.132812
113797.585938
116390.218750
114445.882812
111217.390625
110524.867188
112390.531250
113905.421875
113252.820312
113755.531250
114337.703125
114986.265625
118743.156250
116384.398438
116399.531250
114650.671875
115920.046875
113464.750000
114787.945312
113921.156250
115795.460938
112891.718750
111883.109375
109417.625000
113744.437500
116269.812500
116954.421875
114479.484375
117470.000000
115691.656250
118561.117188
115329.859375
109922.125000
116493.531250
111169.500000
113533.531250
113815.984375
112321.148438
116427.750000
114291.882812
112541.265625
116949.492188
117018.414062
110881.390625
114487.687500
110799.445312
113071.515625
113180.015625
112586.390625
115628.429688
111413.742188
115453.140625
112653.687500
112650.960938
116834.320312
113380.437500
114149.468750
112519.765625
111178.156250
112132.929688
118658.507812
107577.078125
108856.632812
111097.234375
112856.226562
114954.421875
113833.117188
114110.796875
113205.437500
117093.000000
116436.625000
120837.656250
117265.671875
114224.640625
116639.937500
108847.593750
111607.562500
108496.015625
118858.164062
106463.492188
111932.101562
116446.515625
111595.984375
113547.812500
110657.070312
113696.742188
114980.453125
114024.453125
117680.656250
109266.773438
111979.453125
111250.757812
111195.234375
112589.093750
111638.445312
111398.828125
113070.164062
111655.875000
114262.320312
113979.656250
113295.812500
108516.859375
111116.500000
114931.203125
118118.171875
109781.054688
115724.687500
114555.031250
113974.968750
109218.476562
110731.140625
114090.226562
112055.687500
112092.406250
109893.796875
109120.093750
113098.578125
108584.937500
109058.242188
114683.437500
114143.304688
110292.085938
109237.164062
110313.984375
115849.695312
122052.031250
115749.609375
112534.593750
112318.718750
110860.718750
114108.703125
114817.828125
115858.468750
115376.257812
113676.812500
112726.484375
115314.335938
114502.015625
116078.187500
108140.820312
110877.218750
114238.843750
111124.593750
115377.843750
115243.562500
113479.148438
111583.468750
110914.101562
115235.812500
112836.875000
116145.812500
118908.640625
112722.156250
108900.031250
113881.476562
115189.148438
117739.554688
112133.476562
109766.250000
110234.671875
112695.757812
112439.921875
112469.484375
110426.648438
112536.046875
116623.921875
112531.210938
113141.484375
115915.976562
115609.453125
115864.820312
107775.937500
111867.335938
111594.765625
108951.218750
119169.078125
111352.484375
114231.570312
118236.398438
111643.000000
113422.484375
114288.859375
106991.679688
111612.250000
110709.765625
111458.671875
111842.593750
115336.953125
106981.234375
Training with sequence length 4.
155999.937500
164696.781250
161939.093750
156414.734375
154599.312500
161142.781250
161137.765625
161587.125000
158179.656250
159638.312500
154133.468750
158543.437500
160532.109375
163014.875000
156764.234375
157321.062500
166972.093750
157697.265625
163428.000000
155128.343750
161567.296875
152122.812500
162312.500000
162177.750000
168144.687500
158977.718750
160349.750000
158425.171875
161189.312500
159197.781250
160923.875000
156300.578125
154011.156250
167057.593750
161465.765625
159767.531250
153266.437500
156459.343750
160653.156250
163447.125000
153979.906250
161641.156250
161027.531250
155507.875000
158163.343750
168937.812500
160294.640625
156731.468750
165128.406250
157153.218750
155550.109375
161652.046875
158089.828125
157199.031250
152673.437500
159432.593750
161930.875000
161317.906250
154775.796875
157425.125000
161327.875000
157915.531250
158423.781250
152871.656250
161641.031250
165408.156250
162600.468750
163354.515625
157142.281250
164050.859375
153419.140625
163478.593750
158907.437500
160826.781250
156574.250000
157375.937500
163515.500000
159213.421875
163957.515625
161509.750000
161394.234375
164949.359375
156415.234375
154538.796875
157429.437500
158211.703125
160380.406250
158644.812500
154222.437500
164996.671875
156294.937500
160533.468750
157120.984375
159653.328125
155882.140625
165327.609375
153815.140625
160713.906250
167076.406250
161490.968750
160892.000000
163407.390625
158065.156250
163357.625000
159907.765625
161194.125000
160625.125000
165687.703125
159622.312500
163096.171875
159778.171875
165335.453125
154887.625000
159601.218750
162643.703125
161221.125000
157723.734375
164561.343750
167546.625000
164669.687500
155990.531250
154833.468750
157065.968750
156608.000000
159292.718750
163880.968750
153776.468750
153489.843750
157357.656250
164200.109375
161274.312500
163505.343750
162589.765625
155098.984375
157688.953125
163374.703125
152510.343750
158437.265625
158424.078125
157947.359375
160525.281250
153552.906250
161604.531250
164187.750000
159629.812500
159076.000000
160551.687500
154213.531250
157523.687500
159208.437500
154697.187500
157418.828125
160692.156250
159912.937500
151994.328125
156733.625000
160259.906250
160412.156250
158802.953125
168704.437500
160066.703125
160390.296875
152405.781250
160236.843750
159893.062500
165000.796875
158046.906250
155065.781250
165335.984375
Training with sequence length 5.
201016.171875
210026.187500
201493.593750
204315.750000
207308.515625
210726.859375
202752.234375
214971.031250
205807.343750
211235.203125
200725.218750
200844.625000
209727.187500
200635.750000
210109.890625
209908.937500
208661.156250
209589.656250
210298.000000
212270.250000
198775.531250
199588.609375
195181.984375
201806.750000
211161.609375
206006.406250
202783.031250
190160.312500
201708.562500
207661.937500
207526.500000
210106.000000
202040.000000
201288.937500
200381.515625
201327.750000
209269.500000
207772.140625
209704.625000
200200.859375
201155.781250
195918.828125
207024.765625
196326.562500
213780.359375
204518.156250
207314.921875
198746.281250
208878.156250
207516.156250
208945.968750
205974.484375
203783.906250
200502.468750
208869.312500
197188.031250
204924.093750
206926.781250
213124.750000
198307.234375
210708.937500
206687.843750
195919.765625
209957.718750
207949.812500
210411.281250
202762.343750
209131.078125
205657.000000
199924.921875
202665.906250
198977.625000
198404.343750
203655.187500
205649.281250
210920.203125
205943.812500
200285.046875
199863.218750
205151.937500
201439.046875
211717.125000
200818.031250
207713.156250
201880.718750
206086.062500
200222.546875
203274.375000
205468.031250
215222.875000
209762.500000
203273.718750
204504.562500
202021.500000
208706.500000
200503.500000
207041.625000
210400.375000
202730.531250
206374.781250
213089.406250
201541.343750
196393.609375
200150.531250
208733.703125
208608.984375
206614.343750
204420.734375
204853.781250
208336.437500
202802.406250
199129.859375
207067.578125
207435.968750
199780.437500
194854.781250
201220.031250
196817.000000
204918.109375
205658.687500
200911.421875
211607.453125
206788.984375
206845.281250
203082.765625
205274.312500
203774.765625
206144.828125
204071.562500
196528.875000
206737.062500
195502.218750
204971.453125
195283.250000
211015.250000
202792.953125
203699.937500
214126.781250
203966.406250
204566.656250
208415.390625
Training with sequence length 6.
253231.750000
245772.765625
242603.625000
246780.718750
240951.593750
254321.140625
239267.593750
240686.140625
248196.656250
246999.062500
250343.140625
247687.093750
250607.031250
247043.562500
251778.093750
249429.656250
246041.203125
250319.218750
239295.906250
248785.312500
242054.875000
253500.750000
248661.406250
246894.812500
252650.468750
258112.187500
245012.531250
245603.296875
247960.203125
246687.937500
245310.437500
248981.312500
249494.875000
246389.906250
250275.343750
248270.031250
256252.625000
251118.343750
241904.640625
245668.656250
226512.031250
247605.718750
243659.796875
263148.468750
254494.515625
243225.687500
249245.078125
257639.718750
241864.125000
237191.328125
247724.781250
239671.234375
252463.750000
255740.906250
248969.546875
245730.125000
239205.015625
248520.484375
247067.828125
252198.718750
261011.531250
244825.281250
251723.281250
252719.062500
252445.578125
254527.281250
248196.875000
246911.390625
241998.312500
249942.593750
246057.546875
245447.593750
237146.593750
244725.484375
247434.046875
242509.812500
242891.750000
242299.578125
241076.468750
243982.593750
239411.953125
247228.187500
240083.765625
249894.468750
244770.781250
237703.453125
243281.203125
257115.828125
242436.796875
251831.531250
252622.140625
247013.484375
245839.125000
252951.625000
242949.000000
243498.078125
228937.031250
247656.937500
247522.078125
238863.281250
246915.859375
258950.328125
239757.187500
234021.703125
244853.359375
245425.562500
245401.937500
246484.312500
251340.515625
248916.500000
245346.578125
246741.140625
240949.515625
Training with sequence length 7.
281875.281250
292213.375000
291841.250000
286366.812500
287784.812500
285176.312500
302954.281250
286956.750000
286498.250000
274924.312500
295362.000000
287238.093750
289755.937500
283060.312500
282859.843750
293366.000000
287687.437500
287007.500000
285669.437500
275186.125000
278256.093750
281313.000000
291904.312500
293761.593750
279599.468750
278784.812500
291779.000000
277788.968750
286835.281250
289180.000000
291168.531250
284756.750000
287119.656250
288701.968750
288095.625000
282966.312500
304641.062500
293747.656250
284709.281250
269501.875000
288509.687500
292196.718750
287148.906250
291124.687500
290146.343750
277928.656250
292851.250000
286995.312500
290121.000000
283632.937500
293693.093750
293123.687500
289530.968750
298677.531250
280360.968750
276615.406250
290445.312500
289187.562500
280302.093750
295969.562500
291096.062500
290986.375000
276362.062500
295630.468750
296108.187500
286491.000000
295412.093750
294811.531250
281588.500000
297092.937500
289802.125000
301650.687500
293719.812500
289587.625000
301082.125000
289559.812500
282646.812500
285018.312500
299350.250000
291552.062500
286873.156250
281510.593750
290854.906250
289582.812500
296061.468750
Training with sequence length 8.
319966.187500
328553.687500
336156.437500
332608.625000
328704.750000
346483.375000
319145.343750
340627.062500
320252.718750
320899.187500
324296.031250
337896.500000
326624.937500
331545.843750
336565.062500
334336.562500
335405.906250
330438.625000
325609.375000
326651.562500
339348.593750
344941.937500
331883.375000
311772.937500
323642.125000
335412.437500
337140.000000
337126.375000
331659.625000
338937.437500
307410.062500
339283.093750
338106.343750
324459.718750
330297.843750
333948.093750
344775.093750
330995.531250
320876.875000
329254.843750
327505.062500
332900.843750
329103.125000
333887.968750
360291.906250
328344.562500
332505.281250
321887.562500
341108.375000
319417.750000
330022.375000
337612.500000
339250.500000
329831.875000
329598.406250
319612.687500
331190.218750
Training with sequence length 9.
383881.437500
373371.343750
379589.656250
381099.812500
368497.531250
383486.750000
362800.437500
366113.593750
370988.937500
368332.875000
378053.437500
376104.250000
375642.781250
373330.406250
373918.250000
373686.125000
378382.531250
361040.406250
376751.937500
374120.812500
375378.375000
364651.375000
380086.875000
368400.718750
373783.281250
361801.343750
380184.468750
378766.750000
371147.593750
Training with sequence length 10.
