Training with sequence length 2.
319588.000000
125490.140625
103191.843750
90397.117188
89440.984375
87549.984375
87618.468750
89577.687500
89631.843750
86314.460938
86681.187500
83572.765625
88060.312500
86255.546875
83180.546875
83184.414062
79591.914062
75914.101562
76212.515625
74515.796875
71757.125000
74603.953125
71231.062500
71470.468750
70191.742188
72160.742188
72108.078125
69812.796875
68922.000000
70109.156250
69541.890625
72047.453125
67875.585938
68905.921875
69907.015625
67959.187500
70032.625000
71832.859375
72376.765625
69768.921875
64962.023438
69752.757812
69483.945312
70666.164062
70760.875000
66237.359375
65920.750000
71688.000000
67174.851562
69222.796875
70428.140625
69813.523438
69073.078125
66157.460938
70438.968750
68567.328125
68641.515625
71066.398438
67599.687500
70541.812500
67612.906250
70550.812500
68511.554688
69339.179688
67464.773438
67983.265625
68981.750000
68142.218750
67024.812500
69601.710938
68649.562500
68272.039062
69680.578125
68625.890625
65126.195312
69240.234375
70677.625000
67679.578125
67955.515625
67310.281250
67510.523438
69399.265625
65237.750000
68225.109375
70218.796875
67922.718750
67411.328125
69147.507812
66863.984375
68179.187500
69082.437500
67200.828125
66554.820312
65871.742188
69055.953125
66043.007812
69285.921875
67911.070312
65152.324219
69071.039062
68634.656250
67403.953125
68213.156250
70449.562500
67841.500000
69095.648438
64224.351562
67211.515625
69522.203125
66820.437500
65642.304688
69696.843750
67316.250000
68845.484375
66351.367188
67503.382812
69834.718750
67635.125000
70547.328125
68753.031250
66909.343750
65842.328125
65132.835938
68526.960938
65382.781250
70200.968750
66566.421875
65748.398438
67740.281250
70221.375000
66944.195312
68836.578125
64309.054688
67979.390625
68951.867188
70835.671875
66977.734375
68691.125000
67765.601562
69241.453125
68044.093750
65433.996094
68580.320312
67227.187500
66889.953125
71697.468750
69762.515625
65751.234375
71080.671875
67838.445312
66112.906250
67027.187500
67540.593750
65272.597656
68457.007812
66996.984375
68451.101562
69595.531250
67550.804688
63554.593750
65785.281250
65408.406250
69339.843750
68787.828125
67554.218750
69988.453125
67034.242188
69354.406250
67534.906250
68053.757812
69729.640625
67909.093750
67133.437500
66114.578125
69443.515625
66989.968750
68460.187500
66857.531250
69137.804688
68160.453125
67138.335938
69575.250000
66529.421875
67982.218750
65431.265625
66314.382812
67109.953125
67022.281250
67210.882812
65862.125000
67422.718750
68533.125000
66648.156250
64766.503906
66423.484375
66225.382812
67443.062500
66697.710938
66664.296875
68956.289062
68357.757812
67467.578125
64141.574219
66600.890625
69108.671875
68323.789062
67914.968750
69481.109375
67080.781250
67410.312500
66861.335938
66414.710938
68662.156250
68356.960938
66401.687500
69857.593750
69864.000000
67189.304688
66244.109375
66656.796875
66010.570312
69895.453125
64203.628906
69444.000000
65124.531250
Training with sequence length 3.
121793.859375
112435.820312
114354.921875
120162.343750
113701.531250
111478.195312
113096.390625
114618.406250
114236.648438
114387.585938
119153.500000
107096.898438
114760.351562
114833.187500
115695.609375
120687.046875
115800.265625
117910.421875
111112.093750
113943.406250
114336.875000
116862.710938
112660.039062
117179.023438
117024.296875
112821.507812
109062.046875
110827.976562
114061.609375
113507.468750
112096.421875
112652.117188
116752.179688
112858.312500
112594.281250
108757.265625
110028.921875
111434.421875
111648.359375
112921.132812
112083.531250
114742.585938
116298.351562
115818.250000
113538.367188
114207.468750
110434.140625
114575.578125
116209.335938
111838.781250
115334.281250
114748.867188
115672.281250
116810.906250
114694.023438
113742.007812
117467.851562
114055.890625
110665.382812
113141.882812
114619.781250
109268.343750
109849.890625
112948.367188
113045.281250
114582.726562
119540.914062
112631.890625
115021.390625
115628.140625
112749.398438
111374.109375
112359.960938
116611.671875
110104.187500
120203.085938
111587.585938
111613.265625
115870.984375
112773.765625
116204.468750
111361.046875
110362.593750
109970.484375
110627.804688
112014.515625
112413.343750
119436.132812
113904.656250
110070.164062
111826.875000
109584.453125
117568.890625
115966.726562
116512.750000
109722.523438
115377.476562
111089.734375
116808.679688
110137.812500
113849.234375
118996.859375
112814.875000
113093.218750
114298.718750
109808.859375
111825.531250
114156.515625
109817.820312
111961.687500
112422.718750
112062.476562
111194.218750
118184.054688
109437.531250
114134.421875
111874.531250
110124.906250
113681.031250
113059.546875
108602.046875
112064.953125
115150.757812
108518.984375
105699.328125
113922.851562
111922.078125
112827.421875
113067.945312
108520.945312
115179.468750
113529.390625
110025.312500
121582.390625
109419.468750
119699.664062
109244.664062
111730.078125
117391.328125
117293.343750
116904.289062
114834.523438
111790.101562
113725.156250
110486.039062
111345.718750
115862.398438
110318.328125
113209.468750
119127.140625
111972.046875
117214.414062
109337.726562
114006.281250
109585.265625
112271.453125
107719.265625
111553.125000
112470.406250
113065.031250
113866.960938
111073.296875
111080.726562
110919.953125
111099.687500
113117.062500
109130.234375
111881.835938
117025.093750
115045.210938
108587.835938
113002.617188
112931.312500
112030.687500
111309.437500
117694.429688
112250.078125
108882.500000
118792.984375
115677.781250
112371.875000
115283.343750
111698.609375
112203.156250
117376.703125
109458.250000
117394.062500
114464.546875
109913.296875
110919.515625
112508.343750
113975.914062
111208.203125
114514.468750
112148.750000
114714.359375
108464.460938
Training with sequence length 4.
157316.734375
163256.343750
155061.625000
152970.265625
153806.093750
158479.093750
165313.156250
163981.593750
158308.859375
157839.765625
159378.468750
161910.093750
159548.125000
157634.312500
156956.234375
160832.875000
154124.968750
161539.281250
162983.625000
160511.000000
159688.687500
159242.437500
160050.843750
155708.562500
158014.906250
166203.343750
156924.531250
157764.281250
156766.812500
158521.031250
153895.671875
156234.093750
166116.359375
151899.500000
157786.625000
161402.406250
161248.734375
169730.296875
156458.343750
152641.000000
156487.718750
157287.656250
158523.062500
155878.656250
149730.250000
162426.812500
159828.531250
149953.093750
160990.250000
161885.625000
152675.000000
159607.406250
162231.562500
157517.062500
158470.859375
155936.468750
158850.953125
159933.375000
152399.046875
156614.500000
165773.343750
149019.187500
155953.359375
155495.656250
157074.000000
159724.984375
159768.796875
153455.312500
156245.625000
158142.843750
167830.765625
149705.687500
157097.203125
159348.015625
158714.046875
156688.531250
158301.156250
161274.015625
157541.875000
160053.140625
157053.546875
159340.937500
153985.968750
157039.234375
167614.218750
156339.656250
156098.062500
159617.390625
156473.656250
167469.937500
160525.859375
152805.093750
154091.421875
153585.562500
165677.437500
163034.046875
163119.906250
161941.343750
158535.562500
164940.859375
159574.250000
159419.953125
165579.250000
157036.968750
168591.125000
163947.875000
157425.140625
161360.437500
157473.562500
162898.484375
155991.953125
159688.562500
160859.406250
150053.437500
151658.921875
162890.296875
155488.125000
166805.656250
156070.000000
162156.593750
160187.531250
158836.093750
149404.625000
161953.500000
165807.125000
156322.906250
165876.062500
158269.265625
157599.359375
163165.375000
160234.906250
152114.328125
156561.593750
158987.250000
158507.625000
154851.015625
161364.765625
158698.500000
162906.906250
154511.828125
159166.718750
157785.343750
163090.171875
157369.218750
154760.828125
161139.703125
153507.187500
155367.625000
158194.625000
164742.546875
161049.500000
162998.468750
155293.625000
155058.078125
157144.093750
157093.406250
154416.843750
162947.140625
150519.750000
159286.968750
152463.062500
158809.890625
160603.437500
152286.843750
166394.156250
153003.921875
152496.500000
158851.453125
154275.421875
Training with sequence length 5.
196336.406250
205372.593750
207177.703125
204213.343750
195786.875000
204950.843750
205025.265625
212768.656250
206513.125000
198430.968750
204727.468750
212848.125000
196869.812500
204538.984375
199839.718750
207129.968750
205659.968750
200834.390625
196061.171875
206361.562500
202734.390625
197304.171875
205803.062500
208410.625000
209719.531250
208642.359375
195345.906250
210831.796875
210044.765625
199185.812500
196749.593750
207961.625000
202354.171875
208901.375000
208557.765625
193115.593750
209311.359375
204268.343750
207623.937500
204368.265625
212976.296875
209037.718750
202839.406250
207097.250000
201823.703125
203325.859375
195939.406250
200869.078125
201544.781250
198889.984375
205721.093750
208957.828125
204054.734375
198976.890625
196153.093750
201264.500000
202162.265625
202046.234375
211232.875000
213507.843750
206005.187500
201009.953125
206860.468750
205474.781250
198422.171875
205564.906250
200916.328125
202921.703125
196865.125000
208373.187500
207852.859375
202720.906250
197497.406250
207145.062500
199178.359375
202615.656250
197605.671875
202695.296875
206555.218750
200186.593750
204264.187500
202235.625000
205988.187500
214819.562500
209858.218750
209796.593750
203988.781250
210900.375000
213404.250000
200295.906250
208808.359375
209655.531250
202315.750000
204033.718750
205777.859375
200440.437500
206171.375000
204261.875000
206556.875000
196795.000000
208032.156250
206706.781250
201776.187500
199113.406250
207627.062500
198381.359375
207668.500000
203108.828125
204261.656250
204586.218750
205032.703125
203035.781250
204485.250000
199228.343750
207196.671875
208393.187500
203507.312500
207917.640625
208416.546875
196575.859375
202170.765625
207820.968750
202706.687500
201669.125000
210729.546875
205043.328125
206304.125000
195148.687500
197286.281250
206294.375000
206527.218750
202196.125000
206984.125000
196277.000000
198459.843750
196024.062500
208242.937500
209534.562500
207960.093750
202011.406250
208404.031250
Training with sequence length 6.
250430.687500
243272.812500
256784.515625
243792.578125
242707.578125
253985.437500
242435.359375
254953.390625
248855.687500
251239.687500
252190.968750
250657.125000
248035.093750
246948.218750
251247.781250
253395.734375
253007.437500
241491.000000
248608.531250
246754.281250
236206.421875
245047.781250
243764.531250
248390.531250
248702.203125
254207.031250
242174.859375
243021.593750
252586.156250
247444.671875
250014.000000
258625.000000
247913.546875
238747.843750
254249.750000
245857.312500
261102.500000
256095.031250
247499.828125
239557.640625
253218.218750
248201.500000
251244.906250
237444.921875
255181.406250
251707.281250
254667.187500
247970.687500
252884.312500
247844.531250
237788.531250
245025.593750
251164.531250
251642.187500
243167.781250
239965.312500
246362.781250
247338.375000
247722.218750
246190.734375
248526.593750
248274.859375
246418.812500
255532.125000
255880.812500
245154.093750
249039.484375
250767.281250
248414.843750
248142.312500
245753.437500
238190.171875
242198.125000
247155.062500
252540.734375
244002.593750
249883.343750
249848.562500
239320.750000
233518.125000
246001.203125
248545.125000
234359.281250
245870.328125
243895.890625
253135.906250
259546.750000
244925.937500
247251.468750
247500.062500
244898.375000
246050.500000
241370.046875
243708.343750
251045.281250
241584.562500
255161.875000
243059.031250
243740.140625
250420.140625
250916.703125
255613.656250
244593.218750
246713.734375
246294.593750
250611.437500
254990.375000
245082.421875
253283.687500
234732.562500
239702.812500
256859.843750
235159.718750
Training with sequence length 7.
294820.250000
279915.656250
283708.812500
281090.687500
291786.093750
300606.937500
292194.562500
298686.187500
302579.812500
292807.656250
287840.093750
301037.218750
289988.562500
288257.437500
292439.625000
290946.281250
288932.437500
295715.875000
283509.031250
303364.250000
301146.625000
278255.750000
284069.500000
294363.437500
276362.875000
281166.781250
292006.312500
292729.562500
294290.812500
282706.375000
277370.281250
299125.468750
293245.500000
292850.437500
283515.062500
285240.437500
294900.468750
290232.656250
283720.562500
288310.187500
288125.312500
283998.875000
283623.812500
290082.562500
299888.656250
289256.125000
283251.562500
291586.312500
285329.218750
286277.406250
273947.750000
288257.625000
289669.625000
284732.875000
288147.062500
279000.062500
293942.343750
290436.718750
279282.687500
295081.875000
290036.062500
290963.562500
291889.687500
288921.562500
280605.062500
279164.406250
282130.156250
286585.750000
294617.937500
305119.531250
294954.937500
287144.187500
282319.406250
290087.437500
286839.875000
285844.375000
283989.875000
286106.781250
292226.781250
295472.156250
284144.812500
299747.531250
286589.625000
290309.500000
297551.937500
Training with sequence length 8.
321616.937500
330039.375000
325313.156250
322629.593750
345212.093750
318455.812500
331533.375000
345859.562500
323851.906250
331124.312500
330318.031250
329122.937500
347827.187500
321158.625000
336522.750000
319792.437500
325637.000000
333841.500000
333096.500000
317407.156250
328221.687500
326180.187500
339505.687500
322821.437500
335287.250000
330293.250000
322399.312500
344135.812500
327779.687500
336595.875000
321829.125000
324963.593750
330982.468750
337694.937500
331039.625000
333452.281250
333627.687500
323928.437500
332847.375000
351153.187500
326236.031250
332666.156250
341266.093750
320382.187500
339404.250000
325963.875000
334332.000000
338867.218750
328552.906250
330586.812500
317722.406250
336722.687500
329752.375000
327515.468750
325988.687500
349744.812500
330576.250000
