Training with sequence length 2.
0.694896
0.693165
0.693057
0.692975
0.692935
0.692639
0.692188
0.691937
0.691737
0.691463
0.691920
0.691549
0.691601
0.691463
0.691367
0.691679
0.691494
0.691332
0.691611
0.691662
0.691288
0.690941
0.691213
0.691154
0.690490
0.691145
0.690736
0.690621
0.690963
0.690601
0.690810
0.690647
0.690892
0.690930
0.690644
0.690883
0.690074
0.690479
0.690235
0.690833
0.690604
0.690473
0.690733
0.689998
0.690379
0.690153
0.690286
0.690768
0.690174
0.690145
0.690092
0.690565
0.690142
0.690804
0.690800
0.690286
0.690552
0.690739
0.690346
0.690684
0.690507
0.690034
0.689762
0.690079
0.689826
0.690379
0.690583
0.690169
0.690488
0.690366
0.690524
0.690508
Training with sequence length 3.
0.691976
0.692098
0.691556
0.691115
0.691051
0.691026
0.691232
0.690649
0.691052
0.690842
0.690746
0.690233
0.690809
0.690684
0.691107
0.690518
0.690755
0.689935
0.691011
0.690406
0.690612
0.690744
0.690522
0.690227
0.690344
0.690315
0.690181
0.690701
0.690468
0.690984
0.690403
0.690425
0.690569
0.690934
0.690844
0.690534
0.690814
0.690652
0.690543
0.690455
0.690420
0.690422
0.690521
0.689957
0.690566
0.689767
0.690546
0.690518
0.690014
0.690464
0.690220
0.690239
0.690360
0.690085
0.690364
0.690038
0.690757
0.689756
0.690185
0.690068
0.690033
0.689999
0.690169
0.690738
0.690287
0.689400
0.690321
0.690115
0.690008
0.690135
0.690357
0.690255
0.690275
0.690579
0.690663
0.690337
Training with sequence length 4.
0.690946
0.691870
0.691266
0.691326
0.691179
0.690530
0.691011
0.690973
0.690605
0.690901
0.690429
0.690361
0.690640
0.690754
0.690716
0.690723
0.690319
0.690687
0.691124
0.690696
0.690858
0.690736
0.690650
0.690018
0.690552
0.690947
0.690550
0.690861
0.690079
0.690234
0.690104
0.690372
0.690618
0.689964
0.690839
0.690643
0.690855
0.690527
0.690022
0.689576
0.690163
0.689592
0.690299
0.690445
0.690171
0.690041
0.690645
0.689664
0.690516
0.689638
0.690557
0.690715
0.690357
0.690080
0.690471
0.690593
0.690591
0.690185
0.690232
0.690052
0.690104
0.690356
0.690268
0.690069
0.689767
0.690209
0.689862
0.690509
0.689781
0.690096
0.690058
0.690603
0.689570
0.690500
0.690318
0.689841
Training with sequence length 5.
0.690433
0.691863
0.691180
0.691413
0.690729
0.691035
0.690298
0.689788
0.690305
0.690178
0.691211
0.690776
0.690620
0.690462
0.690493
0.690426
0.690211
0.690559
0.690216
0.690046
0.689763
0.690575
0.690049
0.690264
0.690415
0.690480
0.689428
0.689997
0.690050
0.690702
0.689657
0.689984
0.690451
0.689764
0.690076
0.689746
0.690099
0.690103
0.690548
0.690072
0.690016
0.689300
0.689509
0.690161
0.690298
0.689649
0.689828
0.689728
0.689843
0.689929
0.690078
0.690038
0.690198
0.689385
0.689499
0.690192
0.690134
0.689943
0.690026
0.689321
0.689963
0.690031
0.689847
0.690162
0.690063
0.689940
0.690327
0.689593
0.689438
0.690131
0.690651
0.689983
0.689700
0.689661
0.690088
0.690428
Training with sequence length 6.
0.690295
0.691492
0.690553
0.690211
0.690302
0.690158
0.690269
0.690954
0.690298
0.690094
0.689847
0.689918
0.689237
0.689942
0.689563
0.690551
0.690389
0.689682
0.689631
0.690404
0.689925
0.689072
0.690135
0.689666
0.689436
0.688252
0.690051
0.689740
0.689612
0.689131
0.689238
0.689136
0.690407
0.689699
0.689340
0.689442
0.690158
0.690668
0.688780
0.690150
0.689800
0.688760
0.690019
0.689725
0.689031
0.689013
0.689655
0.689486
0.689308
0.689037
0.690030
0.690405
0.688693
0.690071
0.690015
0.689889
0.688953
0.689585
0.689818
0.689460
0.690336
0.689712
0.690043
0.689137
0.690097
0.689725
0.688850
0.689959
0.689525
0.689802
0.689768
0.690105
0.689910
0.688903
0.689556
0.689959
0.689622
0.689407
0.688374
0.689595
