Training with sequence length 2.
356245.312500
149974.531250
93778.953125
73290.734375
61604.523438
55284.046875
52957.375000
53953.093750
50565.570312
49189.601562
48950.500000
51171.742188
47350.261719
49938.394531
48620.882812
47627.570312
47194.664062
48582.652344
45324.519531
45651.593750
43504.843750
44267.148438
42999.640625
46973.621094
45793.328125
45418.574219
44698.816406
42681.339844
46001.296875
42851.960938
42021.921875
43230.601562
42556.765625
43740.808594
42181.183594
41589.304688
41260.750000
42469.175781
42068.300781
43682.156250
39674.253906
41282.609375
40131.781250
41841.835938
41129.593750
41813.742188
41051.085938
39966.750000
40529.304688
40881.917969
40730.250000
40488.964844
40794.226562
41360.226562
39744.308594
38514.242188
38827.464844
39676.292969
40383.406250
39354.156250
37878.070312
39360.843750
39666.500000
38151.843750
39379.777344
40532.050781
38754.054688
38696.195312
38702.996094
40350.273438
39766.453125
39277.937500
36782.023438
39500.738281
37519.828125
39199.316406
37820.464844
37306.468750
39556.093750
38754.000000
36195.613281
37205.195312
40261.621094
37329.015625
38898.781250
38221.195312
39456.777344
38691.765625
38809.992188
37848.472656
38618.835938
36281.171875
36901.617188
38035.828125
38918.074219
38290.582031
37440.000000
35048.996094
37275.300781
36140.093750
40127.941406
36066.093750
38234.324219
37180.703125
36380.558594
37517.109375
37040.117188
36749.296875
35791.707031
36294.421875
40275.914062
37188.031250
37568.652344
37439.464844
38394.906250
37818.453125
36709.695312
37638.613281
37110.109375
38697.085938
36319.531250
35186.156250
37437.226562
36053.191406
39396.234375
35845.929688
35835.441406
38900.714844
39473.492188
36745.031250
35161.035156
36964.132812
37214.148438
37575.476562
36528.679688
35435.078125
35838.554688
36390.734375
38199.851562
34405.312500
35142.265625
34790.078125
37356.972656
35448.007812
35515.562500
38253.382812
36685.777344
37714.136719
36052.082031
37809.140625
36641.875000
35854.117188
36270.476562
36906.164062
35882.796875
39407.136719
37753.539062
36559.964844
35251.378906
36142.941406
38151.664062
36141.449219
35995.687500
35109.429688
35282.003906
37514.832031
37578.183594
34964.109375
37018.945312
37103.914062
35993.054688
34652.003906
36423.429688
34455.421875
35111.171875
33819.558594
36601.105469
36202.589844
36356.000000
34490.414062
36092.765625
38499.937500
36082.960938
34123.761719
36384.789062
34063.726562
34709.492188
36788.242188
35063.746094
36608.867188
35511.972656
35729.109375
37910.117188
36226.218750
38486.023438
36150.210938
37429.015625
35376.843750
35831.335938
35367.007812
36925.718750
37142.828125
34231.992188
35528.078125
35272.648438
35686.621094
35282.382812
35194.546875
34629.636719
33559.726562
35670.718750
35598.472656
35739.585938
34398.191406
33940.652344
36428.390625
36809.039062
33236.281250
35970.617188
34734.039062
36865.824219
34107.878906
33443.000000
34830.167969
36759.871094
Training with sequence length 3.
75443.625000
77646.796875
66187.187500
67488.820312
69620.062500
62537.437500
60606.437500
61119.019531
60934.617188
60495.531250
59437.507812
57065.406250
58985.593750
60593.523438
61538.421875
57108.089844
57574.882812
59261.601562
59766.593750
56641.070312
56526.304688
55412.742188
57103.015625
56537.414062
55688.593750
54115.664062
53414.152344
60032.265625
53994.089844
58194.914062
56833.429688
58924.398438
56489.703125
59473.925781
54355.761719
52668.156250
52850.835938
55755.371094
56294.593750
54845.035156
57033.320312
56190.332031
54240.054688
55123.621094
56437.921875
54482.742188
55909.351562
55185.593750
56543.601562
54966.910156
55075.847656
54134.300781
55569.488281
54077.933594
54959.289062
56129.765625
53452.078125
52363.699219
55539.812500
54250.632812
55017.390625
53177.054688
55885.472656
52207.250000
55059.882812
52538.734375
52131.820312
51451.445312
52916.902344
54419.046875
53167.953125
57550.917969
52940.304688
53256.402344
52970.347656
51493.828125
54106.789062
52730.132812
54343.656250
52162.398438
51595.820312
52587.300781
52462.218750
54394.277344
55356.550781
53129.375000
51596.492188
53238.656250
51906.867188
53615.414062
53645.695312
50995.179688
50902.796875
53522.074219
52264.367188
49700.750000
55789.128906
53812.625000
51703.863281
52082.164062
50859.371094
54133.812500
52429.960938
52097.199219
54544.628906
52476.804688
52284.863281
51934.523438
55430.898438
53204.453125
52180.496094
50516.277344
51255.175781
51805.867188
53620.863281
54012.710938
52671.101562
54898.851562
53589.148438
52063.281250
50850.046875
51634.273438
53634.632812
51625.339844
53607.976562
54557.648438
51924.867188
51858.312500
50366.984375
50787.265625
52402.320312
53031.546875
54851.781250
51877.921875
52778.488281
53947.835938
51932.000000
51395.164062
53878.953125
48890.203125
54188.179688
49408.425781
54690.382812
49046.582031
54820.007812
51880.859375
52789.152344
52279.835938
52847.523438
53146.359375
49731.347656
50719.984375
52395.320312
49633.117188
49753.945312
52410.492188
51611.003906
54393.316406
51522.242188
51010.628906
50617.765625
52115.773438
53973.886719
51732.968750
51117.718750
50377.296875
52167.464844
51095.183594
50922.113281
49125.933594
50394.367188
48420.585938
52494.652344
52463.273438
51993.589844
50773.886719
50809.484375
52508.835938
52105.429688
50696.148438
48949.878906
51812.824219
52644.718750
52685.187500
51197.023438
50490.441406
50900.796875
52406.218750
50384.679688
51439.648438
50086.914062
48967.250000
55095.855469
52256.128906
47865.367188
51749.500000
48389.468750
Training with sequence length 4.
73498.429688
71300.296875
74154.742188
74877.250000
77220.703125
74287.937500
72370.062500
74696.343750
70434.851562
71868.187500
70228.781250
69468.468750
70887.890625
74709.523438
71902.187500
70615.296875
73944.593750
69619.445312
66856.484375
77041.554688
71993.906250
69740.734375
71450.031250
70323.046875
72021.484375
75586.828125
71063.828125
71057.601562
71879.679688
68206.976562
74142.593750
68943.843750
72707.265625
71829.164062
71872.656250
72138.250000
72207.804688
72225.812500
74328.164062
69887.671875
72552.046875
68851.921875
71331.953125
71890.359375
69232.265625
68220.359375
74075.468750
72041.562500
68548.546875
71639.078125
70697.203125
67517.828125
69083.828125
69836.234375
66377.023438
66400.132812
69405.687500
68032.468750
69481.281250
65497.750000
70385.937500
72481.515625
67468.070312
71092.289062
67116.718750
69633.742188
68250.453125
70024.515625
62959.070312
73044.992188
68397.992188
69730.695312
67692.804688
70734.984375
67350.804688
67062.937500
69624.304688
69103.125000
68328.031250
67500.031250
72539.953125
70927.390625
71066.671875
69068.007812
68277.593750
69481.921875
68258.984375
70579.296875
68295.601562
69128.578125
68502.125000
71774.312500
70092.421875
67776.265625
66858.515625
70526.906250
67206.968750
67447.093750
67663.500000
68492.796875
70947.093750
71268.109375
66320.500000
67786.046875
68664.179688
69318.015625
68297.250000
67730.812500
68494.078125
67206.812500
70840.992188
65573.937500
67808.968750
68877.984375
68478.898438
63640.640625
68290.312500
68250.921875
67277.484375
67097.023438
64631.546875
69127.585938
69045.343750
67616.898438
66301.687500
69403.953125
71589.593750
69170.796875
67172.093750
67606.046875
68519.468750
66281.625000
66313.453125
67777.218750
68598.171875
72709.671875
64370.187500
69160.468750
70720.023438
67328.218750
65778.875000
66545.859375
68220.679688
68916.515625
67092.046875
67713.929688
63149.875000
65891.195312
67521.367188
66305.929688
68472.835938
68646.156250
65542.593750
64222.917969
66748.453125
64757.496094
62759.289062
67398.437500
69936.359375
69196.390625
65510.046875
66138.281250
70978.632812
66050.703125
66341.992188
63654.648438
67144.703125
65435.507812
68384.125000
Training with sequence length 5.
91057.101562
87706.109375
88830.234375
87854.765625
91581.648438
89843.796875
84475.398438
87061.085938
89459.265625
86208.593750
87039.500000
88461.140625
87824.562500
88418.593750
90223.351562
87898.265625
91391.515625
83909.460938
85707.195312
88033.914062
90918.335938
88416.937500
85877.687500
83863.109375
88489.953125
90786.734375
90868.359375
89820.664062
90540.390625
84411.843750
85881.796875
82501.484375
84097.093750
85779.093750
82093.632812
85826.406250
88904.515625
83573.796875
87647.781250
89001.265625
89447.898438
83296.101562
88416.796875
86876.132812
83805.132812
83816.109375
85253.992188
80501.781250
85986.921875
87280.812500
87332.585938
85310.156250
88723.140625
83501.789062
87275.867188
84760.546875
86638.250000
91411.375000
82748.031250
84637.000000
87507.460938
85387.578125
82732.218750
84647.523438
85347.429688
87801.234375
87949.187500
88739.867188
80101.992188
86701.562500
86256.179688
89839.851562
84357.453125
83974.187500
85360.203125
84390.960938
80360.078125
81811.953125
83175.546875
89359.718750
85956.812500
87056.867188
82970.531250
85328.406250
80920.593750
84289.164062
84543.140625
89233.953125
85040.007812
84533.664062
88774.390625
81181.617188
90567.117188
85201.109375
80409.460938
84621.992188
84460.156250
85886.460938
90441.203125
83200.335938
86388.304688
83642.453125
83811.375000
91669.375000
79389.203125
82108.546875
80980.484375
77780.171875
82795.671875
80661.359375
81819.718750
84640.468750
82845.687500
83603.359375
83588.773438
79262.734375
84252.343750
82128.625000
83437.820312
84483.437500
81827.171875
84721.687500
80734.085938
85361.437500
77774.257812
86487.679688
84518.187500
83755.015625
83429.062500
81286.953125
87190.500000
85026.281250
86611.445312
84431.828125
83174.843750
84144.234375
84278.031250
84501.656250
83152.437500
84008.148438
80040.421875
Training with sequence length 6.
107021.851562
100066.812500
107027.953125
105415.750000
99383.015625
102960.187500
108714.765625
101608.062500
107783.898438
102953.406250
97468.765625
101806.078125
101319.296875
99873.476562
100028.234375
104608.609375
102837.632812
105827.906250
102136.195312
105651.437500
105876.015625
100928.289062
107660.109375
97726.890625
99632.593750
102846.625000
104282.484375
99449.171875
104271.421875
110408.828125
102170.250000
103275.078125
102937.515625
101895.031250
102394.921875
105656.093750
102916.375000
97460.132812
102865.265625
103284.398438
103097.906250
100185.664062
98583.804688
96007.851562
99346.875000
101919.312500
101120.859375
100406.031250
103748.046875
101855.281250
99501.312500
100232.843750
102579.937500
107941.648438
104064.531250
102369.859375
97254.335938
97459.750000
97084.890625
101665.437500
99248.968750
102459.960938
100958.679688
103367.531250
101822.656250
96131.250000
98668.851562
99191.445312
96884.234375
105779.750000
101021.203125
100234.726562
101156.984375
99908.945312
106011.078125
97619.031250
102235.671875
100973.843750
97674.171875
100324.406250
103105.640625
101835.921875
103909.390625
98859.484375
103720.648438
99921.656250
98452.031250
103066.765625
98798.546875
104918.023438
95075.734375
97645.367188
99415.976562
101154.289062
96079.476562
97474.296875
101493.484375
98705.562500
97950.664062
101885.273438
103459.296875
102674.031250
103053.031250
99990.453125
102503.046875
98905.742188
107908.585938
98592.093750
96182.296875
98997.687500
101730.171875
105682.609375
101868.750000
Training with sequence length 7.
121283.750000
122840.851562
119393.265625
121535.867188
115465.187500
120836.156250
121050.015625
119498.468750
117585.343750
118393.757812
123098.914062
113217.031250
118676.796875
122295.648438
119293.656250
123599.570312
117375.218750
115914.242188
123798.414062
120220.718750
120044.078125
124637.062500
114221.218750
117990.085938
123216.171875
112353.984375
125623.914062
117255.218750
120611.539062
124249.765625
119070.687500
122872.171875
122528.609375
113508.664062
118858.671875
114386.156250
121898.406250
114942.187500
116446.117188
118917.218750
114621.210938
117029.625000
115022.695312
125702.187500
115168.468750
114069.906250
121292.921875
119385.179688
121126.585938
120322.148438
114922.234375
114294.921875
116537.187500
116174.625000
116818.585938
122372.617188
115013.609375
121295.640625
117677.789062
110834.281250
115164.492188
118303.054688
124115.023438
119380.796875
125290.078125
110252.289062
109492.968750
114075.992188
114379.343750
117896.453125
122897.625000
118210.148438
117838.734375
120158.085938
116619.632812
120085.156250
112590.054688
118535.203125
116924.601562
118076.218750
117417.023438
115220.890625
112806.156250
111628.945312
112614.718750
Training with sequence length 8.
136223.375000
131221.218750
132680.609375
136596.656250
134156.890625
138263.906250
128065.218750
140200.000000
134863.593750
140063.796875
143874.093750
133100.906250
139019.312500
136068.093750
124316.281250
135750.109375
137311.937500
134284.562500
130651.148438
135223.734375
132422.031250
137778.312500
134577.625000
141202.812500
137642.812500
137333.890625
132687.125000
136879.484375
136299.234375
132583.296875
141783.843750
132831.031250
137453.484375
135086.968750
134995.562500
130805.812500
135292.156250
131633.156250
132925.265625
140638.968750
135745.343750
144171.812500
136547.921875
129768.156250
142377.593750
132343.250000
136197.968750
137926.312500
137795.765625
132069.375000
136165.906250
131682.781250
128429.937500
140432.031250
132425.343750
132232.796875
134421.250000
Training with sequence length 9.
162033.562500
154362.187500
153793.625000
165776.375000
166153.968750
149431.265625
154159.468750
157003.656250
149194.375000
160182.406250
156516.406250
150627.218750
166970.281250
162860.656250
157556.046875
157521.218750
159426.484375
156713.031250
156750.937500
161003.812500
153803.265625
158707.187500
150061.859375
157422.562500
155070.843750
154502.656250
154100.375000
159944.000000
157766.406250
