Training with sequence length 2.
0.694605
0.693284
0.693112
0.693036
0.693162
0.693153
0.693165
0.692985
0.692997
0.693112
0.693274
0.693010
0.693047
0.693275
0.692859
0.692874
0.693133
0.692782
0.691817
0.692279
0.691319
0.691424
0.691877
0.691625
0.691770
0.691821
0.691568
0.691879
0.690808
0.691390
0.691382
0.691167
0.691355
0.691069
0.690552
0.690674
0.691146
0.690761
0.691267
0.691477
0.691158
0.691250
0.690997
0.690908
0.690207
0.690983
0.690651
0.690289
0.690732
0.691196
0.691142
0.690421
0.690382
0.690823
Training with sequence length 3.
0.691569
0.691506
0.690393
0.691203
0.690347
0.691338
0.690958
0.691179
0.691174
0.690134
0.691624
0.691360
0.691569
0.690253
0.690583
0.690961
0.690825
0.690497
0.691063
0.690795
0.690465
0.690736
0.690375
0.690756
0.690529
0.690619
0.690989
0.691780
0.690944
0.690438
0.690286
0.691293
0.690888
0.691000
0.690489
0.690923
0.691339
0.691091
0.691164
0.690978
0.690022
0.691084
0.690434
0.691285
0.689339
0.689785
0.691508
0.691358
0.690654
0.690600
0.691462
0.691008
0.690869
0.690558
0.691058
Training with sequence length 4.
0.690959
0.690629
0.690326
0.691126
0.690743
0.691227
0.690512
0.690776
0.690969
0.691185
0.691017
0.691212
0.691420
0.691088
0.691335
0.690869
0.690370
0.690808
0.691145
0.690486
0.691193
0.690375
0.691349
0.690346
0.691419
0.691085
0.690133
0.690363
0.690653
0.690828
0.691252
0.691147
0.691321
0.691402
0.690926
0.691024
0.688950
0.689928
0.690447
0.690322
0.689737
0.690657
0.690539
0.691041
0.690908
0.689783
0.690104
0.690601
0.690925
0.690864
0.691357
0.690729
0.691354
0.691566
0.690301
0.691447
Training with sequence length 5.
0.691394
0.691187
0.691208
0.691078
0.691281
0.691080
0.691061
0.690090
0.690524
0.689879
0.690512
0.691084
0.691689
0.690446
0.691357
0.690954
0.690668
0.691204
0.690655
0.691329
0.690707
0.691180
0.691162
0.690621
0.691183
0.690901
0.691171
0.690978
0.690856
0.691121
0.691096
0.690314
0.690190
0.690341
0.690933
0.691380
0.690813
0.691121
0.691160
0.690957
0.690841
0.690456
0.691034
0.690505
0.690995
0.690915
0.691365
0.690405
0.690914
0.691056
0.690788
0.690537
0.691453
0.691426
0.691002
0.690383
0.690860
Training with sequence length 6.
0.691382
0.691120
0.691340
0.691453
0.691436
0.691226
0.691148
0.690518
0.690626
0.691211
0.691051
0.691484
0.691393
0.691263
0.690797
0.691310
0.691010
0.691479
0.690407
0.691197
0.690980
0.691517
0.691357
0.690497
0.690588
0.691345
0.690647
0.691263
0.691095
0.690916
0.690812
0.691045
0.690973
0.690567
0.691536
0.690229
0.690814
0.690476
0.691338
0.691148
0.690733
0.690753
0.691283
0.691055
0.690823
0.691304
0.691055
0.690954
0.690703
0.690803
0.691396
0.690899
0.690385
0.689592
0.690926
0.691589
0.690011
0.690880
Training with sequence length 7.
0.691077
0.691334
0.689595
0.691090
0.690588
0.690252
0.691330
0.690670
0.691133
0.690726
0.690710
0.691075
0.691277
0.691187
0.691376
0.690633
0.690581
0.691331
0.690968
0.691089
0.691106
0.690294
0.690253
0.691337
0.691522
0.690515
0.691224
0.689521
0.690318
0.691105
0.690916
0.691086
0.691342
0.690875
0.690955
0.691250
0.691479
0.690971
0.690911
0.690966
0.691389
0.690620
0.691004
0.691395
0.690933
0.691224
0.691034
0.691138
0.690655
0.691091
0.690676
0.691207
0.690655
0.691407
0.691064
0.691074
0.691307
0.691063
Training with sequence length 8.
0.689910
0.691020
0.691105
0.691092
0.691566
0.691508
0.691307
0.691080
0.690884
0.691179
0.690681
0.690324
0.691381
0.690216
0.690473
0.690102
0.691043
0.691316
0.691220
0.690725
0.690773
0.691694
0.689723
0.691345
0.691399
0.691530
0.690931
0.691038
0.691231
0.690917
0.690747
0.690552
0.691132
0.690893
0.691686
0.691040
0.690375
0.690875
0.690813
0.690725
0.689513
0.691040
0.691173
0.691241
0.691296
0.690608
0.689658
0.690250
0.691294
0.691495
0.691110
0.690117
0.690383
0.691436
0.690631
0.691417
0.690874
0.691173
0.691151
Training with sequence length 9.
0.690662
0.690929
0.691481
0.691093
0.690544
0.690132
0.691373
0.690774
0.690810
0.690683
0.690864
0.690681
0.690822
0.690806
0.691219
0.690593
0.690671
0.690611
0.691238
0.689888
0.690363
0.690256
0.690323
0.691581
0.691197
0.690555
0.690722
0.689383
0.688689
0.690031
0.691237
0.691075
0.691002
0.688649
0.689136
0.691399
0.691263
0.690798
0.690778
0.691096
0.690970
0.689893
0.689481
0.691037
0.690452
0.690904
0.690659
0.691343
0.690258
0.690259
0.691437
0.691119
0.690679
0.690794
0.691680
0.690734
0.689991
0.690745
0.690033
