Training with sequence length 2.
337336.781250
127978.484375
104446.351562
94144.218750
92008.460938
91944.757812
89301.726562
91333.328125
89984.101562
89280.093750
84245.960938
88500.273438
86907.781250
84839.640625
82749.265625
78727.984375
71449.906250
64482.730469
61103.871094
55528.835938
55188.648438
53044.554688
50995.765625
51558.585938
51079.398438
50830.859375
49510.777344
48866.765625
48360.062500
50828.515625
50384.433594
48249.644531
46475.949219
47535.945312
47788.597656
46717.218750
47857.578125
49841.375000
49377.515625
48569.960938
46962.750000
47025.429688
45854.457031
47900.242188
47134.414062
48708.632812
46881.726562
46843.968750
45773.343750
46895.593750
46828.339844
46374.496094
45110.984375
45635.750000
46889.796875
44930.929688
46059.449219
44656.132812
45668.820312
44828.171875
44806.976562
45259.558594
44412.710938
46238.289062
44443.339844
43733.378906
45194.421875
43187.671875
43853.851562
45494.085938
47617.167969
47028.367188
45361.804688
45158.351562
44616.101562
43046.679688
44994.226562
46793.503906
43955.726562
44733.625000
44254.562500
43360.398438
44650.265625
45624.125000
45777.179688
45580.625000
44453.367188
41703.042969
43667.437500
43340.085938
44287.546875
43554.929688
43896.718750
42943.898438
42704.070312
44237.753906
43634.609375
42729.238281
42261.085938
43255.816406
44947.074219
43035.687500
41409.671875
42177.851562
42991.277344
41835.375000
42389.738281
44070.132812
41760.562500
44140.351562
42621.000000
43741.187500
43128.035156
43539.835938
43372.183594
40703.578125
42550.445312
38736.117188
41921.304688
41804.332031
44383.796875
40879.046875
40921.953125
42855.320312
43524.539062
41988.804688
43067.000000
43639.750000
40759.179688
42416.187500
43183.523438
43314.500000
43285.769531
40851.656250
44181.515625
40963.257812
40969.238281
43102.625000
41808.851562
39044.363281
42822.437500
41338.914062
42796.597656
43155.671875
43310.570312
41508.039062
39152.539062
40813.851562
42282.796875
43798.527344
41138.164062
40110.273438
41973.484375
41266.835938
40548.210938
42031.117188
41583.738281
42154.296875
41592.175781
41316.574219
42092.718750
42621.335938
41282.691406
40380.007812
39581.457031
40149.195312
39673.390625
41221.199219
41801.109375
37889.562500
40983.921875
40884.437500
41128.640625
42491.882812
40072.812500
38336.316406
41310.593750
42646.578125
39251.824219
41543.398438
42914.054688
39379.984375
40799.152344
42832.394531
41447.960938
41794.937500
39364.210938
42185.335938
40050.992188
40812.730469
40357.972656
40745.203125
42319.703125
41259.718750
40520.949219
40537.585938
39105.050781
40708.519531
41088.519531
43463.101562
40687.292969
39375.898438
42672.324219
41314.843750
42000.273438
42412.070312
40739.746094
42011.605469
37978.140625
40545.750000
41184.976562
39410.953125
39058.671875
41929.578125
39488.230469
39501.718750
40421.773438
37574.531250
41215.414062
40778.429688
39071.488281
39220.312500
42678.882812
39926.281250
39850.304688
Training with sequence length 3.
80449.648438
84397.773438
81321.203125
73702.546875
72749.023438
74363.710938
68552.601562
72341.664062
71078.296875
68210.546875
70504.843750
68057.898438
69164.742188
66749.640625
66788.328125
66787.093750
65795.687500
70049.585938
65729.429688
67306.296875
64506.734375
66835.460938
66014.078125
66296.484375
64477.089844
66113.328125
69108.960938
64502.523438
60626.890625
63319.195312
65375.476562
67399.906250
65563.015625
67287.890625
67232.210938
63108.437500
66738.343750
64344.152344
67574.445312
63382.609375
67148.257812
66752.929688
64428.742188
64534.855469
65758.406250
65096.359375
65193.363281
63246.515625
66823.031250
63366.101562
66090.375000
66114.968750
61909.656250
64018.550781
62879.468750
64771.117188
65650.843750
62363.656250
63351.929688
64295.890625
60722.992188
58907.238281
60645.835938
58910.261719
65705.546875
61876.492188
63187.429688
62067.816406
61550.953125
64699.550781
64686.125000
62475.515625
64526.699219
62751.921875
63644.734375
66335.992188
61452.437500
61183.781250
62242.554688
60547.914062
63376.292969
63920.734375
64072.250000
62737.414062
61792.296875
61158.250000
64470.371094
60302.382812
63049.875000
65084.113281
63143.148438
60483.417969
65803.171875
62878.250000
62715.710938
57510.554688
63534.937500
59921.644531
61261.007812
64867.539062
63623.042969
59898.988281
64821.929688
60443.441406
59715.250000
60027.046875
62318.734375
61411.246094
62252.726562
62075.187500
61597.210938
62775.601562
62804.476562
61856.292969
60991.789062
60854.519531
61016.941406
61990.238281
63427.460938
61419.101562
60227.867188
63835.523438
59074.859375
62477.640625
59116.617188
61320.843750
57444.503906
59993.160156
59906.703125
61958.078125
61968.382812
63509.441406
60539.710938
63394.812500
63864.347656
63800.972656
61399.960938
61824.695312
59413.601562
58809.125000
60037.964844
59719.851562
60657.714844
60583.976562
58924.226562
60789.562500
63328.597656
63566.000000
60722.671875
60865.406250
60289.128906
58069.644531
58201.843750
58013.179688
61240.187500
62071.925781
59989.003906
59184.683594
59142.000000
58155.484375
61228.601562
59231.218750
58221.109375
60168.992188
60353.351562
58792.750000
62642.960938
59151.015625
61277.960938
59911.398438
59246.675781
60305.523438
59560.972656
58542.914062
58915.023438
61084.597656
58194.343750
58577.542969
57186.175781
58811.445312
59630.164062
59595.664062
56450.527344
59996.226562
60055.253906
57394.406250
57692.238281
57887.515625
59470.492188
62900.449219
59898.121094
61947.304688
58193.312500
58328.226562
59220.132812
59974.789062
58982.375000
Training with sequence length 4.
87008.734375
88345.812500
85053.437500
91556.281250
83027.484375
85958.281250
88901.195312
85970.476562
85644.937500
84341.367188
85779.937500
84121.531250
83642.359375
86272.179688
85783.476562
86297.015625
85163.257812
87088.734375
79590.578125
84465.390625
81272.093750
89288.242188
80925.375000
84639.984375
82794.375000
83698.921875
83967.734375
81370.289062
83096.398438
85411.906250
80715.656250
84446.101562
82924.210938
82194.453125
81634.437500
83511.531250
81334.593750
84122.789062
82597.101562
84387.898438
84693.468750
82045.656250
81770.562500
82038.781250
80780.546875
81522.296875
82405.234375
81461.609375
82133.414062
81603.125000
82282.984375
80861.226562
79676.914062
82617.500000
83730.500000
81407.937500
82334.562500
81818.046875
81767.406250
79089.625000
80788.750000
82334.500000
82916.218750
81469.593750
81446.234375
80706.210938
79622.609375
80852.640625
78353.875000
81427.460938
82846.453125
83786.984375
81059.109375
79431.343750
81201.281250
79262.515625
83069.570312
84858.585938
85220.500000
78700.156250
81516.593750
78911.125000
82506.203125
82838.921875
82876.296875
79856.125000
84881.718750
85254.445312
77413.234375
80533.281250
81749.304688
81026.953125
76747.937500
83753.023438
78054.625000
82026.195312
84229.062500
81827.945312
80130.296875
80411.093750
78512.679688
81790.531250
77532.929688
80686.203125
78183.500000
77821.375000
80494.390625
74626.226562
80401.687500
77904.359375
81233.757812
81799.890625
79098.562500
79393.984375
78502.851562
78357.085938
84172.000000
78576.359375
81434.953125
81691.453125
77037.601562
78168.078125
77811.937500
74672.625000
78679.039062
79489.312500
79386.093750
81411.437500
81359.375000
80736.460938
83487.375000
76997.273438
80408.679688
82085.085938
80052.609375
79607.687500
80827.976562
78924.875000
78363.750000
81714.734375
76717.398438
78070.476562
78622.500000
78549.562500
81640.031250
81341.289062
77948.109375
76081.390625
80351.843750
76825.843750
82312.085938
81828.312500
79975.968750
76797.585938
79485.625000
80632.781250
78088.820312
75438.062500
83295.078125
81466.976562
78916.750000
76866.593750
77490.906250
80085.773438
78705.109375
81670.132812
77144.625000
76066.179688
83632.507812
Training with sequence length 5.
112922.015625
104266.210938
104905.468750
103330.812500
96863.156250
103299.781250
105464.289062
103861.187500
109844.750000
106749.164062
98440.867188
103484.265625
102231.703125
103043.296875
106377.218750
102370.750000
104576.140625
103912.906250
107911.015625
102785.859375
104437.234375
104256.296875
102712.023438
106443.750000
97384.578125
98608.203125
104801.812500
103281.734375
102495.031250
107715.609375
102155.265625
107951.359375
101347.203125
105831.296875
96185.390625
105217.468750
100672.531250
103037.859375
99898.320312
106853.250000
97075.898438
103784.046875
102198.062500
102425.398438
100368.242188
98577.171875
103148.242188
105485.039062
102778.460938
98989.921875
99840.656250
105153.046875
96656.140625
103462.914062
97410.546875
99431.734375
104755.062500
101438.781250
99342.125000
102173.765625
100910.859375
103114.484375
98225.835938
101834.171875
102573.710938
100719.250000
96389.507812
100099.609375
106198.171875
98931.171875
104250.296875
101616.320312
105103.656250
102202.898438
102704.203125
102368.625000
100078.687500
100096.046875
100678.281250
102309.062500
97520.953125
99783.187500
103506.828125
101398.515625
102993.125000
100083.312500
100866.843750
100091.726562
103401.250000
102535.882812
98250.234375
99516.937500
98775.218750
96708.195312
100180.781250
95969.921875
99467.679688
100384.343750
98404.515625
97180.875000
97413.601562
97778.664062
98966.304688
100171.054688
97995.570312
101098.406250
99052.109375
98211.265625
100752.476562
99026.343750
100606.875000
94978.000000
97473.507812
99388.609375
105812.820312
104435.851562
99945.687500
100814.101562
103286.281250
101292.867188
100993.921875
102527.578125
97282.093750
98848.562500
102809.703125
99886.351562
99306.296875
97516.312500
101328.562500
101252.296875
96536.429688
94069.335938
99416.625000
99424.023438
100222.000000
101665.000000
98531.054688
99390.742188
101961.968750
96703.179688
100518.921875
Training with sequence length 6.
123925.210938
127748.671875
127170.023438
127962.640625
124230.898438
122161.968750
126938.976562
120585.546875
122181.273438
124422.296875
121566.093750
121388.242188
127905.210938
124277.531250
122598.250000
120090.640625
128994.328125
122448.632812
120016.781250
123367.265625
119177.015625
129275.062500
126597.671875
123454.914062
120536.906250
122202.609375
119109.210938
127077.507812
131927.921875
124896.835938
123082.781250
125763.921875
117885.453125
121325.750000
125914.718750
120857.562500
123869.773438
124812.578125
121724.492188
118810.296875
123767.406250
115020.109375
123605.390625
125056.953125
122802.242188
126541.648438
123646.304688
122148.726562
122971.531250
124937.421875
126563.679688
117894.945312
119699.820312
117966.156250
123990.484375
121026.250000
124299.476562
127522.828125
121195.531250
121665.250000
126369.859375
119277.742188
122224.812500
125495.039062
118209.046875
123638.875000
117801.671875
123423.937500
125740.429688
118047.109375
123487.125000
121886.179688
120368.554688
118197.601562
121026.250000
118319.382812
119471.992188
120318.000000
117745.718750
120363.828125
121415.796875
122774.468750
128393.890625
127665.609375
123786.218750
119881.281250
119021.187500
121271.062500
120145.718750
119256.953125
122344.125000
122174.000000
116215.812500
124051.437500
119929.843750
121350.687500
119832.015625
118993.179688
120654.875000
121779.656250
120624.507812
117640.898438
120102.664062
121444.921875
119856.835938
118705.234375
120775.054688
121671.070312
117018.156250
128715.078125
120280.835938
120949.187500
121661.656250
Training with sequence length 7.
150412.734375
153135.109375
153253.187500
146726.000000
144976.765625
146738.796875
145282.718750
150578.000000
136262.968750
138044.125000
142961.046875
150301.750000
143671.218750
148139.656250
146700.656250
144910.250000
148773.390625
143424.359375
148457.890625
146668.250000
145382.781250
149976.718750
145441.656250
147213.625000
145181.109375
155740.156250
139780.375000
148026.406250
145803.593750
144259.250000
140340.203125
142622.250000
146436.812500
139956.203125
137936.593750
150754.031250
143377.421875
145324.218750
144512.609375
146522.312500
138660.531250
148179.421875
139381.250000
145512.250000
144483.656250
139278.015625
143385.281250
144220.687500
141718.140625
144938.062500
143593.640625
144209.250000
145992.250000
148331.156250
147163.312500
142832.375000
140818.062500
148061.093750
146663.140625
148136.500000
139003.515625
136097.187500
141313.406250
143311.906250
144150.468750
141490.218750
138397.328125
146934.453125
136580.984375
138787.437500
139091.765625
146011.812500
140473.156250
142148.078125
143243.687500
144902.750000
142945.140625
141548.000000
145689.593750
147176.312500
142565.750000
140742.125000
139931.781250
145296.828125
144162.593750
Training with sequence length 8.
169150.343750
163249.437500
170085.906250
169826.906250
173960.406250
170813.187500
165561.484375
163424.250000
172563.406250
165581.687500
168866.593750
173627.234375
167778.015625
162770.125000
170878.203125
169907.718750
175794.515625
170204.078125
162716.375000
165446.859375
168841.765625
159499.781250
167889.281250
163591.953125
169925.765625
167663.593750
169402.687500
166196.937500
170853.578125
161279.718750
164864.671875
170533.375000
162397.125000
165200.171875
166096.312500
167284.843750
161345.656250
169841.656250
162604.406250
165348.000000
165308.859375
170344.562500
169292.656250
164970.750000
161500.218750
162339.343750
160427.171875
167393.546875
166996.281250
162661.640625
168359.531250
172070.578125
164114.312500
163536.531250
168498.437500
171770.187500
162875.937500
Training with sequence length 9.
198623.781250
190317.312500
192177.406250
195807.625000
187711.093750
193282.656250
187102.343750
200585.640625
192092.312500
196335.781250
195931.218750
201259.953125
196354.375000
193785.671875
190389.187500
189434.406250
189397.093750
192010.968750
193858.687500
188196.531250
195745.296875
191156.718750
193514.140625
187006.187500
191366.875000
198522.812500
193969.203125
194011.125000
194082.500000
