Training with sequence length 2.
0.630350
0.221867
0.167307
0.151667
0.125163
0.119270
0.106562
0.109221
0.103257
0.095977
0.103288
0.100263
0.099818
0.099817
0.095166
0.094973
0.092391
0.092551
0.095100
0.095374
0.094823
0.092503
0.093491
0.090453
0.090605
0.086744
0.088534
0.091246
0.089721
0.087940
0.088191
0.088382
0.086343
0.084669
0.086914
0.087967
0.085723
0.083032
0.087463
0.091385
0.081797
0.080122
0.081536
0.083833
0.083282
0.081587
0.082109
0.083529
0.082710
0.086715
0.080603
0.078096
0.079219
0.082290
0.082492
0.085635
0.078842
0.080228
0.079691
0.084200
0.082364
0.082278
0.076741
0.079052
0.075813
0.076779
0.079395
0.080463
0.080042
0.079574
0.075460
0.079266
0.081600
0.078630
0.074756
0.075578
0.077564
0.076817
0.076934
0.078959
0.077002
0.078322
0.079879
0.076366
0.075503
0.077524
0.075563
0.078279
0.076319
0.076748
0.077567
0.075423
0.078818
0.078289
0.080910
0.075972
0.076647
0.076360
0.073897
0.075017
0.078708
0.075846
0.073817
0.075381
0.076005
0.074569
0.076025
0.069131
0.076992
0.073737
0.071661
0.073672
0.070261
0.072388
0.070320
0.074972
0.073652
0.077239
0.073364
0.073329
0.075410
0.075056
0.073081
0.073673
0.072787
0.071361
0.072802
0.075446
0.071442
0.071676
0.072968
0.072576
0.073817
0.074822
0.070023
0.074809
0.073998
0.070124
0.069945
0.070961
0.073427
0.069163
0.072059
0.072129
0.074397
0.073823
0.069091
0.072232
0.072046
0.075383
0.068718
0.076167
0.068670
0.075399
0.068799
0.070260
0.068263
0.072678
0.070249
0.071536
0.069464
0.068498
0.068333
0.072858
0.070809
0.074650
0.068212
0.072616
0.073215
0.071044
0.068957
0.068148
0.071544
0.068485
0.073003
0.071525
0.072082
0.071362
0.071254
0.071084
0.070349
0.069214
0.071237
0.070298
0.073664
0.070891
0.069597
0.072213
0.071680
0.070359
0.074212
0.066756
0.070413
0.073312
0.068989
0.070275
0.070203
0.070969
0.074310
0.068490
0.066815
0.065323
0.070983
0.068672
0.069046
0.069160
0.068952
0.067279
0.068992
0.071336
0.067461
0.071873
0.070150
0.068938
0.069931
0.069310
0.067246
0.071388
0.071724
0.070327
0.066291
0.069339
0.068555
0.070953
0.068845
Training with sequence length 3.
0.099840
0.117324
0.109731
0.099279
0.098430
0.092947
0.089811
0.088485
0.091992
0.087234
0.084168
0.082780
0.085222
0.082347
0.081001
0.083688
0.082241
0.077685
0.077814
0.080024
0.076228
0.077614
0.075570
0.075811
0.077437
0.079274
0.078313
0.078112
0.079615
0.076797
0.073432
0.076472
0.078707
0.076517
0.077499
0.077640
0.075708
0.075599
0.072075
0.072830
0.072775
0.073157
0.075626
0.069733
0.076043
0.075283
0.073343
0.071424
0.073483
0.070038
0.069748
0.071851
0.069748
0.074637
0.075430
0.074249
0.073303
0.071039
0.074750
0.072388
0.072393
0.074428
0.073545
0.071698
0.072737
0.071797
0.069981
0.071055
0.075646
0.071372
0.072809
0.071260
0.072294
0.075090
0.068232
0.070922
0.071983
0.074550
0.072915
0.068808
0.070035
0.070367
0.070216
0.069763
0.068136
0.069695
0.067911
0.071955
0.071273
0.067377
0.069157
0.071510
0.072371
0.069837
0.070176
0.069220
0.071042
0.069712
0.073344
0.069546
0.069764
0.066834
0.069868
0.071376
0.071679
0.071982
0.069733
0.066397
0.069593
0.068027
0.066993
0.072049
0.070799
0.067432
0.067413
0.068006
0.070029
0.069644
0.070898
0.069241
0.066629
0.065764
0.067862
0.066805
0.070687
0.071832
0.070440
0.068835
0.067929
0.065800
0.066493
0.066461
0.068985
0.068301
0.068348
0.069671
0.067666
0.068821
0.065899
0.067221
0.068241
0.068595
0.069111
0.066591
0.067417
0.067810
0.069324
0.069136
0.071297
0.067963
0.064992
0.066415
0.066377
0.069764
0.066361
0.068509
0.070005
0.068055
0.069416
0.068348
0.071680
0.069036
0.069864
0.069246
0.069519
0.066164
0.068007
0.062993
0.067493
0.067939
0.069707
0.066733
0.063355
0.067587
0.066921
0.069279
0.064263
0.068078
0.066027
0.066133
0.062923
0.066128
0.065722
0.067190
0.069819
0.062213
0.062736
0.062626
0.069160
0.063175
0.065943
0.067620
0.069422
0.067648
0.070020
0.064754
0.065865
Training with sequence length 4.
0.075935
0.074037
0.071210
0.071355
0.070473
0.070893
0.070179
0.067636
0.070159
0.069914
0.071354
0.069937
0.070090
0.070035
0.069462
0.068972
0.070559
0.070361
0.068193
0.069179
0.068709
0.070072
0.064810
0.071162
0.068532
0.067471
0.071180
0.069402
0.070318
0.068116
0.069800
0.070552
0.069200
0.064616
0.065411
0.067861
0.068652
0.066779
0.073523
0.069225
0.067334
0.072057
0.070082
0.070711
0.064969
0.066841
0.066879
0.067887
0.067573
0.068563
0.065761
0.065632
0.069779
0.067741
0.066263
0.067835
0.064917
0.067454
0.068675
0.067772
0.068144
0.068183
0.069474
0.067515
0.067402
0.073899
0.067152
0.067116
0.065186
0.069576
0.069001
0.063032
0.068613
0.066725
0.066345
0.065928
0.067556
0.068311
0.068865
0.065584
0.065592
0.070377
0.065774
0.069252
0.066889
0.068237
0.070397
0.068541
0.064232
0.069589
0.065435
0.065177
0.066200
0.066907
0.065688
0.069812
0.063511
0.066115
0.067014
0.068707
0.061179
0.064790
0.065311
0.068672
0.070359
0.066205
0.066427
0.063751
0.068831
0.065925
0.064647
0.061409
0.067484
0.067212
0.064333
0.067784
0.067773
0.064606
0.067716
0.064043
0.066110
0.065573
0.065028
0.064428
0.065164
0.067387
0.065129
0.064516
0.063904
0.063723
0.066844
0.062769
0.066584
0.068058
0.066364
0.063910
0.064046
0.063659
0.067572
0.065698
0.065233
0.065942
0.066974
0.066444
0.064351
0.063955
0.064385
0.068358
0.062437
0.066858
0.065903
0.063609
0.063632
0.067743
0.062958
0.063107
0.062805
0.068685
0.063717
0.065014
0.064468
0.064583
0.066465
0.064336
0.065555
0.065120
0.065333
0.066890
0.058583
Training with sequence length 5.
0.066233
0.068379
0.071904
0.072184
0.065122
0.068907
0.067950
0.067206
0.068333
0.065364
0.065372
0.064820
0.063949
0.066963
0.064203
0.071083
0.067796
0.066297
0.064446
0.069076
0.066750
0.066758
0.064745
0.066307
0.071245
0.064840
0.064466
0.065864
0.065424
0.067673
0.068878
0.064713
0.063395
0.062546
0.061755
0.065486
0.062507
0.067991
0.068539
0.065966
0.067345
0.068251
0.064965
0.062988
0.065678
0.063515
0.065174
0.065682
0.061098
0.065993
0.066750
0.065806
0.063467
0.065704
0.064840
0.064435
0.063895
0.064515
0.063857
0.065482
0.063897
0.065518
0.064487
0.065184
0.068774
0.064554
0.064455
0.068997
0.065107
0.067891
0.061687
0.066106
0.066769
0.068104
0.064188
0.063634
0.067763
0.064102
0.066618
0.065338
0.066409
0.063826
0.066350
0.067201
0.064573
0.062582
0.064370
0.062852
0.064370
0.070087
0.066554
0.063708
0.066001
0.066922
0.065010
0.063188
0.064140
0.065728
0.063259
0.065756
0.067589
0.065069
0.063247
0.065807
0.064480
0.065211
0.065140
0.061435
0.066619
0.063616
0.067019
0.063010
0.066780
0.065567
0.063997
0.063459
0.064568
0.065279
0.064076
0.063160
0.064658
0.065474
0.063015
0.063204
0.065095
0.066897
0.063327
0.063577
0.062015
0.064748
0.065502
0.062590
0.063748
0.063819
0.064065
0.063314
0.062501
0.062047
0.062613
0.063105
0.064891
Training with sequence length 6.
0.068874
0.065318
0.068026
0.065088
0.064435
0.067182
0.068261
0.063817
0.065086
0.066149
0.067187
0.067194
0.063276
0.065057
0.064677
0.065130
0.068157
0.063645
0.062474
0.064469
0.063811
0.063544
0.062828
0.067123
0.065192
0.064289
0.063719
0.062919
0.066236
0.062579
0.068181
0.063024
0.068926
0.067825
0.064976
0.067252
0.067082
0.063436
0.063560
0.066183
0.065176
0.065272
0.064763
0.063657
0.063335
0.066380
0.061450
0.061689
0.066259
0.064224
0.064883
0.066870
0.064350
0.062564
0.067228
0.062260
0.062492
0.063987
0.066355
0.064332
0.063389
0.063512
0.064300
0.062981
0.066920
0.063363
0.066068
0.062126
0.065527
0.062312
0.060901
0.062603
0.062268
0.062837
0.062796
0.063639
0.063302
0.067146
0.060905
0.063517
0.064426
0.061160
0.065455
0.067113
0.063843
0.064039
0.061704
0.066897
0.061798
0.064367
0.063732
0.061435
0.066078
0.062055
0.061639
0.063189
0.062635
0.063342
0.066016
0.065090
0.066150
0.060814
0.064129
0.061660
0.061846
0.061077
0.064152
0.062949
0.064316
0.066128
0.062679
0.064249
0.063009
Training with sequence length 7.
0.067848
0.067182
0.065148
0.065395
0.064219
0.064509
0.063827
0.066492
0.062374
0.062349
0.062457
0.067045
0.064432
0.067248
0.061079
0.066331
0.062492
0.063267
0.061809
0.065332
0.062445
0.062713
0.064185
0.068880
0.061580
0.062951
0.064127
0.063626
0.062424
0.065629
0.063347
0.065709
0.062558
0.064466
0.065531
0.063436
0.063054
0.063365
0.062894
0.066566
0.063599
0.062046
0.068504
0.060891
0.063783
0.062172
0.063962
0.062254
0.059653
0.063633
0.063853
0.062885
0.066167
0.063373
0.068060
0.065281
0.060056
0.062066
0.065364
0.063273
0.063112
0.063209
0.060880
0.062727
0.061450
0.066440
0.062679
0.064750
0.059989
0.063201
0.061533
0.066176
0.064080
0.063097
0.062057
0.060331
0.060928
0.058729
0.060552
0.059413
0.062539
0.058990
0.062301
0.060241
0.062954
Training with sequence length 8.
0.061604
0.065321
0.062216
0.065223
0.063870
0.062015
0.062283
0.062302
0.066162
0.062798
0.064282
0.064298
0.063951
0.062626
0.063650
0.063215
0.062497
0.063502
0.063802
0.065738
0.060283
0.064821
0.062378
0.059681
0.060633
0.063177
0.061519
0.062090
0.062764
0.064593
0.062760
0.061980
0.066488
0.062976
0.066710
0.063447
0.061042
0.062335
0.064560
0.061164
0.061230
0.064191
0.063306
0.061074
0.061991
0.063959
0.061944
0.062367
0.063799
0.060404
0.061196
0.060219
0.062048
0.060276
0.061786
0.059194
0.062142
Training with sequence length 9.
0.063081
0.062875
0.060369
0.061547
0.064397
0.065277
0.068216
0.063771
0.060171
0.060045
0.063513
0.063076
0.062819
0.064631
0.063271
0.063750
0.062069
0.061498
0.066355
0.064011
0.067356
0.066971
0.059939
0.062640
0.061034
0.062087
0.065203
0.060234
0.063717
