Training with sequence length 2.
0.696628
0.693605
0.693144
0.693130
0.693097
0.693034
0.693139
0.692987
0.693053
0.692919
0.693140
0.692786
0.692842
0.691895
0.691391
0.691642
0.691240
0.691251
0.691009
0.691396
0.691088
0.691011
0.691059
0.691618
0.691012
0.691311
0.691041
Training with sequence length 3.
0.691398
0.692998
0.692016
0.692465
0.691937
0.691650
0.691397
0.691552
0.691887
0.691443
0.691133
0.691119
0.691206
0.691119
0.691275
0.690783
0.691217
0.691435
0.690707
0.690828
0.690897
0.690950
0.690764
0.690372
0.690613
0.690471
0.690710
0.690392
Training with sequence length 4.
0.691172
0.692023
0.691489
0.691325
0.691235
0.691308
0.691004
0.691603
0.690908
0.691132
0.691473
0.691309
0.690794
0.690699
0.691439
0.690765
0.690446
0.690925
0.691234
0.691321
0.690370
0.690937
0.691098
0.690652
0.690658
0.690872
0.690967
0.690544
Training with sequence length 5.
0.691007
0.691328
0.690903
0.691366
0.691368
0.691162
0.690805
0.690955
0.691031
0.691134
0.691155
0.690742
0.690210
0.691095
0.691378
0.691140
0.691373
0.690892
0.690830
0.691106
0.690963
0.691156
0.691663
0.691058
0.690525
0.690919
0.691247
0.691354
0.691274
Training with sequence length 6.
0.691373
0.691876
0.691606
0.691060
0.691335
0.690575
0.690947
0.691064
0.691415
0.691022
0.691100
0.690899
0.691086
0.691426
0.691200
0.691164
0.691034
0.690951
0.691196
0.691195
0.691172
0.691391
0.691538
0.690907
0.690969
0.691461
0.691548
0.691373
0.690977
Training with sequence length 7.
0.691475
0.691582
0.690949
0.690881
0.691287
0.691282
0.691452
0.691355
0.690836
0.691671
0.690978
0.691574
0.691224
0.691341
0.691424
0.691602
0.691269
0.691221
0.691514
0.691160
0.690757
0.691201
0.690730
0.690911
0.691338
0.690969
0.691020
0.691418
0.690998
Training with sequence length 8.
0.691021
0.691771
0.691300
0.691140
0.691265
0.691533
0.691243
0.690843
0.690897
0.691225
0.691270
0.691441
0.690705
0.690922
0.691224
0.691560
0.691325
0.691061
0.691313
0.691169
0.690866
0.691425
0.691377
0.691380
0.691044
0.691256
0.691162
0.691094
0.691234
0.690961
Training with sequence length 9.
0.691654
0.691391
0.690832
0.691483
0.690989
0.691499
0.691233
0.691341
0.690865
0.691507
0.691076
0.691104
0.691134
0.690990
0.691161
0.690558
0.691165
0.691241
0.691150
0.690959
0.691245
0.691289
0.691270
0.691398
0.690619
0.690876
0.690672
0.691104
0.691206
0.690796
