Training with sequence length 2.
0.696737
0.693157
0.693134
0.693093
0.693084
0.693099
0.693063
0.693057
0.693015
0.693081
0.693033
0.693005
0.692763
0.693015
0.692888
0.692389
0.691950
0.691828
0.691536
0.691549
0.691776
0.691475
0.691515
0.691409
0.691343
0.691721
0.691536
0.691400
0.691588
0.691308
0.691083
0.691528
0.691408
0.691490
0.691010
0.691363
0.690821
0.690945
0.690928
0.690964
0.691013
0.691343
0.690985
0.690520
0.690757
0.690740
0.690731
0.690344
0.690345
0.690783
0.690615
0.690302
0.690748
0.690397
0.690122
0.690453
0.690581
0.690279
0.690596
0.690228
0.690532
0.690505
0.690527
0.690037
0.690147
0.690503
0.690765
0.690495
0.690864
0.690462
0.690840
0.690125
Training with sequence length 3.
0.691715
0.691340
0.690856
0.690329
0.690994
0.690830
0.690478
0.690831
0.690547
0.690395
0.690948
0.690675
0.690575
0.690746
0.690776
0.690884
0.690702
0.690625
0.690939
0.690909
0.690225
0.690746
0.690897
0.690521
0.690875
0.690478
0.690715
0.690132
0.690823
0.690830
0.690158
0.690669
0.690630
0.690772
0.690575
0.690569
0.690792
0.690589
0.690657
0.691000
0.690017
0.690466
0.690427
0.690556
0.690833
0.690237
0.690756
0.690077
0.690682
0.690491
0.690996
0.690297
0.690546
0.690680
0.690460
0.690342
0.689452
0.690752
0.690564
0.690377
0.690172
0.690333
0.690995
0.690467
0.690508
0.690727
0.690998
0.690245
0.690417
0.690304
0.690059
0.690359
0.690454
0.690242
0.689980
0.690484
Training with sequence length 4.
0.691457
0.690597
0.691234
0.690659
0.690585
0.690011
0.690503
0.690758
0.690512
0.690750
0.690995
0.690471
0.690700
0.690278
0.690362
0.690629
0.690739
0.690879
0.690568
0.690976
0.690820
0.690811
0.690450
0.690182
0.691133
0.690654
0.690534
0.690888
0.690215
0.690534
0.690765
0.689959
0.690686
0.690910
0.690527
0.690235
0.690917
0.690430
0.689905
0.690641
0.689852
0.690561
0.690309
0.690573
0.690670
0.690781
0.690481
0.690443
0.690140
0.690222
0.690322
0.690953
0.690313
0.690506
0.690810
0.690257
0.690497
0.690147
0.689900
0.690923
0.690760
0.690350
0.689978
0.690033
0.690524
0.690480
0.690510
0.690256
0.690455
0.690347
0.690369
0.690929
0.690201
0.690172
0.690036
0.691092
Training with sequence length 5.
0.690861
0.690714
0.690456
0.690420
0.690846
0.690779
0.690263
0.690277
0.690957
0.690568
0.690345
0.690588
0.691343
0.690911
0.690899
0.690764
0.690278
0.690404
0.690682
0.690251
0.690136
0.689998
0.690340
0.690011
0.690270
0.690856
0.690435
0.690368
0.690363
0.690366
0.690464
0.690348
0.689750
0.690561
0.690562
0.690792
0.690460
0.690121
0.690189
0.689747
0.690198
0.690989
0.690527
0.690555
0.689656
0.689687
0.690206
0.689889
0.690323
0.690699
0.690228
0.690454
0.690679
0.690589
0.690573
0.690544
0.690712
0.689372
0.690578
0.690501
0.690360
0.689927
0.689618
0.690115
0.690386
0.690092
0.689629
0.689124
0.690073
0.689794
0.689798
0.689172
0.690189
0.689852
0.690141
0.690566
Training with sequence length 6.
0.690191
0.689829
0.690575
0.689069
0.689854
0.690362
0.690142
0.690355
0.689696
0.690480
0.689735
0.690091
0.690105
0.690255
0.689727
0.690299
0.690376
0.690749
0.690399
0.690306
0.689791
0.690625
0.689327
0.689226
0.690362
0.690017
0.690298
0.689991
0.690000
0.689846
0.689995
0.690008
0.689954
0.690587
0.690314
0.690467
0.689768
0.690121
0.690604
0.690139
0.689779
0.689757
0.690133
0.689896
0.690118
0.689926
0.689839
0.690504
0.688997
0.689905
0.689938
0.689472
0.690520
0.689188
0.690765
0.690062
0.689277
0.689043
0.690115
0.689856
0.689578
0.690006
0.690356
0.689050
0.689439
0.689079
0.688884
0.689006
0.689717
0.689527
0.689893
0.689214
0.689240
0.689695
0.690106
0.689279
0.690509
0.689562
0.689361
0.690074
