Training with sequence length 2.
361077.718750
101113.015625
107537.687500
101143.914062
102581.640625
107341.578125
105374.937500
101957.140625
99776.375000
98263.078125
105217.250000
107674.703125
100492.585938
106235.265625
102744.062500
102142.695312
104674.484375
103043.296875
103967.585938
100839.718750
106565.195312
101432.734375
104736.890625
96308.937500
91160.531250
81076.578125
70644.351562
66507.429688
64140.171875
54512.765625
55623.847656
56911.582031
57296.160156
54827.480469
53406.539062
55803.484375
54897.554688
53484.796875
53645.203125
55263.710938
53419.484375
51396.578125
53713.339844
52772.082031
51077.117188
50039.765625
50164.718750
51812.062500
50704.410156
51393.101562
49745.976562
50196.628906
49325.226562
50600.441406
52430.066406
50282.515625
48858.632812
47752.382812
49643.468750
49763.093750
48791.937500
51657.226562
49358.339844
50346.289062
49354.800781
50064.039062
48796.289062
48844.765625
49121.015625
47828.457031
49557.703125
48626.054688
48862.175781
47455.699219
49829.617188
46515.960938
47155.574219
47494.476562
49538.585938
50019.984375
47822.335938
48838.570312
48390.757812
49280.960938
48477.726562
46559.765625
47550.289062
47989.261719
51794.765625
48619.789062
46803.968750
52287.414062
48068.066406
46269.828125
46678.292969
45674.066406
48821.160156
48850.031250
49350.796875
49134.031250
45948.105469
46111.781250
48165.285156
47881.156250
44261.140625
47680.886719
46155.226562
46333.804688
46015.089844
43930.539062
46598.878906
48133.390625
44137.390625
46651.308594
45829.734375
46580.351562
46900.406250
48087.207031
44451.757812
48374.507812
48915.687500
48144.519531
46112.398438
48327.960938
46514.015625
45146.765625
47360.898438
48653.542969
47492.742188
48824.742188
44764.859375
46423.753906
46347.375000
47452.359375
44063.632812
45890.687500
47390.902344
44917.101562
47757.226562
47148.546875
48349.132812
45133.648438
44157.800781
46520.070312
46964.054688
47377.136719
46641.675781
45632.460938
47932.457031
47982.203125
43003.964844
47636.554688
45799.507812
43683.375000
45060.789062
45937.015625
45684.371094
46318.710938
45937.804688
45737.390625
43463.054688
46153.917969
44355.359375
47572.781250
45542.421875
45074.718750
44232.203125
46705.148438
45755.781250
45054.917969
47407.234375
47552.187500
47050.660156
44782.171875
46606.406250
45434.968750
46624.171875
44376.601562
44627.000000
43240.027344
45434.281250
45368.929688
45036.187500
44735.976562
45336.195312
45222.625000
46307.363281
43578.968750
45679.359375
47318.484375
45638.152344
43244.578125
48239.300781
45864.046875
44372.976562
47092.269531
45570.269531
46056.011719
45239.406250
45097.320312
44846.601562
43729.062500
43792.523438
45457.320312
44472.070312
43390.406250
45654.375000
45001.765625
46060.578125
43754.437500
45688.746094
44029.265625
45810.500000
45244.238281
42994.570312
44283.679688
44302.464844
45391.898438
45195.421875
45789.210938
46809.687500
44915.867188
45744.265625
43214.695312
45581.695312
Training with sequence length 3.
194657.031250
146718.343750
125508.234375
121768.500000
116734.226562
105911.562500
101792.218750
98437.328125
97819.445312
93926.757812
94929.578125
88787.203125
93977.265625
90756.000000
85253.289062
87303.578125
86533.195312
84568.843750
88805.781250
85401.265625
83984.273438
84638.484375
84040.632812
84455.945312
82600.125000
82360.515625
83069.562500
79325.359375
81989.039062
81187.054688
81778.640625
83114.156250
79469.421875
79369.078125
77037.984375
83292.804688
83641.484375
79678.687500
80057.468750
76673.109375
75847.984375
78297.609375
78078.039062
80305.156250
78919.515625
78073.421875
81136.976562
78771.140625
77647.046875
78153.226562
81295.984375
77585.453125
76208.476562
79193.835938
76792.507812
74010.687500
76124.937500
76827.921875
80236.187500
78648.390625
78448.593750
78058.953125
79160.023438
74875.250000
78422.960938
75336.109375
76404.812500
76613.320312
77583.078125
82815.421875
77033.710938
76517.343750
73851.492188
76449.234375
74711.812500
80052.828125
77163.328125
76237.210938
76319.640625
77223.070312
75527.132812
71773.406250
77592.242188
75925.039062
75463.906250
72353.148438
75194.781250
75308.851562
74711.593750
74383.062500
76308.757812
76883.484375
74298.156250
77978.031250
75932.484375
77716.406250
71238.703125
75257.867188
75153.171875
72648.546875
71418.070312
74452.632812
74426.382812
70846.640625
77365.203125
72454.390625
76312.171875
74377.843750
73927.984375
77349.601562
75386.976562
73916.710938
69949.984375
77035.007812
76656.328125
74516.078125
72631.992188
70840.875000
71683.078125
73168.937500
71746.070312
74248.468750
72946.015625
74165.156250
75499.328125
73408.976562
74302.546875
74526.375000
77929.093750
74450.562500
70007.554688
76090.125000
71785.398438
76086.460938
74279.671875
72034.578125
72116.320312
76779.828125
71233.507812
72711.453125
71383.015625
72006.804688
72611.289062
73745.070312
73042.843750
69432.570312
70310.156250
70419.062500
73308.406250
75454.664062
72890.250000
69843.984375
74499.921875
72803.117188
72948.906250
72140.703125
71350.109375
73116.265625
74269.171875
73290.390625
73026.585938
72980.421875
71605.140625
71652.812500
70842.421875
72487.656250
69276.765625
74865.617188
77310.140625
74221.203125
73626.312500
69531.117188
71403.437500
76133.296875
74577.000000
70741.398438
75231.968750
71130.609375
68309.421875
72983.328125
70499.335938
71684.359375
69972.664062
73199.843750
74293.609375
71539.515625
74566.625000
70067.437500
75400.187500
72301.406250
72942.750000
73301.875000
73777.632812
70539.773438
71909.531250
71120.578125
72814.703125
Training with sequence length 4.
132479.812500
145742.109375
143111.500000
137271.531250
119995.992188
119002.015625
119361.984375
121258.562500
109793.531250
114174.375000
111645.171875
112678.375000
111159.421875
123138.640625
120132.062500
109656.984375
113652.640625
113975.828125
110494.171875
112111.562500
116119.531250
113000.171875
114631.453125
110485.171875
111346.492188
106815.835938
112456.359375
105356.953125
108533.609375
108767.476562
110651.156250
108057.171875
108274.070312
109903.726562
108760.328125
105243.187500
109897.140625
102608.171875
108050.265625
107210.640625
109940.140625
107645.312500
104896.562500
109270.414062
100954.968750
106578.234375
105857.179688
111397.656250
105558.101562
108133.882812
104883.031250
110064.460938
108036.750000
106991.109375
104422.515625
105352.718750
103218.546875
103176.351562
104973.328125
111371.312500
107791.875000
105776.171875
105607.656250
105173.750000
106134.117188
108719.656250
110230.593750
108251.492188
105028.695312
104190.734375
107058.523438
105505.890625
104222.781250
106082.984375
98387.906250
105438.187500
103829.890625
106326.507812
102827.164062
104758.007812
101400.953125
103050.390625
104768.984375
106345.523438
108517.109375
98427.296875
103036.718750
106998.117188
103544.812500
105619.757812
101215.875000
103948.859375
102006.406250
105875.687500
103424.367188
100432.453125
104936.609375
107709.976562
107177.015625
109599.718750
97901.703125
102711.140625
109984.390625
101257.468750
104260.304688
109470.562500
103090.085938
103149.968750
108903.593750
107387.273438
101233.562500
110038.109375
104226.726562
104205.906250
106400.890625
101643.078125
100773.875000
101231.890625
107643.781250
100353.671875
101255.640625
103533.765625
97945.531250
103310.437500
101977.984375
107892.289062
103790.773438
99443.843750
106146.960938
101069.945312
100856.320312
107135.062500
106096.445312
97671.218750
104595.992188
101403.093750
103741.140625
98923.757812
97759.796875
95613.703125
100677.992188
102131.093750
102037.953125
97860.453125
101615.875000
99235.234375
102851.453125
103994.187500
105801.492188
102824.148438
109492.984375
103224.671875
105454.414062
101871.835938
105567.164062
97732.898438
98748.507812
101894.484375
101277.617188
107913.046875
105180.453125
96341.843750
101926.921875
100586.398438
103656.523438
97012.468750
101317.367188
105675.750000
98600.109375
Training with sequence length 5.
146963.015625
176983.937500
168759.156250
159908.468750
159606.046875
150978.718750
155716.015625
146139.890625
151281.281250
149811.765625
148165.265625
141395.562500
148297.781250
143389.171875
144921.218750
142578.593750
146270.281250
142455.609375
137518.578125
144478.593750
143539.437500
140669.593750
139686.921875
138045.187500
140735.562500
144932.265625
138023.750000
141092.125000
143736.437500
140839.828125
137164.453125
140780.343750
136494.125000
141635.375000
141122.375000
139752.453125
142066.984375
133820.531250
137107.921875
133434.031250
139636.890625
137064.218750
138433.906250
150529.531250
137896.156250
128655.742188
149108.500000
137738.328125
138642.203125
137944.625000
138552.312500
133283.234375
135801.765625
141111.250000
140020.343750
145660.968750
131606.609375
130580.156250
139789.500000
137010.937500
142804.031250
136181.234375
137993.687500
132476.359375
134926.906250
136667.406250
133285.078125
135598.609375
134431.046875
135556.062500
142140.640625
136097.828125
133980.859375
135195.937500
133044.843750
132866.343750
132260.437500
134285.156250
149864.156250
134598.437500
136687.937500
138333.875000
138968.484375
134914.000000
132031.656250
139060.718750
139172.609375
134758.640625
131768.218750
137118.593750
138620.343750
132234.625000
130835.750000
134157.687500
139200.375000
133819.562500
135254.531250
137284.343750
134744.531250
130514.046875
130408.328125
129081.953125
133009.375000
137382.593750
133056.562500
129695.476562
136608.687500
133248.125000
137539.781250
134412.031250
131545.421875
140103.937500
138837.562500
135817.000000
130796.679688
131418.281250
138398.609375
134552.750000
132748.750000
131308.593750
133277.875000
129253.523438
128568.109375
141651.593750
133138.937500
126711.640625
137329.406250
139368.718750
130993.617188
136369.968750
133358.843750
137010.734375
137178.843750
137123.921875
130274.960938
136906.187500
129554.484375
133966.031250
139231.906250
130920.109375
133007.531250
Training with sequence length 6.
170497.343750
202891.062500
179908.625000
176922.828125
178366.546875
186157.093750
179557.109375
172714.781250
178964.500000
179182.484375
179568.968750
179513.859375
183862.750000
184439.687500
173439.765625
179734.468750
170476.687500
174618.578125
181441.093750
170692.890625
173712.531250
180139.812500
162290.000000
169347.281250
179987.593750
170245.781250
173497.312500
172518.875000
176257.671875
178636.984375
173763.265625
173183.828125
177594.375000
176430.406250
169375.375000
165420.734375
177583.437500
175345.640625
169535.406250
173925.625000
169588.718750
165248.093750
177007.312500
172441.734375
169152.718750
169477.562500
162268.437500
181873.203125
176593.687500
167678.625000
165894.671875
194247.171875
180424.234375
173542.031250
178664.031250
178349.359375
179108.875000
179249.531250
175864.000000
171783.093750
181253.406250
175701.453125
174551.937500
176351.437500
166785.468750
171564.437500
169050.062500
169635.468750
175393.546875
173383.187500
170361.437500
172524.562500
167843.906250
168530.593750
168993.968750
169953.843750
175367.281250
175788.609375
167246.171875
171785.656250
166560.281250
173351.656250
165694.687500
178415.031250
164597.218750
167292.953125
181071.125000
168981.781250
164908.656250
167524.468750
175350.500000
169249.875000
168565.437500
165215.703125
164624.343750
167114.937500
163526.718750
170537.625000
174874.156250
167879.406250
167016.125000
180633.343750
166287.062500
173040.609375
164373.750000
171337.093750
162924.109375
173633.390625
166982.031250
166360.890625
170346.937500
170983.906250
168986.234375
Training with sequence length 7.
222783.968750
233721.750000
214521.953125
212296.343750
220255.906250
208446.250000
216806.437500
205738.062500
197452.000000
217100.593750
216110.718750
207033.000000
217909.656250
212639.109375
210376.968750
208698.984375
198244.531250
212735.734375
203530.718750
200758.343750
199271.468750
204262.437500
204556.859375
202550.828125
203196.406250
203209.781250
203204.703125
202687.968750
212105.656250
210953.156250
211553.437500
201227.906250
205783.296875
207721.000000
226906.562500
204720.125000
201308.656250
210299.812500
211295.046875
203511.343750
229587.656250
212610.343750
201948.218750
210417.062500
207200.718750
197435.437500
209920.421875
209347.375000
207326.156250
213672.218750
214983.687500
214472.718750
212843.125000
207584.406250
213179.875000
208790.531250
203835.343750
212521.171875
211943.515625
201790.828125
200604.312500
199357.484375
212752.859375
212629.843750
207498.968750
213327.937500
221413.671875
204750.031250
208518.140625
208972.578125
205348.125000
206034.531250
209498.015625
212050.515625
208651.343750
199950.890625
206416.984375
194389.578125
192054.187500
200260.968750
204350.859375
201225.375000
200222.687500
201173.906250
206198.187500
Training with sequence length 8.
237156.625000
241620.093750
258953.406250
236854.031250
275743.937500
260406.984375
262966.718750
260268.312500
241620.406250
260766.218750
255755.921875
245785.109375
260355.390625
255146.687500
241724.203125
289195.000000
274878.187500
276985.937500
278225.656250
255761.718750
265230.281250
256226.718750
262318.812500
248486.750000
260580.281250
266249.437500
243925.453125
247384.734375
255681.078125
249927.687500
247307.015625
251247.343750
259411.031250
243911.921875
253677.406250
249711.375000
254807.937500
248897.484375
245868.750000
247975.531250
240530.812500
243115.015625
241378.968750
242535.546875
246497.640625
261485.828125
249871.421875
243019.250000
257580.593750
240621.656250
246558.031250
241988.328125
241777.500000
244749.875000
242242.625000
246878.796875
255547.125000
Training with sequence length 9.
281949.312500
294861.687500
288349.312500
276801.750000
285552.687500
304950.375000
282711.250000
276531.531250
278175.593750
295552.312500
298642.312500
298892.312500
290354.875000
277350.187500
290739.468750
291078.968750
309325.718750
290978.500000
304476.531250
288880.468750
275065.062500
279975.468750
301556.750000
281445.875000
280372.500000
276000.937500
289015.250000
286700.312500
285860.718750
