Training with sequence length 2.
0.726072
0.321027
0.293211
0.270801
0.253561
0.227622
0.213535
0.197343
0.187657
0.175745
0.173204
0.163533
0.156400
0.148396
0.142438
0.141663
0.137910
0.133075
0.127716
0.125326
0.119481
0.119736
0.117810
0.113010
0.111229
0.112928
0.106496
0.108382
0.106039
0.104216
0.102583
0.101787
0.099901
0.100639
0.102547
0.096920
0.098891
0.092915
0.093523
0.094415
0.091791
0.096992
0.096453
0.093875
0.095831
0.092995
0.086864
0.091395
0.091945
0.083845
0.089629
0.092432
0.089200
0.087024
0.085741
0.082480
0.083297
0.085822
0.085311
0.082351
0.080733
0.083510
0.081433
0.085360
0.081761
0.081915
0.084942
0.081650
0.081966
0.079204
0.083905
0.079498
0.082342
0.081038
0.080888
0.078406
0.081977
0.078425
0.077078
0.079897
0.081097
0.078881
0.078274
0.077931
0.080916
0.081512
0.074365
0.081597
0.077756
0.079753
0.080306
0.073639
0.080313
0.079903
0.074135
0.078581
0.076406
0.078053
0.077155
0.075663
0.077795
0.079257
0.078292
0.079318
0.074512
0.077715
0.073998
0.071406
0.075575
0.075220
0.077571
0.072656
0.076960
0.075026
0.072243
0.073635
0.073188
0.075528
0.072983
0.074379
0.074179
0.077430
0.076676
0.073773
0.075617
0.076000
0.072864
0.074106
0.074762
0.074345
0.074005
0.072318
0.071654
0.071586
0.072842
0.072605
0.071015
0.075452
0.073545
0.070929
0.076966
0.075380
0.071629
0.074024
0.073065
0.072931
0.068042
0.072271
0.073922
0.069293
0.071414
0.071601
0.070693
0.068185
0.071550
0.070342
0.070959
0.070190
0.073121
0.070163
0.071783
0.073069
0.071472
0.070771
0.068599
0.070309
0.068903
0.066278
0.070759
0.071069
0.067244
0.069926
0.069351
0.070329
0.072614
0.068453
0.071363
0.073278
0.069072
0.070049
0.070568
0.071867
0.067025
0.067206
0.067961
0.068220
0.071975
0.068935
0.068506
0.073719
0.069045
0.069475
0.071465
0.070676
0.067793
0.071322
0.065681
0.072298
0.072859
0.067214
0.068723
0.067030
0.070732
0.069818
0.067896
0.066109
0.067542
0.066393
0.066856
0.067380
0.070069
0.070934
0.067986
0.069384
0.067758
0.067467
0.068186
0.069904
0.070756
0.069555
0.071464
0.069127
0.069014
0.066542
0.065117
Training with sequence length 3.
0.115669
0.103325
0.096771
0.088211
0.083886
0.082604
0.080624
0.073695
0.077363
0.080223
0.079479
0.075979
0.076620
0.074816
0.076557
0.076001
0.076193
0.072440
0.076690
0.070817
0.075351
0.074913
0.072682
0.072791
0.076251
0.070073
0.072436
0.069816
0.074331
0.071964
0.073777
0.071913
0.071427
0.075201
0.069774
0.070597
0.069814
0.070471
0.072174
0.072376
0.068383
0.071148
0.071910
0.072828
0.071073
0.070158
0.069401
0.072539
0.075227
0.071057
0.069562
0.069562
0.072350
0.072587
0.070614
0.073168
0.070611
0.069104
0.070601
0.067052
0.070715
0.071318
0.070190
0.070472
0.069946
0.069134
0.069664
0.069509
0.069810
0.068914
0.069778
0.068367
0.070514
0.070599
0.067343
0.070518
0.066601
0.072590
0.066561
0.070307
0.069581
0.066146
0.068219
0.067763
0.071884
0.068231
0.069392
0.064882
0.069587
0.070815
0.067346
0.065670
0.067029
0.070746
0.068243
0.069606
0.068844
0.066247
0.068002
0.066480
0.066115
0.067040
0.066085
0.067360
0.066138
0.065444
0.067823
0.065046
0.067210
0.069368
0.067126
0.065593
0.068482
0.066552
0.066541
0.068754
0.066619
0.068648
0.067661
0.068708
0.067976
0.069312
0.066995
0.068724
0.067226
0.067331
0.064603
0.066151
0.065060
0.066163
0.065950
0.068415
0.064956
0.063989
0.068685
0.064562
0.066437
0.064270
0.067173
0.066872
0.067361
0.068245
0.068976
0.069113
0.068671
0.064432
0.067408
0.065470
0.065301
0.060644
0.065521
0.065920
0.062985
0.066617
0.064559
0.062897
0.063527
0.065998
0.065724
0.067395
0.066566
0.066047
0.066871
0.066453
0.067578
0.065607
0.066573
0.067244
0.067534
0.063870
0.066499
0.065522
0.064802
0.064880
0.070485
0.064165
0.064163
0.063328
0.067921
0.064412
0.065916
0.063401
0.066347
0.064924
0.066344
0.062239
0.063089
0.066030
0.064296
0.065391
0.063627
0.060125
0.062981
0.063487
0.064070
0.064088
0.066395
Training with sequence length 4.
0.076085
0.071223
0.067460
0.068978
0.068581
0.069669
0.069806
0.066881
0.066589
0.068431
0.069886
0.067493
0.068089
0.068205
0.069301
0.063740
0.066569
0.069590
0.065238
0.067725
0.069688
0.067444
0.070879
0.064297
0.067231
0.068914
0.066845
0.068719
0.064211
0.066797
0.067171
0.068110
0.064735
0.065202
0.066072
0.068318
0.062740
0.066849
0.069413
0.064866
0.066545
0.068509
0.064266
0.062302
0.065106
0.061204
0.069554
0.065240
0.066548
0.066308
0.068851
0.065024
0.066526
0.068508
0.066935
0.066542
0.065765
0.065644
0.064775
0.061365
0.068902
0.063039
0.064987
0.067936
0.064833
0.069771
0.064964
0.065774
0.066058
0.062426
0.065568
0.063905
0.066145
0.065270
0.063561
0.066525
0.064546
0.063613
0.064766
0.067862
0.065288
0.065576
0.066885
0.066827
0.061158
0.066548
0.065540
0.064252
0.065257
0.065328
0.063779
0.065812
0.065023
0.063008
0.066399
0.063257
0.066570
0.066262
0.064109
0.059236
0.065339
0.060749
0.067016
0.067561
0.064384
0.066977
0.066815
0.063230
0.063258
0.064334
0.062985
0.065629
0.062769
0.062446
0.064733
0.065716
0.065975
0.063355
0.066315
0.065161
0.063105
0.065706
0.065074
0.062134
0.065939
0.059963
0.063825
0.065534
0.064320
0.063201
0.065761
0.060530
0.062557
0.063391
0.062093
0.060901
0.062529
0.063412
0.064100
0.063628
0.061993
0.061667
0.066402
0.063129
0.063541
0.064966
0.062907
0.064417
0.064596
0.063373
0.062608
0.064218
0.062222
0.059175
0.067079
0.060402
0.061016
0.062356
0.066440
0.060076
0.061878
0.058988
0.061006
0.065306
0.058439
0.062734
0.066683
0.066590
0.062076
Training with sequence length 5.
0.075441
0.068012
0.070745
0.064149
0.062798
0.069116
0.067611
0.066907
0.062564
0.067816
0.064239
0.064441
0.063667
0.066108
0.066538
0.066546
0.065802
0.064494
0.067753
0.066118
0.063692
0.065678
0.063164
0.066479
0.063477
0.066425
0.065437
0.064024
0.065004
0.068544
0.062968
0.062247
0.062259
0.063168
0.066004
0.066772
0.064449
0.064340
0.063254
0.065411
0.064147
0.065884
0.065610
0.063644
0.064588
0.064849
0.065026
0.064421
0.067227
0.063311
0.063104
0.060339
0.061585
0.066133
0.063928
0.066217
0.064761
0.063550
0.062517
0.063134
0.063048
0.063451
0.063554
0.064165
0.065637
0.066145
0.064439
0.062439
0.065361
0.067272
0.063109
0.066119
0.064743
0.067135
0.064798
0.064593
0.063900
0.061678
0.066555
0.065998
0.062695
0.059723
0.066490
0.066445
0.063875
0.065604
0.068313
0.061065
0.067407
0.064527
0.064200
0.063688
0.062903
0.065940
0.059928
0.065346
0.061485
0.067067
0.064681
0.061738
0.064726
0.063382
0.065564
0.067202
0.063270
0.061274
0.061421
0.063144
0.062665
0.062286
0.062452
0.062067
0.061423
0.064807
0.062343
0.062143
0.064484
0.061007
0.060248
0.062803
0.063948
0.062604
0.061553
0.062992
0.060536
0.065420
0.060920
0.061075
0.062997
0.064303
0.066093
0.065331
0.064299
0.062787
0.064421
0.063333
0.063672
0.060310
0.060896
0.061326
0.063396
Training with sequence length 6.
0.068313
0.063538
0.067602
0.067338
0.067224
0.066671
0.063377
0.067683
0.064693
0.063067
0.066037
0.062368
0.063684
0.065558
0.063180
0.063490
0.064437
0.064746
0.064706
0.061315
0.063945
0.065680
0.066759
0.063343
0.063097
0.064433
0.064318
0.063751
0.062218
0.065378
0.062691
0.063844
0.064647
0.061244
0.065190
0.063046
0.060861
0.062096
0.063732
0.066309
0.065877
0.060945
0.064765
0.064120
0.063501
0.060846
0.060364
0.063264
0.063200
0.064199
0.065266
0.063079
0.063504
0.064779
0.062342
0.063716
0.061161
0.063727
0.062320
0.062529
0.064165
0.062737
0.064276
0.064778
0.063576
0.063622
0.068135
0.064445
0.063437
0.063514
0.067078
0.062371
0.065267
0.064187
0.062146
0.063153
0.064649
0.062816
0.067076
0.062390
0.061712
0.062907
0.062838
0.064022
0.062858
0.063290
0.064270
0.065388
0.063885
0.062314
0.063740
0.065493
0.062074
0.060060
0.063855
0.063481
0.059551
0.062547
0.063309
0.061674
0.059336
0.062463
0.063162
0.062155
0.062517
0.065396
0.063239
0.058065
0.062379
0.063331
0.062536
0.061777
0.063094
Training with sequence length 7.
0.066386
0.061734
0.062813
0.065760
0.064561
0.068983
0.063169
0.063976
0.064434
0.067795
0.063992
0.064514
0.063511
0.061700
0.061171
0.061971
0.060832
0.061463
0.062942
0.065603
0.066980
0.059905
0.064242
0.064914
0.063499
0.062559
0.064278
0.063925
0.061649
0.062295
0.062607
0.062232
0.061521
0.064162
0.064647
0.063528
0.065367
0.064305
0.062225
0.062821
0.062284
0.065234
0.065692
0.064272
0.063371
0.061292
0.065226
0.060976
0.062304
0.062325
0.061008
0.063005
0.063744
0.062723
0.062782
0.061794
0.064891
0.065066
0.063150
0.065555
0.063648
0.062848
0.062925
0.060319
0.061872
0.063716
0.062150
0.066659
0.064372
0.059207
0.063619
0.063165
0.065672
0.063545
0.066681
0.063152
0.061766
0.064483
0.059078
0.063330
0.061530
0.061163
0.057481
0.060677
0.060089
Training with sequence length 8.
0.065809
0.064831
0.063254
0.064074
0.063983
0.061220
0.065000
0.063681
0.064080
0.064254
0.063807
0.065702
0.060273
0.064357
0.067457
0.061889
0.062138
0.065377
0.064267
0.060450
0.061534
0.059049
0.064328
0.062792
0.062788
0.061985
0.060850
0.063368
0.062904
0.063895
0.060169
0.059399
0.062374
0.063688
0.062256
0.060739
0.061124
0.063034
0.066479
0.061140
0.061790
0.062174
0.062650
0.062908
0.061799
0.060107
0.061489
0.063803
0.067301
0.065730
0.058065
0.059991
0.062864
0.065074
0.059791
0.062914
0.063069
Training with sequence length 9.
0.066844
0.066234
0.064244
0.064335
0.070043
0.066398
0.060731
0.062649
0.063011
0.060891
0.064166
0.060805
0.063909
0.067821
0.064026
0.062287
0.062917
0.061454
0.064508
0.061788
0.063201
0.061546
0.062644
0.060697
0.063623
0.061635
0.062608
0.062916
0.061477
