Training with sequence length 2.
0.694739
0.693192
0.693089
0.693036
0.693118
0.693121
0.693035
0.693087
0.692918
0.692286
0.692297
0.692044
0.691936
0.691700
0.691606
0.691352
0.691662
0.691280
0.691392
0.690582
0.691138
0.690903
0.690932
0.691002
0.690533
0.690687
0.690805
0.691034
0.690804
0.690921
0.690562
0.690514
0.690926
0.690528
0.690891
0.690532
0.690662
0.690591
0.690671
0.690765
0.690470
0.690580
0.690315
0.690436
0.690838
0.690020
0.690851
0.690495
0.690832
0.690377
0.690635
0.690482
0.690330
0.689793
0.690240
0.690194
0.690860
0.690878
0.690155
0.690762
0.690315
0.690699
0.690299
0.690588
0.690435
0.690741
0.690390
0.690498
0.690295
0.690529
0.690551
0.690701
Training with sequence length 3.
0.691334
0.692745
0.692110
0.691955
0.691668
0.692116
0.691519
0.691206
0.691048
0.690698
0.691182
0.690811
0.690746
0.690750
0.690733
0.690709
0.690870
0.690156
0.691369
0.691075
0.690766
0.690423
0.691151
0.691101
0.690576
0.690816
0.690675
0.690622
0.690347
0.690271
0.690724
0.690612
0.690582
0.690588
0.690445
0.690835
0.690862
0.690712
0.690728
0.690291
0.690862
0.690852
0.690941
0.690556
0.690785
0.690686
0.690939
0.690623
0.691055
0.690962
0.690145
0.691036
0.690579
0.690282
0.689927
0.690756
0.691029
0.690506
0.690237
0.690072
0.690627
0.690751
0.690794
0.690982
0.689662
0.690583
0.690506
0.689643
0.690659
0.690412
0.690714
0.690098
0.690292
0.690402
0.690613
0.690256
Training with sequence length 4.
0.691765
0.691976
0.691379
0.690970
0.691022
0.691036
0.690523
0.691082
0.691314
0.690662
0.690800
0.690978
0.690687
0.690980
0.690347
0.690523
0.691286
0.690622
0.690954
0.690327
0.689782
0.690274
0.690784
0.689942
0.690412
0.690857
0.690874
0.690846
0.690664
0.690414
0.690188
0.690819
0.690717
0.690680
0.690751
0.690444
0.690447
0.690472
0.690406
0.690341
0.690500
0.690257
0.690522
0.690724
0.690834
0.690627
0.690183
0.690774
0.690547
0.689756
0.690789
0.690278
0.690541
0.690518
0.690165
0.690208
0.691020
0.690169
0.690324
0.690551
0.690451
0.690513
0.690217
0.690387
0.690306
0.689709
0.690598
0.689801
0.690503
0.690501
0.690857
0.689971
0.690332
0.690178
0.690611
0.690312
Training with sequence length 5.
0.690760
0.691524
0.691308
0.690812
0.690078
0.690761
0.690616
0.690831
0.690671
0.690538
0.690494
0.690730
0.690731
0.690885
0.690841
0.690936
0.691025
0.690220
0.690817
0.690165
0.690682
0.690046
0.690710
0.690157
0.690480
0.690327
0.690578
0.690607
0.689986
0.690593
0.690595
0.690683
0.690180
0.690278
0.690557
0.690887
0.690437
0.690312
0.690226
0.690736
0.690347
0.690294
0.690202
0.690777
0.690754
0.690952
0.690071
0.690104
0.690608
0.690987
0.690408
0.689944
0.690042
0.690247
0.690300
0.690275
0.689932
0.689808
0.689434
0.689939
0.690265
0.690410
0.690731
0.690145
0.690339
0.690594
0.690318
0.690744
0.690213
0.689678
0.690469
0.689891
0.690538
0.690222
0.690179
0.690029
Training with sequence length 6.
0.690350
0.692067
0.691903
0.691650
0.691274
0.691287
0.691167
0.690857
0.691057
0.690828
0.691257
0.690710
0.691039
0.690453
0.690840
0.690598
0.691076
0.691135
0.690910
0.690638
0.690175
0.690963
0.690478
0.690735
0.690530
0.690281
0.690073
0.689776
0.690675
0.690797
0.690497
0.690277
0.690723
0.690603
0.690147
0.690240
0.690260
0.690503
0.690590
0.690667
0.690316
0.690007
0.690030
0.690217
0.689770
0.690439
0.690203
0.690423
0.690768
0.690214
0.690641
0.690127
0.690605
0.690340
0.690073
0.690588
0.690541
0.691027
0.690413
0.689460
0.690508
0.689713
0.690677
0.690172
0.689611
0.690017
0.690445
0.690159
0.689801
0.690062
0.689889
0.690612
0.690553
0.690952
0.690350
0.690528
0.689920
0.690603
0.690883
0.690353
