Training with sequence length 2.
345837.875000
111687.906250
86842.375000
81843.046875
70629.437500
70358.375000
68320.390625
68487.585938
69240.578125
73669.453125
72724.625000
70748.179688
69454.632812
69842.859375
72307.218750
68756.507812
68470.296875
69769.234375
69890.546875
69941.625000
68101.515625
68614.953125
65098.011719
69561.000000
69674.453125
69841.039062
67329.437500
66986.156250
70227.789062
68509.039062
64479.238281
67403.468750
67118.093750
68614.914062
67376.203125
67381.906250
69186.562500
67042.343750
69370.531250
72388.906250
67496.421875
69909.242188
69341.507812
66509.085938
68360.242188
70656.234375
63341.714844
66690.023438
66176.109375
65059.492188
69703.945312
67683.445312
68314.015625
68331.687500
68529.000000
68296.593750
65135.812500
70777.546875
68110.437500
67034.218750
67430.156250
68419.703125
66127.593750
67256.093750
67529.671875
67244.945312
68521.820312
67191.898438
71953.304688
71107.929688
66266.421875
67709.046875
68549.437500
68901.585938
67052.515625
69681.820312
68034.171875
65250.894531
66461.570312
69643.031250
65822.171875
64539.281250
67138.750000
65786.984375
67331.187500
67989.578125
64321.453125
71016.703125
67983.546875
71421.414062
65713.406250
68908.093750
64186.878906
66917.093750
68449.148438
67444.703125
65899.453125
68155.000000
67694.968750
65525.828125
67382.453125
67497.507812
67889.937500
63468.476562
69506.726562
68242.171875
69687.250000
70484.796875
67941.421875
67092.648438
66066.703125
66321.109375
67097.812500
66652.468750
68018.437500
68064.015625
65707.718750
67514.218750
67579.593750
66128.562500
65979.671875
69699.750000
65570.093750
66931.187500
67479.421875
66871.656250
67209.546875
67608.304688
67432.875000
68098.015625
66501.656250
68194.859375
66244.828125
68987.859375
67489.742188
69743.085938
64538.808594
66977.070312
65847.679688
66881.281250
68740.078125
67331.703125
68269.164062
67827.539062
66387.804688
68341.500000
68751.945312
69545.671875
68119.960938
67802.117188
68952.109375
68636.453125
66762.875000
67232.390625
69739.531250
68282.562500
64165.828125
67611.281250
66853.023438
65919.585938
67728.453125
69148.734375
66728.875000
67258.593750
69995.109375
66856.671875
69927.289062
69671.257812
66958.125000
68496.953125
65780.843750
67898.382812
65781.375000
65250.718750
69096.093750
65667.500000
66170.640625
67521.000000
69923.867188
65064.773438
69266.726562
67474.515625
68892.859375
67520.687500
66084.453125
68042.453125
64537.554688
69038.328125
67073.109375
64810.332031
65767.703125
66587.171875
67262.546875
68971.617188
66201.210938
65661.515625
66126.210938
67408.968750
65733.375000
67736.179688
66834.437500
65097.414062
66464.093750
66903.515625
64397.937500
65203.480469
69065.125000
65606.062500
66460.664062
67542.835938
70827.531250
68773.062500
66238.148438
65615.757812
64411.605469
67010.390625
68249.781250
68785.859375
66891.671875
64873.414062
67096.476562
69741.359375
68831.890625
66881.140625
67437.062500
Training with sequence length 3.
123972.609375
121249.218750
120928.406250
118567.500000
116706.171875
109918.890625
114170.953125
113540.656250
115428.687500
114045.593750
111701.187500
113870.921875
118300.156250
116494.953125
110539.695312
114476.765625
111105.109375
113453.359375
114368.406250
112991.109375
113158.968750
113626.921875
111587.031250
108941.843750
116923.312500
114824.679688
112340.664062
115076.000000
116743.656250
117935.593750
107731.468750
112276.875000
116923.554688
111985.968750
116966.406250
113497.250000
113910.953125
110580.906250
110021.968750
111265.562500
115308.343750
113129.929688
112705.773438
114550.703125
120937.171875
116773.515625
111132.265625
117619.578125
115623.937500
113297.906250
109519.062500
114399.796875
113459.484375
114575.625000
112695.546875
115316.289062
112030.265625
111981.781250
109166.609375
116188.921875
116110.679688
112627.093750
111611.429688
115420.960938
113217.789062
111890.031250
108347.296875
112777.953125
112891.101562
111535.687500
113412.250000
112652.968750
114478.468750
111502.289062
113282.773438
119216.648438
114842.859375
110422.500000
113433.757812
111683.500000
113055.765625
116109.687500
117716.273438
118770.976562
108309.515625
111273.781250
118843.078125
118200.671875
111058.500000
115185.468750
112861.156250
109731.468750
116007.046875
111301.734375
114627.218750
113881.632812
116540.382812
115384.046875
116149.234375
109297.906250
111900.289062
117431.578125
114038.429688
116855.578125
110154.015625
115418.437500
116592.539062
113473.375000
116513.937500
114226.187500
113782.953125
114585.539062
112734.843750
110687.062500
114826.914062
115107.093750
115959.609375
109057.242188
117507.382812
111200.687500
112657.062500
109940.953125
111223.203125
112674.062500
110980.140625
110656.851562
117070.781250
120469.085938
110671.492188
116795.921875
113054.585938
111929.906250
111349.960938
114566.679688
110815.500000
113315.140625
112582.757812
112564.109375
114511.656250
114277.062500
115229.570312
112953.328125
112806.312500
110812.625000
109818.757812
111733.875000
113568.460938
112747.031250
118591.890625
113168.734375
110656.476562
106499.226562
113287.125000
111021.593750
113560.632812
112252.421875
108565.328125
111823.039062
113957.718750
117419.062500
116994.171875
111907.218750
110560.437500
113694.812500
117673.507812
112560.812500
109625.796875
110606.015625
107380.515625
113425.656250
108149.460938
111443.875000
114233.718750
113033.812500
112355.976562
115026.539062
108367.140625
113433.960938
113208.250000
113672.046875
112546.257812
108300.562500
112608.437500
111937.750000
114030.343750
109042.656250
110710.781250
115656.484375
110705.265625
113422.085938
109670.562500
113569.445312
110735.093750
111068.093750
113577.875000
108770.359375
116212.453125
Training with sequence length 4.
158018.156250
156800.468750
152265.796875
158549.218750
166719.484375
154817.062500
156394.359375
155143.515625
164028.156250
155104.203125
155999.750000
160617.281250
155655.796875
162416.500000
158170.531250
158989.687500
159962.531250
154095.781250
152706.875000
157877.406250
156200.421875
157070.375000
161606.375000
156383.953125
158230.640625
158172.843750
160223.046875
159237.531250
160073.046875
160565.906250
161636.828125
155376.343750
161320.078125
159897.328125
162574.031250
161967.921875
166253.562500
161229.781250
150483.625000
160522.156250
159164.593750
162997.328125
160764.187500
155972.437500
159421.312500
159540.015625
158208.218750
157314.781250
163900.281250
160883.062500
161598.437500
160968.125000
156902.562500
149175.281250
159296.531250
157663.921875
157434.468750
154426.218750
150811.500000
157154.750000
157487.953125
166644.500000
165090.828125
161306.000000
157274.031250
153654.562500
159624.031250
160145.937500
151828.875000
159012.937500
167934.687500
159331.312500
157435.562500
170533.750000
156939.375000
162413.937500
152895.078125
165810.015625
167147.156250
151621.406250
148957.171875
156530.500000
164408.109375
157434.953125
164149.921875
159496.859375
154655.625000
149734.265625
161948.218750
166363.781250
161609.468750
162543.687500
158889.218750
165398.984375
160741.625000
158674.281250
165219.937500
152637.750000
158906.312500
159596.687500
155563.218750
161730.234375
157849.843750
162454.468750
161421.765625
150230.000000
160441.687500
162214.953125
156111.687500
155988.843750
158308.359375
159532.828125
160469.125000
148643.031250
159461.468750
160499.953125
160114.437500
154257.625000
160998.281250
153069.125000
162354.562500
161166.250000
154891.265625
164643.718750
163574.734375
157263.156250
161432.218750
152927.671875
158834.031250
155262.375000
160859.453125
158193.062500
159656.093750
162727.875000
159511.593750
158862.812500
159951.656250
154854.125000
157685.859375
155269.437500
159615.937500
159807.984375
153773.859375
150487.328125
161072.312500
158447.140625
158688.375000
156156.875000
156323.156250
161848.687500
150499.453125
157637.093750
159042.359375
156648.515625
153895.031250
161297.296875
158656.750000
154813.375000
156117.734375
163240.578125
151746.890625
162281.453125
160148.296875
156749.546875
165069.296875
157040.875000
156792.562500
159904.625000
156334.500000
Training with sequence length 5.
211960.000000
199190.187500
206502.875000
203376.890625
197172.937500
205346.515625
206090.734375
210071.625000
209511.687500
213721.062500
192775.359375
193842.765625
212117.593750
210688.312500
204570.468750
203223.890625
210651.250000
195777.828125
193683.187500
199029.718750
203409.875000
209548.296875
202617.515625
206270.562500
204123.593750
208177.453125
201313.968750
200756.250000
202593.203125
205031.484375
209790.265625
208989.562500
206504.875000
208429.156250
204914.375000
206979.765625
208126.562500
204266.437500
202829.812500
206980.453125
208747.765625
201339.984375
205217.437500
202888.468750
207693.078125
199736.406250
204927.000000
207439.984375
204556.156250
209418.921875
193813.187500
205923.984375
210085.375000
205516.421875
210668.343750
196880.796875
215055.250000
198470.531250
204414.093750
195507.578125
199503.843750
202957.000000
201273.031250
203043.031250
204989.781250
201538.156250
208180.250000
206144.796875
213405.156250
211681.578125
207529.406250
196507.937500
203306.781250
199721.843750
206262.718750
200872.937500
201958.375000
200967.906250
204537.671875
208483.937500
199189.968750
206215.000000
205907.015625
204195.953125
202594.906250
201605.265625
207646.906250
202478.562500
195031.218750
205116.843750
207872.671875
205015.125000
205383.281250
203439.578125
204091.062500
210506.484375
206904.375000
201360.093750
202539.687500
205447.062500
204531.625000
210345.015625
203010.296875
205573.000000
206291.265625
209247.265625
204158.250000
199120.468750
206321.468750
206259.734375
207822.078125
203331.562500
203054.437500
210143.093750
202199.921875
203241.000000
204413.562500
206079.468750
203834.093750
206506.750000
200892.718750
212782.640625
213258.093750
204191.125000
209186.156250
203032.500000
206994.437500
202734.546875
205006.562500
204264.937500
200794.468750
199130.281250
210691.312500
196549.859375
210072.562500
207580.562500
207885.031250
210144.250000
197335.500000
206335.625000
205161.812500
Training with sequence length 6.
239945.093750
241952.390625
243451.484375
243094.312500
248198.406250
251630.281250
247499.828125
237845.859375
246719.562500
247541.781250
244966.031250
255810.000000
246356.468750
248214.687500
253110.359375
254171.875000
248526.312500
258797.531250
245222.734375
244440.593750
236926.000000
254399.796875
251478.421875
254022.875000
240771.187500
252955.125000
249091.343750
248883.906250
235528.796875
249342.156250
258418.406250
242994.062500
251278.468750
236254.781250
245245.406250
253417.531250
249834.140625
245600.640625
249368.750000
249812.343750
241791.937500
250686.265625
251627.156250
257296.718750
248800.109375
245671.625000
239072.718750
252102.203125
242949.906250
240711.562500
256044.437500
245375.843750
246486.765625
238974.281250
249203.656250
249108.875000
247512.703125
245802.546875
251527.906250
246392.718750
247450.687500
253628.359375
244586.234375
243649.031250
246838.203125
246329.296875
247567.546875
254922.125000
246771.078125
249896.812500
245159.484375
241588.343750
239408.140625
248556.187500
257996.375000
245454.312500
248179.906250
239582.906250
237720.781250
245711.687500
260347.437500
251951.468750
245779.109375
237858.718750
242832.437500
244373.109375
252121.125000
243760.796875
242956.937500
243013.125000
245569.234375
253432.312500
238892.093750
245654.625000
250129.812500
246596.953125
252790.062500
251643.562500
255613.109375
244631.984375
240072.609375
245290.250000
253145.031250
244515.062500
257072.593750
241874.609375
246991.125000
244404.562500
234568.484375
253144.140625
246694.390625
235156.843750
249513.281250
Training with sequence length 7.
290897.250000
301023.093750
284885.000000
298332.125000
279513.656250
280090.656250
279384.187500
280326.000000
283422.875000
290434.000000
289971.781250
291384.812500
292218.812500
291272.312500
287572.468750
284414.875000
284889.718750
281054.125000
286127.218750
295501.437500
283035.187500
281996.125000
288477.625000
301031.062500
294038.687500
277558.125000
280944.375000
290450.625000
289151.375000
285178.750000
288101.781250
293525.562500
279515.250000
281194.187500
281338.500000
303379.437500
279179.750000
284232.375000
292493.250000
288236.125000
282650.156250
289741.312500
282831.625000
293276.500000
279831.156250
289881.812500
288167.750000
288685.656250
296850.375000
280116.812500
284212.062500
273894.000000
289242.000000
285884.187500
280029.187500
298930.187500
296538.312500
296213.187500
284983.687500
297652.781250
282118.156250
300876.531250
276025.125000
287613.125000
283912.187500
292410.250000
284784.750000
292933.093750
292399.281250
288996.781250
287607.468750
294775.187500
308317.062500
286108.437500
295272.687500
285775.000000
295240.562500
286121.656250
296067.781250
285180.437500
274225.781250
277712.500000
286694.875000
283065.875000
288793.625000
Training with sequence length 8.
323505.375000
314887.250000
322607.875000
332754.250000
336584.687500
330043.125000
330338.843750
326094.687500
338962.187500
331778.437500
329821.562500
321528.875000
331853.093750
339182.625000
323626.250000
324796.031250
323992.375000
323603.312500
333662.906250
344806.718750
329840.875000
323708.312500
330651.093750
327097.437500
330661.750000
334245.937500
336883.125000
336331.718750
341160.500000
333377.875000
340395.000000
342752.562500
323904.250000
330767.843750
328481.187500
335838.500000
324058.750000
334906.968750
330673.312500
342696.781250
331197.875000
330667.937500
319331.000000
326224.343750
330133.937500
331108.250000
324738.687500
317008.343750
337950.031250
324781.750000
333559.000000
335414.562500
333759.156250
332918.625000
326122.593750
323022.875000
323178.000000
Training with sequence length 9.
370083.750000
357032.625000
382217.593750
367310.750000
377474.312500
377088.062500
360699.187500
369314.968750
370331.875000
375802.218750
367964.375000
373100.875000
384336.375000
373511.718750
380500.625000
367302.062500
379584.250000
372141.187500
379544.500000
365442.562500
365454.187500
368459.875000
374890.156250
377084.562500
369510.500000
364835.531250
367621.031250
369276.062500
365949.562500
